2022-12-03 16:23:52,103 ----------------------------------------------------------------------------------------------------
2022-12-03 16:23:52,106 Model: "SequenceTagger(
  (embeddings): StackedEmbeddings(
    (list_embedding_0): WordEmbeddings(
      'glove'
      (embedding): Embedding(400001, 100)
    )
    (list_embedding_1): FlairEmbeddings(
      (lm): LanguageModel(
        (drop): Dropout(p=0.05, inplace=False)
        (encoder): Embedding(300, 100)
        (rnn): LSTM(100, 2048)
        (decoder): Linear(in_features=2048, out_features=300, bias=True)
      )
    )
    (list_embedding_2): FlairEmbeddings(
      (lm): LanguageModel(
        (drop): Dropout(p=0.05, inplace=False)
        (encoder): Embedding(300, 100)
        (rnn): LSTM(100, 2048)
        (decoder): Linear(in_features=2048, out_features=300, bias=True)
      )
    )
  )
  (word_dropout): WordDropout(p=0.05)
  (locked_dropout): LockedDropout(p=0.5)
  (embedding2nn): Linear(in_features=4196, out_features=4196, bias=True)
  (rnn): LSTM(4196, 256, batch_first=True, bidirectional=True)
  (linear): Linear(in_features=512, out_features=35, bias=True)
  (loss_function): ViterbiLoss()
  (crf): CRF()
)"
2022-12-03 16:23:52,108 ----------------------------------------------------------------------------------------------------
2022-12-03 16:23:52,111 Corpus: "Corpus: 4291 train + 4778 dev + 477 test sentences"
2022-12-03 16:23:52,113 ----------------------------------------------------------------------------------------------------
2022-12-03 16:23:52,114 Parameters:
2022-12-03 16:23:52,116  - learning_rate: "0.100000"
2022-12-03 16:23:52,117  - mini_batch_size: "32"
2022-12-03 16:23:52,118  - patience: "3"
2022-12-03 16:23:52,120  - anneal_factor: "0.5"
2022-12-03 16:23:52,137  - max_epochs: "100"
2022-12-03 16:23:52,138  - shuffle: "True"
2022-12-03 16:23:52,141  - train_with_dev: "False"
2022-12-03 16:23:52,142  - batch_growth_annealing: "False"
2022-12-03 16:23:52,143 ----------------------------------------------------------------------------------------------------
2022-12-03 16:23:52,145 Model training base path: "ner_03_results"
2022-12-03 16:23:52,146 ----------------------------------------------------------------------------------------------------
2022-12-03 16:23:52,147 Device: cuda:0
2022-12-03 16:23:52,150 ----------------------------------------------------------------------------------------------------
2022-12-03 16:23:52,152 Embeddings storage mode: cpu
2022-12-03 16:23:52,154 ----------------------------------------------------------------------------------------------------
2022-12-03 16:23:53,676 epoch 1 - iter 13/135 - loss 1.79562708 - samples/sec: 273.82 - lr: 0.100000
2022-12-03 16:23:55,098 epoch 1 - iter 26/135 - loss 1.29404665 - samples/sec: 297.43 - lr: 0.100000
2022-12-03 16:23:56,534 epoch 1 - iter 39/135 - loss 1.09698286 - samples/sec: 293.77 - lr: 0.100000
2022-12-03 16:23:57,924 epoch 1 - iter 52/135 - loss 0.98349780 - samples/sec: 303.87 - lr: 0.100000
2022-12-03 16:23:59,301 epoch 1 - iter 65/135 - loss 0.89550274 - samples/sec: 306.97 - lr: 0.100000
2022-12-03 16:24:03,168 epoch 1 - iter 78/135 - loss 0.82444997 - samples/sec: 108.18 - lr: 0.100000
2022-12-03 16:24:08,379 epoch 1 - iter 91/135 - loss 0.76810360 - samples/sec: 80.43 - lr: 0.100000
2022-12-03 16:24:13,174 epoch 1 - iter 104/135 - loss 0.72499769 - samples/sec: 87.36 - lr: 0.100000
2022-12-03 16:24:18,020 epoch 1 - iter 117/135 - loss 0.68683064 - samples/sec: 86.24 - lr: 0.100000
2022-12-03 16:24:22,818 epoch 1 - iter 130/135 - loss 0.65192834 - samples/sec: 87.09 - lr: 0.100000
2022-12-03 16:24:24,412 ----------------------------------------------------------------------------------------------------
2022-12-03 16:24:24,414 EPOCH 1 done: loss 0.6430 - lr 0.100000
2022-12-03 16:25:30,039 Evaluating as a multi-label problem: False
2022-12-03 16:25:30,143 DEV : loss 0.29063940048217773 - f1-score (micro avg)  0.6454
2022-12-03 16:25:30,625 BAD EPOCHS (no improvement): 0
2022-12-03 16:25:30,632 saving best model
2022-12-03 16:25:32,661 ----------------------------------------------------------------------------------------------------
2022-12-03 16:25:34,240 epoch 2 - iter 13/135 - loss 0.30212135 - samples/sec: 270.24 - lr: 0.100000
2022-12-03 16:25:35,636 epoch 2 - iter 26/135 - loss 0.29907757 - samples/sec: 302.52 - lr: 0.100000
2022-12-03 16:25:37,060 epoch 2 - iter 39/135 - loss 0.29006519 - samples/sec: 296.36 - lr: 0.100000
2022-12-03 16:25:38,475 epoch 2 - iter 52/135 - loss 0.29193205 - samples/sec: 298.40 - lr: 0.100000
2022-12-03 16:25:39,955 epoch 2 - iter 65/135 - loss 0.28470171 - samples/sec: 286.00 - lr: 0.100000
2022-12-03 16:25:41,427 epoch 2 - iter 78/135 - loss 0.27839673 - samples/sec: 286.76 - lr: 0.100000
2022-12-03 16:25:42,895 epoch 2 - iter 91/135 - loss 0.27857954 - samples/sec: 288.05 - lr: 0.100000
2022-12-03 16:25:44,342 epoch 2 - iter 104/135 - loss 0.27453160 - samples/sec: 291.66 - lr: 0.100000
2022-12-03 16:25:45,808 epoch 2 - iter 117/135 - loss 0.27021622 - samples/sec: 287.92 - lr: 0.100000
2022-12-03 16:25:47,301 epoch 2 - iter 130/135 - loss 0.26593059 - samples/sec: 282.59 - lr: 0.100000
2022-12-03 16:25:47,803 ----------------------------------------------------------------------------------------------------
2022-12-03 16:25:47,805 EPOCH 2 done: loss 0.2646 - lr 0.100000
2022-12-03 16:26:11,920 Evaluating as a multi-label problem: False
2022-12-03 16:26:12,023 DEV : loss 0.19056494534015656 - f1-score (micro avg)  0.757
2022-12-03 16:26:12,486 BAD EPOCHS (no improvement): 0
2022-12-03 16:26:12,491 saving best model
2022-12-03 16:26:14,485 ----------------------------------------------------------------------------------------------------
2022-12-03 16:26:16,036 epoch 3 - iter 13/135 - loss 0.22600266 - samples/sec: 268.99 - lr: 0.100000
2022-12-03 16:26:17,493 epoch 3 - iter 26/135 - loss 0.22135304 - samples/sec: 289.92 - lr: 0.100000
2022-12-03 16:26:18,969 epoch 3 - iter 39/135 - loss 0.21660412 - samples/sec: 286.50 - lr: 0.100000
2022-12-03 16:26:20,421 epoch 3 - iter 52/135 - loss 0.22302461 - samples/sec: 290.88 - lr: 0.100000
2022-12-03 16:26:21,852 epoch 3 - iter 65/135 - loss 0.21840016 - samples/sec: 295.65 - lr: 0.100000
2022-12-03 16:26:23,327 epoch 3 - iter 78/135 - loss 0.21712384 - samples/sec: 286.00 - lr: 0.100000
2022-12-03 16:26:24,739 epoch 3 - iter 91/135 - loss 0.21619447 - samples/sec: 299.52 - lr: 0.100000
2022-12-03 16:26:26,226 epoch 3 - iter 104/135 - loss 0.21571249 - samples/sec: 284.01 - lr: 0.100000
2022-12-03 16:26:27,636 epoch 3 - iter 117/135 - loss 0.21657437 - samples/sec: 299.63 - lr: 0.100000
2022-12-03 16:26:29,110 epoch 3 - iter 130/135 - loss 0.21600888 - samples/sec: 286.48 - lr: 0.100000
2022-12-03 16:26:29,644 ----------------------------------------------------------------------------------------------------
2022-12-03 16:26:29,646 EPOCH 3 done: loss 0.2147 - lr 0.100000
2022-12-03 16:26:53,656 Evaluating as a multi-label problem: False
2022-12-03 16:26:53,757 DEV : loss 0.1602565050125122 - f1-score (micro avg)  0.7769
2022-12-03 16:26:54,237 BAD EPOCHS (no improvement): 0
2022-12-03 16:26:54,239 saving best model
2022-12-03 16:26:56,245 ----------------------------------------------------------------------------------------------------
2022-12-03 16:26:57,823 epoch 4 - iter 13/135 - loss 0.17147688 - samples/sec: 264.27 - lr: 0.100000
2022-12-03 16:26:59,258 epoch 4 - iter 26/135 - loss 0.18234842 - samples/sec: 294.32 - lr: 0.100000
2022-12-03 16:27:00,731 epoch 4 - iter 39/135 - loss 0.18181830 - samples/sec: 286.42 - lr: 0.100000
2022-12-03 16:27:02,101 epoch 4 - iter 52/135 - loss 0.18276930 - samples/sec: 308.74 - lr: 0.100000
2022-12-03 16:27:03,561 epoch 4 - iter 65/135 - loss 0.18325213 - samples/sec: 289.13 - lr: 0.100000
2022-12-03 16:27:05,026 epoch 4 - iter 78/135 - loss 0.18605564 - samples/sec: 288.13 - lr: 0.100000
2022-12-03 16:27:06,506 epoch 4 - iter 91/135 - loss 0.18810259 - samples/sec: 285.19 - lr: 0.100000
2022-12-03 16:27:07,982 epoch 4 - iter 104/135 - loss 0.18890428 - samples/sec: 286.06 - lr: 0.100000
2022-12-03 16:27:09,469 epoch 4 - iter 117/135 - loss 0.18694087 - samples/sec: 283.89 - lr: 0.100000
2022-12-03 16:27:10,877 epoch 4 - iter 130/135 - loss 0.18471541 - samples/sec: 300.27 - lr: 0.100000
2022-12-03 16:27:11,358 ----------------------------------------------------------------------------------------------------
2022-12-03 16:27:11,359 EPOCH 4 done: loss 0.1853 - lr 0.100000
2022-12-03 16:27:35,495 Evaluating as a multi-label problem: False
2022-12-03 16:27:35,595 DEV : loss 0.13870877027511597 - f1-score (micro avg)  0.7843
2022-12-03 16:27:36,074 BAD EPOCHS (no improvement): 0
2022-12-03 16:27:36,076 saving best model
2022-12-03 16:27:38,092 ----------------------------------------------------------------------------------------------------
2022-12-03 16:27:39,666 epoch 5 - iter 13/135 - loss 0.17216545 - samples/sec: 265.10 - lr: 0.100000
2022-12-03 16:27:41,100 epoch 5 - iter 26/135 - loss 0.16631503 - samples/sec: 294.55 - lr: 0.100000
2022-12-03 16:27:42,578 epoch 5 - iter 39/135 - loss 0.17123618 - samples/sec: 287.92 - lr: 0.100000
2022-12-03 16:27:44,034 epoch 5 - iter 52/135 - loss 0.17303481 - samples/sec: 289.86 - lr: 0.100000
2022-12-03 16:27:45,464 epoch 5 - iter 65/135 - loss 0.17167622 - samples/sec: 295.19 - lr: 0.100000
2022-12-03 16:27:46,897 epoch 5 - iter 78/135 - loss 0.16874934 - samples/sec: 295.69 - lr: 0.100000
2022-12-03 16:27:48,381 epoch 5 - iter 91/135 - loss 0.17092601 - samples/sec: 285.13 - lr: 0.100000
2022-12-03 16:27:49,821 epoch 5 - iter 104/135 - loss 0.17065174 - samples/sec: 293.39 - lr: 0.100000
2022-12-03 16:27:51,297 epoch 5 - iter 117/135 - loss 0.16747132 - samples/sec: 286.03 - lr: 0.100000
2022-12-03 16:27:52,842 epoch 5 - iter 130/135 - loss 0.16658963 - samples/sec: 273.16 - lr: 0.100000
2022-12-03 16:27:53,309 ----------------------------------------------------------------------------------------------------
2022-12-03 16:27:53,311 EPOCH 5 done: loss 0.1672 - lr 0.100000
2022-12-03 16:28:17,028 Evaluating as a multi-label problem: False
2022-12-03 16:28:17,175 DEV : loss 0.1347608119249344 - f1-score (micro avg)  0.7894
2022-12-03 16:28:17,994 BAD EPOCHS (no improvement): 0
2022-12-03 16:28:17,996 saving best model
2022-12-03 16:28:20,003 ----------------------------------------------------------------------------------------------------
2022-12-03 16:28:21,624 epoch 6 - iter 13/135 - loss 0.15478394 - samples/sec: 257.68 - lr: 0.100000
2022-12-03 16:28:23,098 epoch 6 - iter 26/135 - loss 0.15565079 - samples/sec: 286.42 - lr: 0.100000
2022-12-03 16:28:24,527 epoch 6 - iter 39/135 - loss 0.15588995 - samples/sec: 295.69 - lr: 0.100000
2022-12-03 16:28:25,931 epoch 6 - iter 52/135 - loss 0.15434147 - samples/sec: 300.97 - lr: 0.100000
2022-12-03 16:28:27,390 epoch 6 - iter 65/135 - loss 0.15363110 - samples/sec: 289.65 - lr: 0.100000
2022-12-03 16:28:28,875 epoch 6 - iter 78/135 - loss 0.15334453 - samples/sec: 284.06 - lr: 0.100000
2022-12-03 16:28:30,347 epoch 6 - iter 91/135 - loss 0.15454810 - samples/sec: 286.72 - lr: 0.100000
2022-12-03 16:28:31,817 epoch 6 - iter 104/135 - loss 0.15584066 - samples/sec: 287.28 - lr: 0.100000
2022-12-03 16:28:33,296 epoch 6 - iter 117/135 - loss 0.15632618 - samples/sec: 285.50 - lr: 0.100000
2022-12-03 16:28:34,763 epoch 6 - iter 130/135 - loss 0.15581049 - samples/sec: 287.98 - lr: 0.100000
2022-12-03 16:28:35,251 ----------------------------------------------------------------------------------------------------
2022-12-03 16:28:35,252 EPOCH 6 done: loss 0.1555 - lr 0.100000
2022-12-03 16:28:59,356 Evaluating as a multi-label problem: False
2022-12-03 16:28:59,459 DEV : loss 0.13658244907855988 - f1-score (micro avg)  0.7799
2022-12-03 16:28:59,929 BAD EPOCHS (no improvement): 1
2022-12-03 16:28:59,930 ----------------------------------------------------------------------------------------------------
2022-12-03 16:29:01,522 epoch 7 - iter 13/135 - loss 0.15569999 - samples/sec: 262.46 - lr: 0.100000
2022-12-03 16:29:03,000 epoch 7 - iter 26/135 - loss 0.15058171 - samples/sec: 285.75 - lr: 0.100000
2022-12-03 16:29:04,418 epoch 7 - iter 39/135 - loss 0.14240832 - samples/sec: 297.76 - lr: 0.100000
2022-12-03 16:29:05,881 epoch 7 - iter 52/135 - loss 0.14292328 - samples/sec: 290.16 - lr: 0.100000
2022-12-03 16:29:07,335 epoch 7 - iter 65/135 - loss 0.14123527 - samples/sec: 290.46 - lr: 0.100000
2022-12-03 16:29:08,843 epoch 7 - iter 78/135 - loss 0.14209178 - samples/sec: 280.21 - lr: 0.100000
2022-12-03 16:29:10,399 epoch 7 - iter 91/135 - loss 0.14378936 - samples/sec: 271.03 - lr: 0.100000
2022-12-03 16:29:11,871 epoch 7 - iter 104/135 - loss 0.14411083 - samples/sec: 286.95 - lr: 0.100000
2022-12-03 16:29:13,315 epoch 7 - iter 117/135 - loss 0.14424820 - samples/sec: 292.34 - lr: 0.100000
2022-12-03 16:29:14,724 epoch 7 - iter 130/135 - loss 0.14497587 - samples/sec: 299.82 - lr: 0.100000
2022-12-03 16:29:15,212 ----------------------------------------------------------------------------------------------------
2022-12-03 16:29:15,213 EPOCH 7 done: loss 0.1453 - lr 0.100000
2022-12-03 16:29:39,391 Evaluating as a multi-label problem: False
2022-12-03 16:29:39,486 DEV : loss 0.1197860836982727 - f1-score (micro avg)  0.8005
2022-12-03 16:29:39,962 BAD EPOCHS (no improvement): 0
2022-12-03 16:29:39,964 saving best model
2022-12-03 16:29:41,978 ----------------------------------------------------------------------------------------------------
2022-12-03 16:29:43,556 epoch 8 - iter 13/135 - loss 0.14405111 - samples/sec: 264.86 - lr: 0.100000
2022-12-03 16:29:45,018 epoch 8 - iter 26/135 - loss 0.14012081 - samples/sec: 288.74 - lr: 0.100000
2022-12-03 16:29:46,504 epoch 8 - iter 39/135 - loss 0.13998912 - samples/sec: 284.00 - lr: 0.100000
2022-12-03 16:29:47,931 epoch 8 - iter 52/135 - loss 0.13823685 - samples/sec: 296.01 - lr: 0.100000
2022-12-03 16:29:49,387 epoch 8 - iter 65/135 - loss 0.13366721 - samples/sec: 289.81 - lr: 0.100000
2022-12-03 16:29:50,867 epoch 8 - iter 78/135 - loss 0.13317183 - samples/sec: 285.65 - lr: 0.100000
2022-12-03 16:29:52,302 epoch 8 - iter 91/135 - loss 0.13658871 - samples/sec: 294.91 - lr: 0.100000
2022-12-03 16:29:53,716 epoch 8 - iter 104/135 - loss 0.13648302 - samples/sec: 298.67 - lr: 0.100000
2022-12-03 16:29:55,161 epoch 8 - iter 117/135 - loss 0.13566341 - samples/sec: 292.00 - lr: 0.100000
2022-12-03 16:29:56,606 epoch 8 - iter 130/135 - loss 0.13583651 - samples/sec: 292.75 - lr: 0.100000
2022-12-03 16:29:57,087 ----------------------------------------------------------------------------------------------------
2022-12-03 16:29:57,089 EPOCH 8 done: loss 0.1357 - lr 0.100000
2022-12-03 16:30:21,548 Evaluating as a multi-label problem: False
2022-12-03 16:30:21,667 DEV : loss 0.12232431769371033 - f1-score (micro avg)  0.784
2022-12-03 16:30:22,139 BAD EPOCHS (no improvement): 1
2022-12-03 16:30:22,141 ----------------------------------------------------------------------------------------------------
2022-12-03 16:30:23,750 epoch 9 - iter 13/135 - loss 0.12620453 - samples/sec: 259.76 - lr: 0.100000
2022-12-03 16:30:25,252 epoch 9 - iter 26/135 - loss 0.12089287 - samples/sec: 281.44 - lr: 0.100000
2022-12-03 16:30:26,737 epoch 9 - iter 39/135 - loss 0.12625686 - samples/sec: 284.53 - lr: 0.100000
2022-12-03 16:30:28,172 epoch 9 - iter 52/135 - loss 0.12857164 - samples/sec: 294.57 - lr: 0.100000
2022-12-03 16:30:29,644 epoch 9 - iter 65/135 - loss 0.12819582 - samples/sec: 287.05 - lr: 0.100000
2022-12-03 16:30:31,073 epoch 9 - iter 78/135 - loss 0.12920458 - samples/sec: 296.46 - lr: 0.100000
2022-12-03 16:30:32,498 epoch 9 - iter 91/135 - loss 0.12779861 - samples/sec: 296.19 - lr: 0.100000
2022-12-03 16:30:33,981 epoch 9 - iter 104/135 - loss 0.12679502 - samples/sec: 284.43 - lr: 0.100000
2022-12-03 16:30:35,507 epoch 9 - iter 117/135 - loss 0.12835357 - samples/sec: 276.47 - lr: 0.100000
2022-12-03 16:30:36,977 epoch 9 - iter 130/135 - loss 0.12838354 - samples/sec: 287.32 - lr: 0.100000
2022-12-03 16:30:37,482 ----------------------------------------------------------------------------------------------------
2022-12-03 16:30:37,484 EPOCH 9 done: loss 0.1287 - lr 0.100000
2022-12-03 16:31:01,590 Evaluating as a multi-label problem: False
2022-12-03 16:31:01,699 DEV : loss 0.12458842992782593 - f1-score (micro avg)  0.7926
2022-12-03 16:31:02,154 BAD EPOCHS (no improvement): 2
2022-12-03 16:31:02,158 ----------------------------------------------------------------------------------------------------
2022-12-03 16:31:03,744 epoch 10 - iter 13/135 - loss 0.13162624 - samples/sec: 263.31 - lr: 0.100000
2022-12-03 16:31:05,141 epoch 10 - iter 26/135 - loss 0.12874596 - samples/sec: 302.35 - lr: 0.100000
2022-12-03 16:31:06,610 epoch 10 - iter 39/135 - loss 0.13017178 - samples/sec: 288.91 - lr: 0.100000
2022-12-03 16:31:08,126 epoch 10 - iter 52/135 - loss 0.13029587 - samples/sec: 278.43 - lr: 0.100000
2022-12-03 16:31:09,542 epoch 10 - iter 65/135 - loss 0.12964108 - samples/sec: 298.72 - lr: 0.100000
2022-12-03 16:31:11,025 epoch 10 - iter 78/135 - loss 0.12685437 - samples/sec: 284.94 - lr: 0.100000
2022-12-03 16:31:12,494 epoch 10 - iter 91/135 - loss 0.12530220 - samples/sec: 287.25 - lr: 0.100000
2022-12-03 16:31:13,965 epoch 10 - iter 104/135 - loss 0.12470797 - samples/sec: 286.88 - lr: 0.100000
2022-12-03 16:31:15,478 epoch 10 - iter 117/135 - loss 0.12419978 - samples/sec: 279.00 - lr: 0.100000
2022-12-03 16:31:16,926 epoch 10 - iter 130/135 - loss 0.12296018 - samples/sec: 291.86 - lr: 0.100000
2022-12-03 16:31:17,413 ----------------------------------------------------------------------------------------------------
2022-12-03 16:31:17,414 EPOCH 10 done: loss 0.1227 - lr 0.100000
2022-12-03 16:31:41,732 Evaluating as a multi-label problem: False
2022-12-03 16:31:41,836 DEV : loss 0.11177538335323334 - f1-score (micro avg)  0.8068
2022-12-03 16:31:42,292 BAD EPOCHS (no improvement): 0
2022-12-03 16:31:42,294 saving best model
2022-12-03 16:31:44,315 ----------------------------------------------------------------------------------------------------
2022-12-03 16:31:45,974 epoch 11 - iter 13/135 - loss 0.11622322 - samples/sec: 251.58 - lr: 0.100000
2022-12-03 16:31:47,433 epoch 11 - iter 26/135 - loss 0.11179164 - samples/sec: 289.66 - lr: 0.100000
2022-12-03 16:31:48,834 epoch 11 - iter 39/135 - loss 0.11130583 - samples/sec: 302.15 - lr: 0.100000
2022-12-03 16:31:50,296 epoch 11 - iter 52/135 - loss 0.11347526 - samples/sec: 288.74 - lr: 0.100000
2022-12-03 16:31:51,719 epoch 11 - iter 65/135 - loss 0.11660775 - samples/sec: 296.95 - lr: 0.100000
2022-12-03 16:31:53,216 epoch 11 - iter 78/135 - loss 0.11560311 - samples/sec: 281.95 - lr: 0.100000
2022-12-03 16:31:54,647 epoch 11 - iter 91/135 - loss 0.11824102 - samples/sec: 295.09 - lr: 0.100000
2022-12-03 16:31:56,145 epoch 11 - iter 104/135 - loss 0.11855996 - samples/sec: 282.00 - lr: 0.100000
2022-12-03 16:31:57,567 epoch 11 - iter 117/135 - loss 0.11797318 - samples/sec: 297.00 - lr: 0.100000
2022-12-03 16:31:59,040 epoch 11 - iter 130/135 - loss 0.11824530 - samples/sec: 286.46 - lr: 0.100000
2022-12-03 16:31:59,515 ----------------------------------------------------------------------------------------------------
2022-12-03 16:31:59,518 EPOCH 11 done: loss 0.1178 - lr 0.100000
2022-12-03 16:32:25,163 Evaluating as a multi-label problem: False
2022-12-03 16:32:25,285 DEV : loss 0.11426805704832077 - f1-score (micro avg)  0.8016
2022-12-03 16:32:25,980 BAD EPOCHS (no improvement): 1
2022-12-03 16:32:25,983 ----------------------------------------------------------------------------------------------------
2022-12-03 16:32:29,015 epoch 12 - iter 13/135 - loss 0.10521425 - samples/sec: 137.80 - lr: 0.100000
2022-12-03 16:32:31,044 epoch 12 - iter 26/135 - loss 0.10067969 - samples/sec: 207.21 - lr: 0.100000
2022-12-03 16:32:32,960 epoch 12 - iter 39/135 - loss 0.10809623 - samples/sec: 221.90 - lr: 0.100000
2022-12-03 16:32:34,486 epoch 12 - iter 52/135 - loss 0.10983886 - samples/sec: 276.61 - lr: 0.100000
2022-12-03 16:32:36,270 epoch 12 - iter 65/135 - loss 0.11281141 - samples/sec: 235.93 - lr: 0.100000
2022-12-03 16:32:38,310 epoch 12 - iter 78/135 - loss 0.11213180 - samples/sec: 214.45 - lr: 0.100000
2022-12-03 16:32:40,157 epoch 12 - iter 91/135 - loss 0.11315933 - samples/sec: 227.77 - lr: 0.100000
2022-12-03 16:32:41,681 epoch 12 - iter 104/135 - loss 0.11378665 - samples/sec: 276.84 - lr: 0.100000
2022-12-03 16:32:43,522 epoch 12 - iter 117/135 - loss 0.11307470 - samples/sec: 233.35 - lr: 0.100000
2022-12-03 16:32:45,326 epoch 12 - iter 130/135 - loss 0.11236186 - samples/sec: 236.26 - lr: 0.100000
2022-12-03 16:32:45,893 ----------------------------------------------------------------------------------------------------
2022-12-03 16:32:45,895 EPOCH 12 done: loss 0.1125 - lr 0.100000
2022-12-03 16:33:08,857 Evaluating as a multi-label problem: False
2022-12-03 16:33:08,957 DEV : loss 0.10896037518978119 - f1-score (micro avg)  0.8061
2022-12-03 16:33:09,430 BAD EPOCHS (no improvement): 2
2022-12-03 16:33:09,432 ----------------------------------------------------------------------------------------------------
2022-12-03 16:33:10,999 epoch 13 - iter 13/135 - loss 0.09685331 - samples/sec: 266.17 - lr: 0.100000
2022-12-03 16:33:12,461 epoch 13 - iter 26/135 - loss 0.09739115 - samples/sec: 289.02 - lr: 0.100000
2022-12-03 16:33:13,934 epoch 13 - iter 39/135 - loss 0.10257530 - samples/sec: 286.64 - lr: 0.100000
2022-12-03 16:33:15,432 epoch 13 - iter 52/135 - loss 0.10851184 - samples/sec: 281.92 - lr: 0.100000
2022-12-03 16:33:16,882 epoch 13 - iter 65/135 - loss 0.10836737 - samples/sec: 291.31 - lr: 0.100000
2022-12-03 16:33:18,330 epoch 13 - iter 78/135 - loss 0.10997105 - samples/sec: 291.66 - lr: 0.100000
2022-12-03 16:33:19,758 epoch 13 - iter 91/135 - loss 0.11052392 - samples/sec: 296.07 - lr: 0.100000
2022-12-03 16:33:21,185 epoch 13 - iter 104/135 - loss 0.11020445 - samples/sec: 296.50 - lr: 0.100000
2022-12-03 16:33:22,642 epoch 13 - iter 117/135 - loss 0.11005832 - samples/sec: 290.27 - lr: 0.100000
2022-12-03 16:33:24,153 epoch 13 - iter 130/135 - loss 0.11003237 - samples/sec: 279.30 - lr: 0.100000
2022-12-03 16:33:24,662 ----------------------------------------------------------------------------------------------------
2022-12-03 16:33:24,664 EPOCH 13 done: loss 0.1101 - lr 0.100000
2022-12-03 16:33:48,967 Evaluating as a multi-label problem: False
2022-12-03 16:33:49,077 DEV : loss 0.10270203649997711 - f1-score (micro avg)  0.8123
2022-12-03 16:33:49,538 BAD EPOCHS (no improvement): 0
2022-12-03 16:33:49,541 saving best model
2022-12-03 16:33:52,021 ----------------------------------------------------------------------------------------------------
2022-12-03 16:33:53,604 epoch 14 - iter 13/135 - loss 0.11549393 - samples/sec: 264.20 - lr: 0.100000
2022-12-03 16:33:55,060 epoch 14 - iter 26/135 - loss 0.10685850 - samples/sec: 290.07 - lr: 0.100000
2022-12-03 16:33:56,439 epoch 14 - iter 39/135 - loss 0.10331429 - samples/sec: 306.14 - lr: 0.100000
2022-12-03 16:33:57,851 epoch 14 - iter 52/135 - loss 0.10531224 - samples/sec: 299.22 - lr: 0.100000
2022-12-03 16:33:59,322 epoch 14 - iter 65/135 - loss 0.10459117 - samples/sec: 286.92 - lr: 0.100000
2022-12-03 16:34:01,102 epoch 14 - iter 78/135 - loss 0.10600411 - samples/sec: 236.76 - lr: 0.100000
2022-12-03 16:34:02,642 epoch 14 - iter 91/135 - loss 0.10627886 - samples/sec: 274.01 - lr: 0.100000
2022-12-03 16:34:04,080 epoch 14 - iter 104/135 - loss 0.10633749 - samples/sec: 293.53 - lr: 0.100000
2022-12-03 16:34:05,542 epoch 14 - iter 117/135 - loss 0.10673615 - samples/sec: 288.82 - lr: 0.100000
2022-12-03 16:34:07,042 epoch 14 - iter 130/135 - loss 0.10635230 - samples/sec: 281.13 - lr: 0.100000
2022-12-03 16:34:07,563 ----------------------------------------------------------------------------------------------------
2022-12-03 16:34:07,564 EPOCH 14 done: loss 0.1065 - lr 0.100000
2022-12-03 16:34:34,083 Evaluating as a multi-label problem: False
2022-12-03 16:34:34,183 DEV : loss 0.1030087098479271 - f1-score (micro avg)  0.8061
2022-12-03 16:34:34,638 BAD EPOCHS (no improvement): 1
2022-12-03 16:34:34,639 ----------------------------------------------------------------------------------------------------
2022-12-03 16:34:36,206 epoch 15 - iter 13/135 - loss 0.10004629 - samples/sec: 266.83 - lr: 0.100000
2022-12-03 16:34:37,696 epoch 15 - iter 26/135 - loss 0.10337121 - samples/sec: 283.29 - lr: 0.100000
2022-12-03 16:34:39,167 epoch 15 - iter 39/135 - loss 0.10027504 - samples/sec: 287.02 - lr: 0.100000
2022-12-03 16:34:40,566 epoch 15 - iter 52/135 - loss 0.10065526 - samples/sec: 302.00 - lr: 0.100000
2022-12-03 16:34:41,947 epoch 15 - iter 65/135 - loss 0.10056995 - samples/sec: 306.00 - lr: 0.100000
2022-12-03 16:34:43,423 epoch 15 - iter 78/135 - loss 0.10272826 - samples/sec: 286.16 - lr: 0.100000
2022-12-03 16:34:44,819 epoch 15 - iter 91/135 - loss 0.10257252 - samples/sec: 302.63 - lr: 0.100000
2022-12-03 16:34:46,320 epoch 15 - iter 104/135 - loss 0.10288098 - samples/sec: 281.18 - lr: 0.100000
2022-12-03 16:34:47,733 epoch 15 - iter 117/135 - loss 0.10267598 - samples/sec: 299.01 - lr: 0.100000
2022-12-03 16:34:49,181 epoch 15 - iter 130/135 - loss 0.10216573 - samples/sec: 291.66 - lr: 0.100000
2022-12-03 16:34:49,697 ----------------------------------------------------------------------------------------------------
2022-12-03 16:34:49,699 EPOCH 15 done: loss 0.1018 - lr 0.100000
2022-12-03 16:35:13,954 Evaluating as a multi-label problem: False
2022-12-03 16:35:14,057 DEV : loss 0.09940093755722046 - f1-score (micro avg)  0.8154
2022-12-03 16:35:14,519 BAD EPOCHS (no improvement): 0
2022-12-03 16:35:14,522 saving best model
2022-12-03 16:35:16,556 ----------------------------------------------------------------------------------------------------
2022-12-03 16:35:18,147 epoch 16 - iter 13/135 - loss 0.09888518 - samples/sec: 263.76 - lr: 0.100000
2022-12-03 16:35:19,611 epoch 16 - iter 26/135 - loss 0.09619191 - samples/sec: 288.39 - lr: 0.100000
2022-12-03 16:35:21,063 epoch 16 - iter 39/135 - loss 0.09856489 - samples/sec: 291.60 - lr: 0.100000
2022-12-03 16:35:22,527 epoch 16 - iter 52/135 - loss 0.09628791 - samples/sec: 288.45 - lr: 0.100000
2022-12-03 16:35:23,954 epoch 16 - iter 65/135 - loss 0.09725608 - samples/sec: 296.09 - lr: 0.100000
2022-12-03 16:35:25,425 epoch 16 - iter 78/135 - loss 0.09705391 - samples/sec: 286.96 - lr: 0.100000
2022-12-03 16:35:26,852 epoch 16 - iter 91/135 - loss 0.09719595 - samples/sec: 296.83 - lr: 0.100000
2022-12-03 16:35:28,250 epoch 16 - iter 104/135 - loss 0.09739776 - samples/sec: 302.48 - lr: 0.100000
2022-12-03 16:35:29,756 epoch 16 - iter 117/135 - loss 0.09824940 - samples/sec: 281.42 - lr: 0.100000
2022-12-03 16:35:31,182 epoch 16 - iter 130/135 - loss 0.09856370 - samples/sec: 296.23 - lr: 0.100000
2022-12-03 16:35:31,672 ----------------------------------------------------------------------------------------------------
2022-12-03 16:35:31,674 EPOCH 16 done: loss 0.0990 - lr 0.100000
2022-12-03 16:35:55,828 Evaluating as a multi-label problem: False
2022-12-03 16:35:55,927 DEV : loss 0.10186639428138733 - f1-score (micro avg)  0.8097
2022-12-03 16:35:56,384 BAD EPOCHS (no improvement): 1
2022-12-03 16:35:56,386 ----------------------------------------------------------------------------------------------------
2022-12-03 16:35:57,924 epoch 17 - iter 13/135 - loss 0.09541398 - samples/sec: 271.48 - lr: 0.100000
2022-12-03 16:35:59,359 epoch 17 - iter 26/135 - loss 0.09581801 - samples/sec: 294.46 - lr: 0.100000
2022-12-03 16:36:01,047 epoch 17 - iter 39/135 - loss 0.09455890 - samples/sec: 249.64 - lr: 0.100000
2022-12-03 16:36:03,216 epoch 17 - iter 52/135 - loss 0.09135101 - samples/sec: 193.69 - lr: 0.100000
2022-12-03 16:36:05,341 epoch 17 - iter 65/135 - loss 0.09153754 - samples/sec: 199.42 - lr: 0.100000
2022-12-03 16:36:07,077 epoch 17 - iter 78/135 - loss 0.09535092 - samples/sec: 245.02 - lr: 0.100000
2022-12-03 16:36:08,602 epoch 17 - iter 91/135 - loss 0.09652681 - samples/sec: 277.32 - lr: 0.100000
2022-12-03 16:36:10,076 epoch 17 - iter 104/135 - loss 0.09754760 - samples/sec: 286.29 - lr: 0.100000
2022-12-03 16:36:11,665 epoch 17 - iter 117/135 - loss 0.09673660 - samples/sec: 265.42 - lr: 0.100000
2022-12-03 16:36:13,130 epoch 17 - iter 130/135 - loss 0.09617937 - samples/sec: 288.20 - lr: 0.100000
2022-12-03 16:36:13,611 ----------------------------------------------------------------------------------------------------
2022-12-03 16:36:13,613 EPOCH 17 done: loss 0.0962 - lr 0.100000
2022-12-03 16:36:38,161 Evaluating as a multi-label problem: False
2022-12-03 16:36:38,260 DEV : loss 0.10348860174417496 - f1-score (micro avg)  0.805
2022-12-03 16:36:38,722 BAD EPOCHS (no improvement): 2
2022-12-03 16:36:38,724 ----------------------------------------------------------------------------------------------------
2022-12-03 16:36:40,321 epoch 18 - iter 13/135 - loss 0.09185929 - samples/sec: 261.72 - lr: 0.100000
2022-12-03 16:36:41,766 epoch 18 - iter 26/135 - loss 0.09399317 - samples/sec: 292.12 - lr: 0.100000
2022-12-03 16:36:43,234 epoch 18 - iter 39/135 - loss 0.09341973 - samples/sec: 288.15 - lr: 0.100000
2022-12-03 16:36:44,682 epoch 18 - iter 52/135 - loss 0.09384623 - samples/sec: 291.85 - lr: 0.100000
2022-12-03 16:36:46,093 epoch 18 - iter 65/135 - loss 0.09141390 - samples/sec: 299.58 - lr: 0.100000
2022-12-03 16:36:47,529 epoch 18 - iter 78/135 - loss 0.09108625 - samples/sec: 294.00 - lr: 0.100000
2022-12-03 16:36:48,974 epoch 18 - iter 91/135 - loss 0.09198719 - samples/sec: 292.31 - lr: 0.100000
2022-12-03 16:36:50,395 epoch 18 - iter 104/135 - loss 0.09268407 - samples/sec: 297.20 - lr: 0.100000
2022-12-03 16:36:51,821 epoch 18 - iter 117/135 - loss 0.09426854 - samples/sec: 296.26 - lr: 0.100000
2022-12-03 16:36:53,264 epoch 18 - iter 130/135 - loss 0.09371798 - samples/sec: 292.70 - lr: 0.100000
2022-12-03 16:36:53,754 ----------------------------------------------------------------------------------------------------
2022-12-03 16:36:53,756 EPOCH 18 done: loss 0.0945 - lr 0.100000
2022-12-03 16:37:17,872 Evaluating as a multi-label problem: False
2022-12-03 16:37:17,972 DEV : loss 0.10596070438623428 - f1-score (micro avg)  0.8071
2022-12-03 16:37:18,446 BAD EPOCHS (no improvement): 3
2022-12-03 16:37:18,448 ----------------------------------------------------------------------------------------------------
2022-12-03 16:37:19,998 epoch 19 - iter 13/135 - loss 0.08863738 - samples/sec: 269.17 - lr: 0.100000
2022-12-03 16:37:21,422 epoch 19 - iter 26/135 - loss 0.08759037 - samples/sec: 296.71 - lr: 0.100000
2022-12-03 16:37:22,878 epoch 19 - iter 39/135 - loss 0.09201959 - samples/sec: 290.14 - lr: 0.100000
2022-12-03 16:37:24,315 epoch 19 - iter 52/135 - loss 0.09125141 - samples/sec: 294.15 - lr: 0.100000
2022-12-03 16:37:25,811 epoch 19 - iter 65/135 - loss 0.09095889 - samples/sec: 282.26 - lr: 0.100000
2022-12-03 16:37:27,213 epoch 19 - iter 78/135 - loss 0.09058500 - samples/sec: 301.42 - lr: 0.100000
2022-12-03 16:37:28,676 epoch 19 - iter 91/135 - loss 0.09106415 - samples/sec: 288.40 - lr: 0.100000
2022-12-03 16:37:30,160 epoch 19 - iter 104/135 - loss 0.08967462 - samples/sec: 286.89 - lr: 0.100000
2022-12-03 16:37:31,619 epoch 19 - iter 117/135 - loss 0.09099045 - samples/sec: 289.41 - lr: 0.100000
2022-12-03 16:37:33,127 epoch 19 - iter 130/135 - loss 0.09145690 - samples/sec: 280.15 - lr: 0.100000
2022-12-03 16:37:33,617 ----------------------------------------------------------------------------------------------------
2022-12-03 16:37:33,619 EPOCH 19 done: loss 0.0919 - lr 0.100000
2022-12-03 16:37:56,531 Evaluating as a multi-label problem: False
2022-12-03 16:37:56,635 DEV : loss 0.1065370962023735 - f1-score (micro avg)  0.7797
2022-12-03 16:37:57,103 Epoch    19: reducing learning rate of group 0 to 5.0000e-02.
2022-12-03 16:37:57,104 BAD EPOCHS (no improvement): 4
2022-12-03 16:37:57,108 ----------------------------------------------------------------------------------------------------
2022-12-03 16:37:58,708 epoch 20 - iter 13/135 - loss 0.09140573 - samples/sec: 260.85 - lr: 0.050000
2022-12-03 16:38:00,166 epoch 20 - iter 26/135 - loss 0.08889591 - samples/sec: 289.94 - lr: 0.050000
2022-12-03 16:38:01,569 epoch 20 - iter 39/135 - loss 0.08699290 - samples/sec: 301.49 - lr: 0.050000
2022-12-03 16:38:03,009 epoch 20 - iter 52/135 - loss 0.08585938 - samples/sec: 293.44 - lr: 0.050000
2022-12-03 16:38:04,474 epoch 20 - iter 65/135 - loss 0.08463085 - samples/sec: 288.35 - lr: 0.050000
2022-12-03 16:38:05,897 epoch 20 - iter 78/135 - loss 0.08623293 - samples/sec: 297.00 - lr: 0.050000
2022-12-03 16:38:07,325 epoch 20 - iter 91/135 - loss 0.08594206 - samples/sec: 295.93 - lr: 0.050000
2022-12-03 16:38:08,825 epoch 20 - iter 104/135 - loss 0.08623692 - samples/sec: 281.57 - lr: 0.050000
2022-12-03 16:38:10,262 epoch 20 - iter 117/135 - loss 0.08584972 - samples/sec: 293.83 - lr: 0.050000
2022-12-03 16:38:11,696 epoch 20 - iter 130/135 - loss 0.08473432 - samples/sec: 294.55 - lr: 0.050000
2022-12-03 16:38:12,199 ----------------------------------------------------------------------------------------------------
2022-12-03 16:38:12,201 EPOCH 20 done: loss 0.0841 - lr 0.050000
2022-12-03 16:38:36,498 Evaluating as a multi-label problem: False
2022-12-03 16:38:36,596 DEV : loss 0.09972771257162094 - f1-score (micro avg)  0.8164
2022-12-03 16:38:37,055 BAD EPOCHS (no improvement): 0
2022-12-03 16:38:37,057 saving best model
2022-12-03 16:38:39,099 ----------------------------------------------------------------------------------------------------
2022-12-03 16:38:40,578 epoch 21 - iter 13/135 - loss 0.08647746 - samples/sec: 282.32 - lr: 0.050000
2022-12-03 16:38:41,982 epoch 21 - iter 26/135 - loss 0.08432960 - samples/sec: 300.82 - lr: 0.050000
2022-12-03 16:38:43,430 epoch 21 - iter 39/135 - loss 0.08133560 - samples/sec: 291.82 - lr: 0.050000
2022-12-03 16:38:44,855 epoch 21 - iter 52/135 - loss 0.08218675 - samples/sec: 296.52 - lr: 0.050000
2022-12-03 16:38:46,232 epoch 21 - iter 65/135 - loss 0.08217107 - samples/sec: 306.83 - lr: 0.050000
2022-12-03 16:38:47,681 epoch 21 - iter 78/135 - loss 0.08064762 - samples/sec: 291.30 - lr: 0.050000
2022-12-03 16:38:49,149 epoch 21 - iter 91/135 - loss 0.07970923 - samples/sec: 287.46 - lr: 0.050000
2022-12-03 16:38:50,642 epoch 21 - iter 104/135 - loss 0.08006177 - samples/sec: 282.86 - lr: 0.050000
2022-12-03 16:38:52,062 epoch 21 - iter 117/135 - loss 0.08098892 - samples/sec: 297.31 - lr: 0.050000
2022-12-03 16:38:53,498 epoch 21 - iter 130/135 - loss 0.08121498 - samples/sec: 294.26 - lr: 0.050000
2022-12-03 16:38:53,991 ----------------------------------------------------------------------------------------------------
2022-12-03 16:38:53,994 EPOCH 21 done: loss 0.0810 - lr 0.050000
2022-12-03 16:39:22,636 Evaluating as a multi-label problem: False
2022-12-03 16:39:22,781 DEV : loss 0.10079874843358994 - f1-score (micro avg)  0.8118
2022-12-03 16:39:23,516 BAD EPOCHS (no improvement): 1
2022-12-03 16:39:23,524 ----------------------------------------------------------------------------------------------------
2022-12-03 16:39:25,516 epoch 22 - iter 13/135 - loss 0.07805060 - samples/sec: 209.67 - lr: 0.050000
2022-12-03 16:39:27,209 epoch 22 - iter 26/135 - loss 0.07434390 - samples/sec: 249.07 - lr: 0.050000
2022-12-03 16:39:28,741 epoch 22 - iter 39/135 - loss 0.07387670 - samples/sec: 275.29 - lr: 0.050000
2022-12-03 16:39:30,248 epoch 22 - iter 52/135 - loss 0.07509253 - samples/sec: 282.17 - lr: 0.050000
2022-12-03 16:39:31,659 epoch 22 - iter 65/135 - loss 0.07435935 - samples/sec: 299.70 - lr: 0.050000
2022-12-03 16:39:33,132 epoch 22 - iter 78/135 - loss 0.07625083 - samples/sec: 286.52 - lr: 0.050000
2022-12-03 16:39:34,621 epoch 22 - iter 91/135 - loss 0.07818699 - samples/sec: 283.50 - lr: 0.050000
2022-12-03 16:39:36,060 epoch 22 - iter 104/135 - loss 0.07913863 - samples/sec: 293.77 - lr: 0.050000
2022-12-03 16:39:37,557 epoch 22 - iter 117/135 - loss 0.07991050 - samples/sec: 282.07 - lr: 0.050000
2022-12-03 16:39:39,061 epoch 22 - iter 130/135 - loss 0.07899446 - samples/sec: 280.91 - lr: 0.050000
2022-12-03 16:39:39,534 ----------------------------------------------------------------------------------------------------
2022-12-03 16:39:39,536 EPOCH 22 done: loss 0.0794 - lr 0.050000
2022-12-03 16:40:05,051 Evaluating as a multi-label problem: False
2022-12-03 16:40:05,164 DEV : loss 0.09914444386959076 - f1-score (micro avg)  0.8144
2022-12-03 16:40:05,641 BAD EPOCHS (no improvement): 2
2022-12-03 16:40:05,644 ----------------------------------------------------------------------------------------------------
2022-12-03 16:40:07,241 epoch 23 - iter 13/135 - loss 0.06994870 - samples/sec: 261.51 - lr: 0.050000
2022-12-03 16:40:08,699 epoch 23 - iter 26/135 - loss 0.07651695 - samples/sec: 289.86 - lr: 0.050000
2022-12-03 16:40:10,166 epoch 23 - iter 39/135 - loss 0.08173705 - samples/sec: 287.92 - lr: 0.050000
2022-12-03 16:40:11,583 epoch 23 - iter 52/135 - loss 0.08114518 - samples/sec: 298.40 - lr: 0.050000
2022-12-03 16:40:13,014 epoch 23 - iter 65/135 - loss 0.08126513 - samples/sec: 295.27 - lr: 0.050000
2022-12-03 16:40:14,514 epoch 23 - iter 78/135 - loss 0.08086013 - samples/sec: 281.51 - lr: 0.050000
2022-12-03 16:40:15,939 epoch 23 - iter 91/135 - loss 0.08050503 - samples/sec: 297.14 - lr: 0.050000
2022-12-03 16:40:17,356 epoch 23 - iter 104/135 - loss 0.07993210 - samples/sec: 298.17 - lr: 0.050000
2022-12-03 16:40:18,790 epoch 23 - iter 117/135 - loss 0.07935505 - samples/sec: 294.34 - lr: 0.050000
2022-12-03 16:40:20,210 epoch 23 - iter 130/135 - loss 0.07901444 - samples/sec: 298.37 - lr: 0.050000
2022-12-03 16:40:20,723 ----------------------------------------------------------------------------------------------------
2022-12-03 16:40:20,724 EPOCH 23 done: loss 0.0795 - lr 0.050000
2022-12-03 16:40:44,958 Evaluating as a multi-label problem: False
2022-12-03 16:40:45,053 DEV : loss 0.10229678452014923 - f1-score (micro avg)  0.8127
2022-12-03 16:40:45,516 BAD EPOCHS (no improvement): 3
2022-12-03 16:40:45,519 ----------------------------------------------------------------------------------------------------
2022-12-03 16:40:47,116 epoch 24 - iter 13/135 - loss 0.06810020 - samples/sec: 261.35 - lr: 0.050000
2022-12-03 16:40:48,575 epoch 24 - iter 26/135 - loss 0.06943877 - samples/sec: 289.27 - lr: 0.050000
2022-12-03 16:40:50,373 epoch 24 - iter 39/135 - loss 0.06824389 - samples/sec: 234.52 - lr: 0.050000
2022-12-03 16:40:52,079 epoch 24 - iter 52/135 - loss 0.06892314 - samples/sec: 247.04 - lr: 0.050000
2022-12-03 16:40:53,516 epoch 24 - iter 65/135 - loss 0.07265240 - samples/sec: 293.84 - lr: 0.050000
2022-12-03 16:40:54,923 epoch 24 - iter 78/135 - loss 0.07370306 - samples/sec: 300.27 - lr: 0.050000
2022-12-03 16:40:56,358 epoch 24 - iter 91/135 - loss 0.07455775 - samples/sec: 294.39 - lr: 0.050000
2022-12-03 16:40:57,848 epoch 24 - iter 104/135 - loss 0.07583296 - samples/sec: 283.81 - lr: 0.050000
2022-12-03 16:40:59,268 epoch 24 - iter 117/135 - loss 0.07578923 - samples/sec: 297.50 - lr: 0.050000
2022-12-03 16:41:00,721 epoch 24 - iter 130/135 - loss 0.07516543 - samples/sec: 290.58 - lr: 0.050000
2022-12-03 16:41:01,196 ----------------------------------------------------------------------------------------------------
2022-12-03 16:41:01,198 EPOCH 24 done: loss 0.0754 - lr 0.050000
2022-12-03 16:41:25,509 Evaluating as a multi-label problem: False
2022-12-03 16:41:25,608 DEV : loss 0.10497360676527023 - f1-score (micro avg)  0.8111
2022-12-03 16:41:26,075 Epoch    24: reducing learning rate of group 0 to 2.5000e-02.
2022-12-03 16:41:26,076 BAD EPOCHS (no improvement): 4
2022-12-03 16:41:26,081 ----------------------------------------------------------------------------------------------------
2022-12-03 16:41:27,613 epoch 25 - iter 13/135 - loss 0.06723312 - samples/sec: 272.56 - lr: 0.025000
2022-12-03 16:41:29,054 epoch 25 - iter 26/135 - loss 0.07321129 - samples/sec: 293.06 - lr: 0.025000
2022-12-03 16:41:30,793 epoch 25 - iter 39/135 - loss 0.07618270 - samples/sec: 244.54 - lr: 0.025000
2022-12-03 16:41:32,200 epoch 25 - iter 52/135 - loss 0.07418762 - samples/sec: 300.24 - lr: 0.025000
2022-12-03 16:41:33,624 epoch 25 - iter 65/135 - loss 0.07337257 - samples/sec: 296.65 - lr: 0.025000
2022-12-03 16:41:35,050 epoch 25 - iter 78/135 - loss 0.07403661 - samples/sec: 296.27 - lr: 0.025000
2022-12-03 16:41:36,576 epoch 25 - iter 91/135 - loss 0.07429511 - samples/sec: 276.64 - lr: 0.025000
2022-12-03 16:41:38,001 epoch 25 - iter 104/135 - loss 0.07318087 - samples/sec: 296.47 - lr: 0.025000
2022-12-03 16:41:39,443 epoch 25 - iter 117/135 - loss 0.07350650 - samples/sec: 292.80 - lr: 0.025000
2022-12-03 16:41:40,955 epoch 25 - iter 130/135 - loss 0.07356628 - samples/sec: 279.36 - lr: 0.025000
2022-12-03 16:41:41,504 ----------------------------------------------------------------------------------------------------
2022-12-03 16:41:41,506 EPOCH 25 done: loss 0.0735 - lr 0.025000
2022-12-03 16:42:05,551 Evaluating as a multi-label problem: False
2022-12-03 16:42:05,645 DEV : loss 0.10154880583286285 - f1-score (micro avg)  0.8132
2022-12-03 16:42:06,112 BAD EPOCHS (no improvement): 1
2022-12-03 16:42:06,117 ----------------------------------------------------------------------------------------------------
2022-12-03 16:42:07,663 epoch 26 - iter 13/135 - loss 0.07672364 - samples/sec: 270.21 - lr: 0.025000
2022-12-03 16:42:09,195 epoch 26 - iter 26/135 - loss 0.07301088 - samples/sec: 275.39 - lr: 0.025000
2022-12-03 16:42:10,665 epoch 26 - iter 39/135 - loss 0.07252822 - samples/sec: 287.19 - lr: 0.025000
2022-12-03 16:42:12,099 epoch 26 - iter 52/135 - loss 0.07330992 - samples/sec: 295.01 - lr: 0.025000
2022-12-03 16:42:13,542 epoch 26 - iter 65/135 - loss 0.07368996 - samples/sec: 292.52 - lr: 0.025000
2022-12-03 16:42:14,975 epoch 26 - iter 78/135 - loss 0.07336506 - samples/sec: 295.11 - lr: 0.025000
2022-12-03 16:42:16,404 epoch 26 - iter 91/135 - loss 0.07356911 - samples/sec: 295.74 - lr: 0.025000
2022-12-03 16:42:17,830 epoch 26 - iter 104/135 - loss 0.07279949 - samples/sec: 296.24 - lr: 0.025000
2022-12-03 16:42:19,236 epoch 26 - iter 117/135 - loss 0.07238445 - samples/sec: 300.52 - lr: 0.025000
2022-12-03 16:42:20,644 epoch 26 - iter 130/135 - loss 0.07233186 - samples/sec: 299.93 - lr: 0.025000
2022-12-03 16:42:21,161 ----------------------------------------------------------------------------------------------------
2022-12-03 16:42:21,162 EPOCH 26 done: loss 0.0724 - lr 0.025000
2022-12-03 16:42:43,333 Evaluating as a multi-label problem: False
2022-12-03 16:42:43,440 DEV : loss 0.10071013867855072 - f1-score (micro avg)  0.8105
2022-12-03 16:42:43,908 BAD EPOCHS (no improvement): 2
2022-12-03 16:42:43,910 ----------------------------------------------------------------------------------------------------
2022-12-03 16:42:45,437 epoch 27 - iter 13/135 - loss 0.06240186 - samples/sec: 273.77 - lr: 0.025000
2022-12-03 16:42:46,840 epoch 27 - iter 26/135 - loss 0.06315753 - samples/sec: 300.83 - lr: 0.025000
2022-12-03 16:42:50,024 epoch 27 - iter 39/135 - loss 0.06610827 - samples/sec: 131.56 - lr: 0.025000
2022-12-03 16:42:51,446 epoch 27 - iter 52/135 - loss 0.06890294 - samples/sec: 297.05 - lr: 0.025000
2022-12-03 16:42:52,889 epoch 27 - iter 65/135 - loss 0.06954908 - samples/sec: 292.59 - lr: 0.025000
2022-12-03 16:42:54,276 epoch 27 - iter 78/135 - loss 0.07043139 - samples/sec: 304.82 - lr: 0.025000
2022-12-03 16:42:55,743 epoch 27 - iter 91/135 - loss 0.06982519 - samples/sec: 287.84 - lr: 0.025000
2022-12-03 16:42:57,148 epoch 27 - iter 104/135 - loss 0.06971589 - samples/sec: 300.73 - lr: 0.025000
2022-12-03 16:42:58,640 epoch 27 - iter 117/135 - loss 0.06941802 - samples/sec: 282.98 - lr: 0.025000
2022-12-03 16:43:00,102 epoch 27 - iter 130/135 - loss 0.06940939 - samples/sec: 288.74 - lr: 0.025000
2022-12-03 16:43:00,599 ----------------------------------------------------------------------------------------------------
2022-12-03 16:43:00,601 EPOCH 27 done: loss 0.0700 - lr 0.025000
2022-12-03 16:43:24,225 Evaluating as a multi-label problem: False
2022-12-03 16:43:24,326 DEV : loss 0.10022682696580887 - f1-score (micro avg)  0.815
2022-12-03 16:43:24,809 BAD EPOCHS (no improvement): 3
2022-12-03 16:43:24,812 ----------------------------------------------------------------------------------------------------
2022-12-03 16:43:26,392 epoch 28 - iter 13/135 - loss 0.06732440 - samples/sec: 264.04 - lr: 0.025000
2022-12-03 16:43:27,787 epoch 28 - iter 26/135 - loss 0.07020374 - samples/sec: 302.85 - lr: 0.025000
2022-12-03 16:43:29,240 epoch 28 - iter 39/135 - loss 0.07227956 - samples/sec: 290.89 - lr: 0.025000
2022-12-03 16:43:30,722 epoch 28 - iter 52/135 - loss 0.07062043 - samples/sec: 286.96 - lr: 0.025000
2022-12-03 16:43:32,203 epoch 28 - iter 65/135 - loss 0.07178845 - samples/sec: 285.00 - lr: 0.025000
2022-12-03 16:43:33,645 epoch 28 - iter 78/135 - loss 0.07180763 - samples/sec: 292.74 - lr: 0.025000
2022-12-03 16:43:35,039 epoch 28 - iter 91/135 - loss 0.07118902 - samples/sec: 302.87 - lr: 0.025000
2022-12-03 16:43:36,501 epoch 28 - iter 104/135 - loss 0.07087580 - samples/sec: 289.05 - lr: 0.025000
2022-12-03 16:43:37,962 epoch 28 - iter 117/135 - loss 0.07092063 - samples/sec: 289.16 - lr: 0.025000
2022-12-03 16:43:39,412 epoch 28 - iter 130/135 - loss 0.07045334 - samples/sec: 291.44 - lr: 0.025000
2022-12-03 16:43:39,878 ----------------------------------------------------------------------------------------------------
2022-12-03 16:43:39,880 EPOCH 28 done: loss 0.0704 - lr 0.025000
2022-12-03 16:44:03,953 Evaluating as a multi-label problem: False
2022-12-03 16:44:04,050 DEV : loss 0.10189281404018402 - f1-score (micro avg)  0.8143
2022-12-03 16:44:04,533 Epoch    28: reducing learning rate of group 0 to 1.2500e-02.
2022-12-03 16:44:04,535 BAD EPOCHS (no improvement): 4
2022-12-03 16:44:04,543 ----------------------------------------------------------------------------------------------------
2022-12-03 16:44:06,097 epoch 29 - iter 13/135 - loss 0.06361668 - samples/sec: 268.90 - lr: 0.012500
2022-12-03 16:44:07,574 epoch 29 - iter 26/135 - loss 0.06566657 - samples/sec: 285.78 - lr: 0.012500
2022-12-03 16:44:09,006 epoch 29 - iter 39/135 - loss 0.06557436 - samples/sec: 295.29 - lr: 0.012500
2022-12-03 16:44:10,395 epoch 29 - iter 52/135 - loss 0.06584404 - samples/sec: 304.61 - lr: 0.012500
2022-12-03 16:44:11,974 epoch 29 - iter 65/135 - loss 0.06520740 - samples/sec: 267.12 - lr: 0.012500
2022-12-03 16:44:13,423 epoch 29 - iter 78/135 - loss 0.06646975 - samples/sec: 291.45 - lr: 0.012500
2022-12-03 16:44:14,866 epoch 29 - iter 91/135 - loss 0.06622045 - samples/sec: 292.68 - lr: 0.012500
2022-12-03 16:44:16,299 epoch 29 - iter 104/135 - loss 0.06685607 - samples/sec: 295.09 - lr: 0.012500
2022-12-03 16:44:17,769 epoch 29 - iter 117/135 - loss 0.06756801 - samples/sec: 287.17 - lr: 0.012500
2022-12-03 16:44:19,235 epoch 29 - iter 130/135 - loss 0.06769253 - samples/sec: 288.77 - lr: 0.012500
2022-12-03 16:44:19,722 ----------------------------------------------------------------------------------------------------
2022-12-03 16:44:19,724 EPOCH 29 done: loss 0.0678 - lr 0.012500
2022-12-03 16:44:43,882 Evaluating as a multi-label problem: False
2022-12-03 16:44:43,985 DEV : loss 0.10070215910673141 - f1-score (micro avg)  0.8143
2022-12-03 16:44:44,452 BAD EPOCHS (no improvement): 1
2022-12-03 16:44:44,454 ----------------------------------------------------------------------------------------------------
2022-12-03 16:44:46,044 epoch 30 - iter 13/135 - loss 0.06444922 - samples/sec: 262.58 - lr: 0.012500
2022-12-03 16:44:47,489 epoch 30 - iter 26/135 - loss 0.06724905 - samples/sec: 292.28 - lr: 0.012500
2022-12-03 16:44:48,899 epoch 30 - iter 39/135 - loss 0.06609617 - samples/sec: 299.57 - lr: 0.012500
2022-12-03 16:44:50,316 epoch 30 - iter 52/135 - loss 0.06567395 - samples/sec: 298.14 - lr: 0.012500
2022-12-03 16:44:51,763 epoch 30 - iter 65/135 - loss 0.06527668 - samples/sec: 291.70 - lr: 0.012500
2022-12-03 16:44:53,191 epoch 30 - iter 78/135 - loss 0.06611921 - samples/sec: 296.29 - lr: 0.012500
2022-12-03 16:44:54,644 epoch 30 - iter 91/135 - loss 0.06645973 - samples/sec: 290.64 - lr: 0.012500
2022-12-03 16:44:56,100 epoch 30 - iter 104/135 - loss 0.06647107 - samples/sec: 289.94 - lr: 0.012500
2022-12-03 16:44:57,566 epoch 30 - iter 117/135 - loss 0.06643937 - samples/sec: 288.08 - lr: 0.012500
2022-12-03 16:44:58,969 epoch 30 - iter 130/135 - loss 0.06707463 - samples/sec: 301.41 - lr: 0.012500
2022-12-03 16:44:59,487 ----------------------------------------------------------------------------------------------------
2022-12-03 16:44:59,489 EPOCH 30 done: loss 0.0676 - lr 0.012500
2022-12-03 16:45:23,653 Evaluating as a multi-label problem: False
2022-12-03 16:45:23,759 DEV : loss 0.10073280334472656 - f1-score (micro avg)  0.8158
2022-12-03 16:45:24,225 BAD EPOCHS (no improvement): 2
2022-12-03 16:45:24,227 ----------------------------------------------------------------------------------------------------
2022-12-03 16:45:25,821 epoch 31 - iter 13/135 - loss 0.06497397 - samples/sec: 261.94 - lr: 0.012500
2022-12-03 16:45:27,241 epoch 31 - iter 26/135 - loss 0.06197915 - samples/sec: 297.50 - lr: 0.012500
2022-12-03 16:45:28,622 epoch 31 - iter 39/135 - loss 0.06372888 - samples/sec: 305.90 - lr: 0.012500
2022-12-03 16:45:30,056 epoch 31 - iter 52/135 - loss 0.06433263 - samples/sec: 294.57 - lr: 0.012500
2022-12-03 16:45:31,567 epoch 31 - iter 65/135 - loss 0.06575959 - samples/sec: 281.59 - lr: 0.012500
2022-12-03 16:45:32,998 epoch 31 - iter 78/135 - loss 0.06543698 - samples/sec: 295.42 - lr: 0.012500
2022-12-03 16:45:34,503 epoch 31 - iter 91/135 - loss 0.06550175 - samples/sec: 280.37 - lr: 0.012500
2022-12-03 16:45:36,030 epoch 31 - iter 104/135 - loss 0.06537913 - samples/sec: 276.50 - lr: 0.012500
2022-12-03 16:45:37,464 epoch 31 - iter 117/135 - loss 0.06610731 - samples/sec: 294.49 - lr: 0.012500
2022-12-03 16:45:38,906 epoch 31 - iter 130/135 - loss 0.06663648 - samples/sec: 293.08 - lr: 0.012500
2022-12-03 16:45:39,402 ----------------------------------------------------------------------------------------------------
2022-12-03 16:45:39,404 EPOCH 31 done: loss 0.0666 - lr 0.012500
2022-12-03 16:46:03,461 Evaluating as a multi-label problem: False
2022-12-03 16:46:03,570 DEV : loss 0.10031324625015259 - f1-score (micro avg)  0.8155
2022-12-03 16:46:04,025 BAD EPOCHS (no improvement): 3
2022-12-03 16:46:04,027 ----------------------------------------------------------------------------------------------------
2022-12-03 16:46:05,616 epoch 32 - iter 13/135 - loss 0.06265595 - samples/sec: 262.65 - lr: 0.012500
2022-12-03 16:46:07,045 epoch 32 - iter 26/135 - loss 0.06514096 - samples/sec: 295.45 - lr: 0.012500
2022-12-03 16:46:08,464 epoch 32 - iter 39/135 - loss 0.06621222 - samples/sec: 297.92 - lr: 0.012500
2022-12-03 16:46:09,913 epoch 32 - iter 52/135 - loss 0.06983244 - samples/sec: 293.03 - lr: 0.012500
2022-12-03 16:46:11,392 epoch 32 - iter 65/135 - loss 0.06880324 - samples/sec: 285.32 - lr: 0.012500
2022-12-03 16:46:12,842 epoch 32 - iter 78/135 - loss 0.06754114 - samples/sec: 291.34 - lr: 0.012500
2022-12-03 16:46:14,268 epoch 32 - iter 91/135 - loss 0.06705911 - samples/sec: 296.35 - lr: 0.012500
2022-12-03 16:46:15,717 epoch 32 - iter 104/135 - loss 0.06677547 - samples/sec: 291.45 - lr: 0.012500
2022-12-03 16:46:17,125 epoch 32 - iter 117/135 - loss 0.06791322 - samples/sec: 300.04 - lr: 0.012500
2022-12-03 16:46:18,490 epoch 32 - iter 130/135 - loss 0.06867678 - samples/sec: 309.56 - lr: 0.012500
2022-12-03 16:46:18,933 ----------------------------------------------------------------------------------------------------
2022-12-03 16:46:18,934 EPOCH 32 done: loss 0.0684 - lr 0.012500
2022-12-03 16:46:42,853 Evaluating as a multi-label problem: False
2022-12-03 16:46:42,954 DEV : loss 0.10033149272203445 - f1-score (micro avg)  0.8129
2022-12-03 16:46:43,411 Epoch    32: reducing learning rate of group 0 to 6.2500e-03.
2022-12-03 16:46:43,412 BAD EPOCHS (no improvement): 4
2022-12-03 16:46:43,417 ----------------------------------------------------------------------------------------------------
2022-12-03 16:46:44,953 epoch 33 - iter 13/135 - loss 0.06707109 - samples/sec: 271.85 - lr: 0.006250
2022-12-03 16:46:46,371 epoch 33 - iter 26/135 - loss 0.07058985 - samples/sec: 297.50 - lr: 0.006250
2022-12-03 16:46:47,829 epoch 33 - iter 39/135 - loss 0.06905738 - samples/sec: 289.70 - lr: 0.006250
2022-12-03 16:46:49,239 epoch 33 - iter 52/135 - loss 0.06928323 - samples/sec: 300.19 - lr: 0.006250
2022-12-03 16:46:50,667 epoch 33 - iter 65/135 - loss 0.06773295 - samples/sec: 295.78 - lr: 0.006250
2022-12-03 16:46:52,146 epoch 33 - iter 78/135 - loss 0.06636923 - samples/sec: 285.49 - lr: 0.006250
2022-12-03 16:46:53,685 epoch 33 - iter 91/135 - loss 0.06550126 - samples/sec: 274.14 - lr: 0.006250
2022-12-03 16:46:55,719 epoch 33 - iter 104/135 - loss 0.06588195 - samples/sec: 207.51 - lr: 0.006250
2022-12-03 16:46:57,663 epoch 33 - iter 117/135 - loss 0.06543679 - samples/sec: 218.20 - lr: 0.006250
2022-12-03 16:46:59,218 epoch 33 - iter 130/135 - loss 0.06641058 - samples/sec: 272.32 - lr: 0.006250
2022-12-03 16:46:59,776 ----------------------------------------------------------------------------------------------------
2022-12-03 16:46:59,779 EPOCH 33 done: loss 0.0661 - lr 0.006250
2022-12-03 16:47:24,153 Evaluating as a multi-label problem: False
2022-12-03 16:47:24,251 DEV : loss 0.10061866044998169 - f1-score (micro avg)  0.8139
2022-12-03 16:47:24,713 BAD EPOCHS (no improvement): 1
2022-12-03 16:47:24,715 ----------------------------------------------------------------------------------------------------
2022-12-03 16:47:26,239 epoch 34 - iter 13/135 - loss 0.06260356 - samples/sec: 274.03 - lr: 0.006250
2022-12-03 16:47:27,656 epoch 34 - iter 26/135 - loss 0.06487867 - samples/sec: 297.98 - lr: 0.006250
2022-12-03 16:47:29,132 epoch 34 - iter 39/135 - loss 0.06480930 - samples/sec: 286.21 - lr: 0.006250
2022-12-03 16:47:30,592 epoch 34 - iter 52/135 - loss 0.06486090 - samples/sec: 289.20 - lr: 0.006250
2022-12-03 16:47:32,053 epoch 34 - iter 65/135 - loss 0.06475688 - samples/sec: 289.05 - lr: 0.006250
2022-12-03 16:47:33,573 epoch 34 - iter 78/135 - loss 0.06504362 - samples/sec: 277.52 - lr: 0.006250
2022-12-03 16:47:35,045 epoch 34 - iter 91/135 - loss 0.06534094 - samples/sec: 287.10 - lr: 0.006250
2022-12-03 16:47:36,455 epoch 34 - iter 104/135 - loss 0.06478712 - samples/sec: 299.79 - lr: 0.006250
2022-12-03 16:47:37,896 epoch 34 - iter 117/135 - loss 0.06475854 - samples/sec: 293.41 - lr: 0.006250
2022-12-03 16:47:39,300 epoch 34 - iter 130/135 - loss 0.06527128 - samples/sec: 301.24 - lr: 0.006250
2022-12-03 16:47:39,769 ----------------------------------------------------------------------------------------------------
2022-12-03 16:47:39,770 EPOCH 34 done: loss 0.0654 - lr 0.006250
2022-12-03 16:48:02,234 Evaluating as a multi-label problem: False
2022-12-03 16:48:02,335 DEV : loss 0.10051164776086807 - f1-score (micro avg)  0.8164
2022-12-03 16:48:02,810 BAD EPOCHS (no improvement): 2
2022-12-03 16:48:02,812 ----------------------------------------------------------------------------------------------------
2022-12-03 16:48:04,379 epoch 35 - iter 13/135 - loss 0.06646586 - samples/sec: 267.17 - lr: 0.006250
2022-12-03 16:48:05,824 epoch 35 - iter 26/135 - loss 0.06491228 - samples/sec: 292.15 - lr: 0.006250
2022-12-03 16:48:07,261 epoch 35 - iter 39/135 - loss 0.06457827 - samples/sec: 293.88 - lr: 0.006250
2022-12-03 16:48:08,702 epoch 35 - iter 52/135 - loss 0.06508470 - samples/sec: 293.11 - lr: 0.006250
2022-12-03 16:48:10,109 epoch 35 - iter 65/135 - loss 0.06559184 - samples/sec: 300.38 - lr: 0.006250
2022-12-03 16:48:11,518 epoch 35 - iter 78/135 - loss 0.06605828 - samples/sec: 299.80 - lr: 0.006250
2022-12-03 16:48:12,987 epoch 35 - iter 91/135 - loss 0.06584027 - samples/sec: 287.58 - lr: 0.006250
2022-12-03 16:48:14,495 epoch 35 - iter 104/135 - loss 0.06494659 - samples/sec: 280.02 - lr: 0.006250
2022-12-03 16:48:15,939 epoch 35 - iter 117/135 - loss 0.06503748 - samples/sec: 292.31 - lr: 0.006250
2022-12-03 16:48:17,434 epoch 35 - iter 130/135 - loss 0.06542842 - samples/sec: 282.49 - lr: 0.006250
2022-12-03 16:48:17,927 ----------------------------------------------------------------------------------------------------
2022-12-03 16:48:17,928 EPOCH 35 done: loss 0.0652 - lr 0.006250
2022-12-03 16:48:42,034 Evaluating as a multi-label problem: False
2022-12-03 16:48:42,136 DEV : loss 0.10202046483755112 - f1-score (micro avg)  0.8132
2022-12-03 16:48:42,596 BAD EPOCHS (no improvement): 3
2022-12-03 16:48:42,604 ----------------------------------------------------------------------------------------------------
2022-12-03 16:48:44,123 epoch 36 - iter 13/135 - loss 0.06171370 - samples/sec: 274.61 - lr: 0.006250
2022-12-03 16:48:45,610 epoch 36 - iter 26/135 - loss 0.06577615 - samples/sec: 284.11 - lr: 0.006250
2022-12-03 16:48:47,078 epoch 36 - iter 39/135 - loss 0.06646673 - samples/sec: 287.72 - lr: 0.006250
2022-12-03 16:48:48,491 epoch 36 - iter 52/135 - loss 0.06594088 - samples/sec: 298.95 - lr: 0.006250
2022-12-03 16:48:49,875 epoch 36 - iter 65/135 - loss 0.06629340 - samples/sec: 305.26 - lr: 0.006250
2022-12-03 16:48:51,315 epoch 36 - iter 78/135 - loss 0.06703148 - samples/sec: 294.06 - lr: 0.006250
2022-12-03 16:48:52,739 epoch 36 - iter 91/135 - loss 0.06694230 - samples/sec: 297.33 - lr: 0.006250
2022-12-03 16:48:54,171 epoch 36 - iter 104/135 - loss 0.06633830 - samples/sec: 295.04 - lr: 0.006250
2022-12-03 16:48:55,595 epoch 36 - iter 117/135 - loss 0.06658887 - samples/sec: 296.76 - lr: 0.006250
2022-12-03 16:48:57,033 epoch 36 - iter 130/135 - loss 0.06652511 - samples/sec: 293.83 - lr: 0.006250
2022-12-03 16:48:57,483 ----------------------------------------------------------------------------------------------------
2022-12-03 16:48:57,484 EPOCH 36 done: loss 0.0668 - lr 0.006250
2022-12-03 16:49:21,529 Evaluating as a multi-label problem: False
2022-12-03 16:49:21,626 DEV : loss 0.10161057859659195 - f1-score (micro avg)  0.813
2022-12-03 16:49:22,085 Epoch    36: reducing learning rate of group 0 to 3.1250e-03.
2022-12-03 16:49:22,086 BAD EPOCHS (no improvement): 4
2022-12-03 16:49:22,090 ----------------------------------------------------------------------------------------------------
2022-12-03 16:49:23,602 epoch 37 - iter 13/135 - loss 0.06567207 - samples/sec: 276.26 - lr: 0.003125
2022-12-03 16:49:25,028 epoch 37 - iter 26/135 - loss 0.07262139 - samples/sec: 296.17 - lr: 0.003125
2022-12-03 16:49:26,475 epoch 37 - iter 39/135 - loss 0.06847290 - samples/sec: 291.76 - lr: 0.003125
2022-12-03 16:49:27,931 epoch 37 - iter 52/135 - loss 0.06757714 - samples/sec: 289.92 - lr: 0.003125
2022-12-03 16:49:29,381 epoch 37 - iter 65/135 - loss 0.06560968 - samples/sec: 291.54 - lr: 0.003125
2022-12-03 16:49:30,906 epoch 37 - iter 78/135 - loss 0.06558283 - samples/sec: 276.66 - lr: 0.003125
2022-12-03 16:49:32,339 epoch 37 - iter 91/135 - loss 0.06649348 - samples/sec: 296.77 - lr: 0.003125
2022-12-03 16:49:33,760 epoch 37 - iter 104/135 - loss 0.06663690 - samples/sec: 297.03 - lr: 0.003125
2022-12-03 16:49:35,111 epoch 37 - iter 117/135 - loss 0.06488443 - samples/sec: 313.34 - lr: 0.003125
2022-12-03 16:49:36,531 epoch 37 - iter 130/135 - loss 0.06492083 - samples/sec: 297.43 - lr: 0.003125
2022-12-03 16:49:37,002 ----------------------------------------------------------------------------------------------------
2022-12-03 16:49:37,003 EPOCH 37 done: loss 0.0650 - lr 0.003125
2022-12-03 16:50:00,978 Evaluating as a multi-label problem: False
2022-12-03 16:50:01,081 DEV : loss 0.10135158151388168 - f1-score (micro avg)  0.8147
2022-12-03 16:50:01,543 BAD EPOCHS (no improvement): 1
2022-12-03 16:50:01,544 ----------------------------------------------------------------------------------------------------
2022-12-03 16:50:03,045 epoch 38 - iter 13/135 - loss 0.06334289 - samples/sec: 278.33 - lr: 0.003125
2022-12-03 16:50:04,437 epoch 38 - iter 26/135 - loss 0.06580692 - samples/sec: 303.59 - lr: 0.003125
2022-12-03 16:50:05,877 epoch 38 - iter 39/135 - loss 0.06385323 - samples/sec: 293.25 - lr: 0.003125
2022-12-03 16:50:07,297 epoch 38 - iter 52/135 - loss 0.06528483 - samples/sec: 298.30 - lr: 0.003125
2022-12-03 16:50:08,771 epoch 38 - iter 65/135 - loss 0.06455128 - samples/sec: 286.41 - lr: 0.003125
2022-12-03 16:50:10,270 epoch 38 - iter 78/135 - loss 0.06425288 - samples/sec: 281.75 - lr: 0.003125
2022-12-03 16:50:11,759 epoch 38 - iter 91/135 - loss 0.06576160 - samples/sec: 283.78 - lr: 0.003125
2022-12-03 16:50:13,212 epoch 38 - iter 104/135 - loss 0.06563489 - samples/sec: 291.34 - lr: 0.003125
2022-12-03 16:50:14,630 epoch 38 - iter 117/135 - loss 0.06557895 - samples/sec: 297.88 - lr: 0.003125
2022-12-03 16:50:16,098 epoch 38 - iter 130/135 - loss 0.06539036 - samples/sec: 288.16 - lr: 0.003125
2022-12-03 16:50:16,589 ----------------------------------------------------------------------------------------------------
2022-12-03 16:50:16,591 EPOCH 38 done: loss 0.0651 - lr 0.003125
2022-12-03 16:50:42,056 Evaluating as a multi-label problem: False
2022-12-03 16:50:42,162 DEV : loss 0.10139508545398712 - f1-score (micro avg)  0.815
2022-12-03 16:50:42,630 BAD EPOCHS (no improvement): 2
2022-12-03 16:50:42,631 ----------------------------------------------------------------------------------------------------
2022-12-03 16:50:44,181 epoch 39 - iter 13/135 - loss 0.06323613 - samples/sec: 269.70 - lr: 0.003125
2022-12-03 16:50:45,613 epoch 39 - iter 26/135 - loss 0.06644323 - samples/sec: 295.10 - lr: 0.003125
2022-12-03 16:50:47,086 epoch 39 - iter 39/135 - loss 0.06776522 - samples/sec: 286.54 - lr: 0.003125
2022-12-03 16:50:48,527 epoch 39 - iter 52/135 - loss 0.06824424 - samples/sec: 293.39 - lr: 0.003125
2022-12-03 16:50:49,977 epoch 39 - iter 65/135 - loss 0.06843533 - samples/sec: 291.26 - lr: 0.003125
2022-12-03 16:50:51,381 epoch 39 - iter 78/135 - loss 0.06841808 - samples/sec: 301.00 - lr: 0.003125
2022-12-03 16:50:52,897 epoch 39 - iter 91/135 - loss 0.06756781 - samples/sec: 278.44 - lr: 0.003125
2022-12-03 16:50:54,352 epoch 39 - iter 104/135 - loss 0.06648448 - samples/sec: 290.24 - lr: 0.003125
2022-12-03 16:50:55,827 epoch 39 - iter 117/135 - loss 0.06590371 - samples/sec: 286.25 - lr: 0.003125
2022-12-03 16:50:57,234 epoch 39 - iter 130/135 - loss 0.06547560 - samples/sec: 300.23 - lr: 0.003125
2022-12-03 16:50:57,703 ----------------------------------------------------------------------------------------------------
2022-12-03 16:50:57,704 EPOCH 39 done: loss 0.0652 - lr 0.003125
2022-12-03 16:51:22,016 Evaluating as a multi-label problem: False
2022-12-03 16:51:22,112 DEV : loss 0.1011594831943512 - f1-score (micro avg)  0.8146
2022-12-03 16:51:22,583 BAD EPOCHS (no improvement): 3
2022-12-03 16:51:22,586 ----------------------------------------------------------------------------------------------------
2022-12-03 16:51:24,120 epoch 40 - iter 13/135 - loss 0.07430807 - samples/sec: 272.23 - lr: 0.003125
2022-12-03 16:51:25,591 epoch 40 - iter 26/135 - loss 0.06674773 - samples/sec: 287.46 - lr: 0.003125
2022-12-03 16:51:27,031 epoch 40 - iter 39/135 - loss 0.06610643 - samples/sec: 294.20 - lr: 0.003125
2022-12-03 16:51:28,447 epoch 40 - iter 52/135 - loss 0.06620288 - samples/sec: 298.35 - lr: 0.003125
2022-12-03 16:51:29,914 epoch 40 - iter 65/135 - loss 0.06458636 - samples/sec: 287.80 - lr: 0.003125
2022-12-03 16:51:31,412 epoch 40 - iter 78/135 - loss 0.06517724 - samples/sec: 281.69 - lr: 0.003125
2022-12-03 16:51:32,832 epoch 40 - iter 91/135 - loss 0.06528124 - samples/sec: 299.53 - lr: 0.003125
2022-12-03 16:51:34,276 epoch 40 - iter 104/135 - loss 0.06469605 - samples/sec: 292.32 - lr: 0.003125
2022-12-03 16:51:35,728 epoch 40 - iter 117/135 - loss 0.06540791 - samples/sec: 290.78 - lr: 0.003125
2022-12-03 16:51:37,190 epoch 40 - iter 130/135 - loss 0.06535505 - samples/sec: 289.28 - lr: 0.003125
2022-12-03 16:51:37,678 ----------------------------------------------------------------------------------------------------
2022-12-03 16:51:37,680 EPOCH 40 done: loss 0.0653 - lr 0.003125
2022-12-03 16:52:02,059 Evaluating as a multi-label problem: False
2022-12-03 16:52:02,174 DEV : loss 0.10154388099908829 - f1-score (micro avg)  0.8138
2022-12-03 16:52:02,651 Epoch    40: reducing learning rate of group 0 to 1.5625e-03.
2022-12-03 16:52:02,653 BAD EPOCHS (no improvement): 4
2022-12-03 16:52:02,656 ----------------------------------------------------------------------------------------------------
2022-12-03 16:52:04,240 epoch 41 - iter 13/135 - loss 0.06022451 - samples/sec: 263.65 - lr: 0.001563
2022-12-03 16:52:05,764 epoch 41 - iter 26/135 - loss 0.06411150 - samples/sec: 277.02 - lr: 0.001563
2022-12-03 16:52:07,178 epoch 41 - iter 39/135 - loss 0.06444983 - samples/sec: 299.34 - lr: 0.001563
2022-12-03 16:52:08,590 epoch 41 - iter 52/135 - loss 0.06515705 - samples/sec: 299.09 - lr: 0.001563
2022-12-03 16:52:10,079 epoch 41 - iter 65/135 - loss 0.06569751 - samples/sec: 283.72 - lr: 0.001563
2022-12-03 16:52:11,617 epoch 41 - iter 78/135 - loss 0.06443377 - samples/sec: 274.67 - lr: 0.001563
2022-12-03 16:52:13,065 epoch 41 - iter 91/135 - loss 0.06395682 - samples/sec: 291.58 - lr: 0.001563
2022-12-03 16:52:14,521 epoch 41 - iter 104/135 - loss 0.06358368 - samples/sec: 290.17 - lr: 0.001563
2022-12-03 16:52:15,989 epoch 41 - iter 117/135 - loss 0.06412065 - samples/sec: 288.78 - lr: 0.001563
2022-12-03 16:52:17,455 epoch 41 - iter 130/135 - loss 0.06425247 - samples/sec: 288.28 - lr: 0.001563
2022-12-03 16:52:17,950 ----------------------------------------------------------------------------------------------------
2022-12-03 16:52:17,952 EPOCH 41 done: loss 0.0641 - lr 0.001563
2022-12-03 16:52:40,654 Evaluating as a multi-label problem: False
2022-12-03 16:52:40,755 DEV : loss 0.10128604620695114 - f1-score (micro avg)  0.8149
2022-12-03 16:52:41,218 BAD EPOCHS (no improvement): 1
2022-12-03 16:52:41,220 ----------------------------------------------------------------------------------------------------
2022-12-03 16:52:42,789 epoch 42 - iter 13/135 - loss 0.06948017 - samples/sec: 266.36 - lr: 0.001563
2022-12-03 16:52:44,215 epoch 42 - iter 26/135 - loss 0.06962070 - samples/sec: 296.35 - lr: 0.001563
2022-12-03 16:52:45,656 epoch 42 - iter 39/135 - loss 0.06737638 - samples/sec: 293.18 - lr: 0.001563
2022-12-03 16:52:47,091 epoch 42 - iter 52/135 - loss 0.06624846 - samples/sec: 294.47 - lr: 0.001563
2022-12-03 16:52:48,526 epoch 42 - iter 65/135 - loss 0.06517440 - samples/sec: 294.41 - lr: 0.001563
2022-12-03 16:52:49,934 epoch 42 - iter 78/135 - loss 0.06407254 - samples/sec: 300.20 - lr: 0.001563
2022-12-03 16:52:51,469 epoch 42 - iter 91/135 - loss 0.06465511 - samples/sec: 274.74 - lr: 0.001563
2022-12-03 16:52:52,884 epoch 42 - iter 104/135 - loss 0.06394928 - samples/sec: 299.08 - lr: 0.001563
2022-12-03 16:52:54,328 epoch 42 - iter 117/135 - loss 0.06428532 - samples/sec: 292.51 - lr: 0.001563
2022-12-03 16:52:55,745 epoch 42 - iter 130/135 - loss 0.06420112 - samples/sec: 297.97 - lr: 0.001563
2022-12-03 16:52:56,239 ----------------------------------------------------------------------------------------------------
2022-12-03 16:52:56,240 EPOCH 42 done: loss 0.0640 - lr 0.001563
2022-12-03 16:53:20,604 Evaluating as a multi-label problem: False
2022-12-03 16:53:20,716 DEV : loss 0.10108868777751923 - f1-score (micro avg)  0.8145
2022-12-03 16:53:21,203 BAD EPOCHS (no improvement): 2
2022-12-03 16:53:21,204 ----------------------------------------------------------------------------------------------------
2022-12-03 16:53:22,793 epoch 43 - iter 13/135 - loss 0.06688512 - samples/sec: 263.11 - lr: 0.001563
2022-12-03 16:53:24,224 epoch 43 - iter 26/135 - loss 0.06370833 - samples/sec: 295.98 - lr: 0.001563
2022-12-03 16:53:25,620 epoch 43 - iter 39/135 - loss 0.06278785 - samples/sec: 302.85 - lr: 0.001563
2022-12-03 16:53:27,067 epoch 43 - iter 52/135 - loss 0.06319982 - samples/sec: 291.65 - lr: 0.001563
2022-12-03 16:53:28,554 epoch 43 - iter 65/135 - loss 0.06399418 - samples/sec: 284.09 - lr: 0.001563
2022-12-03 16:53:29,991 epoch 43 - iter 78/135 - loss 0.06328319 - samples/sec: 293.80 - lr: 0.001563
2022-12-03 16:53:31,424 epoch 43 - iter 91/135 - loss 0.06431712 - samples/sec: 294.59 - lr: 0.001563
2022-12-03 16:53:32,914 epoch 43 - iter 104/135 - loss 0.06450566 - samples/sec: 284.89 - lr: 0.001563
2022-12-03 16:53:34,421 epoch 43 - iter 117/135 - loss 0.06458979 - samples/sec: 279.97 - lr: 0.001563
2022-12-03 16:53:35,867 epoch 43 - iter 130/135 - loss 0.06479050 - samples/sec: 292.61 - lr: 0.001563
2022-12-03 16:53:36,326 ----------------------------------------------------------------------------------------------------
2022-12-03 16:53:36,328 EPOCH 43 done: loss 0.0646 - lr 0.001563
2022-12-03 16:54:02,195 Evaluating as a multi-label problem: False
2022-12-03 16:54:02,315 DEV : loss 0.10086110979318619 - f1-score (micro avg)  0.815
2022-12-03 16:54:02,780 BAD EPOCHS (no improvement): 3
2022-12-03 16:54:02,783 ----------------------------------------------------------------------------------------------------
2022-12-03 16:54:04,324 epoch 44 - iter 13/135 - loss 0.06297656 - samples/sec: 270.97 - lr: 0.001563
2022-12-03 16:54:05,784 epoch 44 - iter 26/135 - loss 0.06247043 - samples/sec: 289.21 - lr: 0.001563
2022-12-03 16:54:07,228 epoch 44 - iter 39/135 - loss 0.06417869 - samples/sec: 292.30 - lr: 0.001563
2022-12-03 16:54:08,673 epoch 44 - iter 52/135 - loss 0.06410173 - samples/sec: 292.22 - lr: 0.001563
2022-12-03 16:54:10,159 epoch 44 - iter 65/135 - loss 0.06514487 - samples/sec: 284.05 - lr: 0.001563
2022-12-03 16:54:11,646 epoch 44 - iter 78/135 - loss 0.06504168 - samples/sec: 283.80 - lr: 0.001563
2022-12-03 16:54:13,071 epoch 44 - iter 91/135 - loss 0.06530149 - samples/sec: 296.52 - lr: 0.001563
2022-12-03 16:54:14,530 epoch 44 - iter 104/135 - loss 0.06517907 - samples/sec: 289.42 - lr: 0.001563
2022-12-03 16:54:16,025 epoch 44 - iter 117/135 - loss 0.06517142 - samples/sec: 282.51 - lr: 0.001563
2022-12-03 16:54:17,488 epoch 44 - iter 130/135 - loss 0.06545179 - samples/sec: 288.65 - lr: 0.001563
2022-12-03 16:54:17,988 ----------------------------------------------------------------------------------------------------
2022-12-03 16:54:17,990 EPOCH 44 done: loss 0.0652 - lr 0.001563
2022-12-03 16:54:42,395 Evaluating as a multi-label problem: False
2022-12-03 16:54:42,504 DEV : loss 0.10086672753095627 - f1-score (micro avg)  0.814
2022-12-03 16:54:42,959 Epoch    44: reducing learning rate of group 0 to 7.8125e-04.
2022-12-03 16:54:42,960 BAD EPOCHS (no improvement): 4
2022-12-03 16:54:42,964 ----------------------------------------------------------------------------------------------------
2022-12-03 16:54:44,504 epoch 45 - iter 13/135 - loss 0.06277380 - samples/sec: 270.84 - lr: 0.000781
2022-12-03 16:54:45,994 epoch 45 - iter 26/135 - loss 0.06146727 - samples/sec: 283.24 - lr: 0.000781
2022-12-03 16:54:47,365 epoch 45 - iter 39/135 - loss 0.06272012 - samples/sec: 307.99 - lr: 0.000781
2022-12-03 16:54:48,744 epoch 45 - iter 52/135 - loss 0.06066190 - samples/sec: 306.78 - lr: 0.000781
2022-12-03 16:54:50,190 epoch 45 - iter 65/135 - loss 0.06125689 - samples/sec: 292.02 - lr: 0.000781
2022-12-03 16:54:51,730 epoch 45 - iter 78/135 - loss 0.06186287 - samples/sec: 273.94 - lr: 0.000781
2022-12-03 16:54:53,176 epoch 45 - iter 91/135 - loss 0.06297796 - samples/sec: 291.99 - lr: 0.000781
2022-12-03 16:54:54,614 epoch 45 - iter 104/135 - loss 0.06347864 - samples/sec: 293.80 - lr: 0.000781
2022-12-03 16:54:56,032 epoch 45 - iter 117/135 - loss 0.06391601 - samples/sec: 297.79 - lr: 0.000781
2022-12-03 16:54:57,456 epoch 45 - iter 130/135 - loss 0.06414740 - samples/sec: 296.64 - lr: 0.000781
2022-12-03 16:54:57,934 ----------------------------------------------------------------------------------------------------
2022-12-03 16:54:57,936 EPOCH 45 done: loss 0.0640 - lr 0.000781
2022-12-03 16:55:22,276 Evaluating as a multi-label problem: False
2022-12-03 16:55:22,374 DEV : loss 0.10115446150302887 - f1-score (micro avg)  0.814
2022-12-03 16:55:22,833 BAD EPOCHS (no improvement): 1
2022-12-03 16:55:22,835 ----------------------------------------------------------------------------------------------------
2022-12-03 16:55:24,400 epoch 46 - iter 13/135 - loss 0.06820230 - samples/sec: 266.71 - lr: 0.000781
2022-12-03 16:55:25,845 epoch 46 - iter 26/135 - loss 0.06783976 - samples/sec: 292.86 - lr: 0.000781
2022-12-03 16:55:27,274 epoch 46 - iter 39/135 - loss 0.06453930 - samples/sec: 295.64 - lr: 0.000781
2022-12-03 16:55:28,691 epoch 46 - iter 52/135 - loss 0.06527262 - samples/sec: 298.37 - lr: 0.000781
2022-12-03 16:55:30,137 epoch 46 - iter 65/135 - loss 0.06488273 - samples/sec: 291.94 - lr: 0.000781
2022-12-03 16:55:31,572 epoch 46 - iter 78/135 - loss 0.06425803 - samples/sec: 294.36 - lr: 0.000781
2022-12-03 16:55:33,030 epoch 46 - iter 91/135 - loss 0.06341115 - samples/sec: 291.42 - lr: 0.000781
2022-12-03 16:55:34,424 epoch 46 - iter 104/135 - loss 0.06296040 - samples/sec: 302.93 - lr: 0.000781
2022-12-03 16:55:35,861 epoch 46 - iter 117/135 - loss 0.06312851 - samples/sec: 295.67 - lr: 0.000781
2022-12-03 16:55:37,379 epoch 46 - iter 130/135 - loss 0.06392647 - samples/sec: 277.91 - lr: 0.000781
2022-12-03 16:55:37,863 ----------------------------------------------------------------------------------------------------
2022-12-03 16:55:37,866 EPOCH 46 done: loss 0.0637 - lr 0.000781
2022-12-03 16:56:01,993 Evaluating as a multi-label problem: False
2022-12-03 16:56:02,094 DEV : loss 0.1012072041630745 - f1-score (micro avg)  0.8143
2022-12-03 16:56:02,558 BAD EPOCHS (no improvement): 2
2022-12-03 16:56:02,560 ----------------------------------------------------------------------------------------------------
2022-12-03 16:56:04,144 epoch 47 - iter 13/135 - loss 0.06507352 - samples/sec: 264.00 - lr: 0.000781
2022-12-03 16:56:05,598 epoch 47 - iter 26/135 - loss 0.06581239 - samples/sec: 290.37 - lr: 0.000781
2022-12-03 16:56:07,007 epoch 47 - iter 39/135 - loss 0.06455777 - samples/sec: 299.85 - lr: 0.000781
2022-12-03 16:56:08,499 epoch 47 - iter 52/135 - loss 0.06591973 - samples/sec: 283.02 - lr: 0.000781
2022-12-03 16:56:09,932 epoch 47 - iter 65/135 - loss 0.06513086 - samples/sec: 294.71 - lr: 0.000781
2022-12-03 16:56:11,357 epoch 47 - iter 78/135 - loss 0.06510704 - samples/sec: 296.60 - lr: 0.000781
2022-12-03 16:56:12,741 epoch 47 - iter 91/135 - loss 0.06482224 - samples/sec: 305.57 - lr: 0.000781
2022-12-03 16:56:14,160 epoch 47 - iter 104/135 - loss 0.06562850 - samples/sec: 297.65 - lr: 0.000781
2022-12-03 16:56:15,642 epoch 47 - iter 117/135 - loss 0.06519340 - samples/sec: 284.94 - lr: 0.000781
2022-12-03 16:56:17,117 epoch 47 - iter 130/135 - loss 0.06538308 - samples/sec: 286.28 - lr: 0.000781
2022-12-03 16:56:17,639 ----------------------------------------------------------------------------------------------------
2022-12-03 16:56:17,641 EPOCH 47 done: loss 0.0650 - lr 0.000781
2022-12-03 16:56:42,000 Evaluating as a multi-label problem: False
2022-12-03 16:56:42,099 DEV : loss 0.10127238929271698 - f1-score (micro avg)  0.8142
2022-12-03 16:56:42,561 BAD EPOCHS (no improvement): 3
2022-12-03 16:56:42,562 ----------------------------------------------------------------------------------------------------
2022-12-03 16:56:44,083 epoch 48 - iter 13/135 - loss 0.06280223 - samples/sec: 274.87 - lr: 0.000781
2022-12-03 16:56:45,504 epoch 48 - iter 26/135 - loss 0.06414096 - samples/sec: 297.39 - lr: 0.000781
2022-12-03 16:56:46,911 epoch 48 - iter 39/135 - loss 0.06523539 - samples/sec: 300.48 - lr: 0.000781
2022-12-03 16:56:48,417 epoch 48 - iter 52/135 - loss 0.06494110 - samples/sec: 280.42 - lr: 0.000781
2022-12-03 16:56:49,888 epoch 48 - iter 65/135 - loss 0.06496644 - samples/sec: 286.85 - lr: 0.000781
2022-12-03 16:56:51,292 epoch 48 - iter 78/135 - loss 0.06381589 - samples/sec: 301.09 - lr: 0.000781
2022-12-03 16:56:52,747 epoch 48 - iter 91/135 - loss 0.06319804 - samples/sec: 290.15 - lr: 0.000781
2022-12-03 16:56:54,217 epoch 48 - iter 104/135 - loss 0.06368050 - samples/sec: 287.27 - lr: 0.000781
2022-12-03 16:56:55,659 epoch 48 - iter 117/135 - loss 0.06399126 - samples/sec: 292.94 - lr: 0.000781
2022-12-03 16:56:57,088 epoch 48 - iter 130/135 - loss 0.06392086 - samples/sec: 296.13 - lr: 0.000781
2022-12-03 16:56:57,602 ----------------------------------------------------------------------------------------------------
2022-12-03 16:56:57,603 EPOCH 48 done: loss 0.0641 - lr 0.000781
2022-12-03 16:57:20,179 Evaluating as a multi-label problem: False
2022-12-03 16:57:20,277 DEV : loss 0.1011594757437706 - f1-score (micro avg)  0.8143
2022-12-03 16:57:20,742 Epoch    48: reducing learning rate of group 0 to 3.9063e-04.
2022-12-03 16:57:20,743 BAD EPOCHS (no improvement): 4
2022-12-03 16:57:20,748 ----------------------------------------------------------------------------------------------------
2022-12-03 16:57:22,320 epoch 49 - iter 13/135 - loss 0.06260402 - samples/sec: 265.55 - lr: 0.000391
2022-12-03 16:57:23,715 epoch 49 - iter 26/135 - loss 0.06478308 - samples/sec: 302.93 - lr: 0.000391
2022-12-03 16:57:25,095 epoch 49 - iter 39/135 - loss 0.06325589 - samples/sec: 307.14 - lr: 0.000391
2022-12-03 16:57:26,644 epoch 49 - iter 52/135 - loss 0.06212414 - samples/sec: 272.42 - lr: 0.000391
2022-12-03 16:57:28,019 epoch 49 - iter 65/135 - loss 0.06327756 - samples/sec: 307.28 - lr: 0.000391
2022-12-03 16:57:29,479 epoch 49 - iter 78/135 - loss 0.06329107 - samples/sec: 290.13 - lr: 0.000391
2022-12-03 16:57:33,278 epoch 49 - iter 91/135 - loss 0.06256342 - samples/sec: 110.16 - lr: 0.000391
2022-12-03 16:57:34,846 epoch 49 - iter 104/135 - loss 0.06333305 - samples/sec: 272.63 - lr: 0.000391
2022-12-03 16:57:36,331 epoch 49 - iter 117/135 - loss 0.06356487 - samples/sec: 284.04 - lr: 0.000391
2022-12-03 16:57:37,820 epoch 49 - iter 130/135 - loss 0.06326025 - samples/sec: 284.02 - lr: 0.000391
2022-12-03 16:57:38,281 ----------------------------------------------------------------------------------------------------
2022-12-03 16:57:38,283 EPOCH 49 done: loss 0.0638 - lr 0.000391
2022-12-03 16:58:00,670 Evaluating as a multi-label problem: False
2022-12-03 16:58:00,766 DEV : loss 0.10123956203460693 - f1-score (micro avg)  0.814
2022-12-03 16:58:01,227 BAD EPOCHS (no improvement): 1
2022-12-03 16:58:01,228 ----------------------------------------------------------------------------------------------------
2022-12-03 16:58:02,804 epoch 50 - iter 13/135 - loss 0.05797335 - samples/sec: 265.23 - lr: 0.000391
2022-12-03 16:58:04,291 epoch 50 - iter 26/135 - loss 0.06222029 - samples/sec: 284.02 - lr: 0.000391
2022-12-03 16:58:05,699 epoch 50 - iter 39/135 - loss 0.06238497 - samples/sec: 299.93 - lr: 0.000391
2022-12-03 16:58:07,103 epoch 50 - iter 52/135 - loss 0.06381390 - samples/sec: 301.06 - lr: 0.000391
2022-12-03 16:58:08,542 epoch 50 - iter 65/135 - loss 0.06452241 - samples/sec: 293.27 - lr: 0.000391
2022-12-03 16:58:09,918 epoch 50 - iter 78/135 - loss 0.06501199 - samples/sec: 307.15 - lr: 0.000391
2022-12-03 16:58:11,296 epoch 50 - iter 91/135 - loss 0.06483367 - samples/sec: 306.93 - lr: 0.000391
2022-12-03 16:58:12,776 epoch 50 - iter 104/135 - loss 0.06521328 - samples/sec: 285.09 - lr: 0.000391
2022-12-03 16:58:14,183 epoch 50 - iter 117/135 - loss 0.06572760 - samples/sec: 300.76 - lr: 0.000391
2022-12-03 16:58:15,690 epoch 50 - iter 130/135 - loss 0.06464865 - samples/sec: 280.32 - lr: 0.000391
2022-12-03 16:58:16,153 ----------------------------------------------------------------------------------------------------
2022-12-03 16:58:16,155 EPOCH 50 done: loss 0.0646 - lr 0.000391
2022-12-03 16:58:40,240 Evaluating as a multi-label problem: False
2022-12-03 16:58:40,344 DEV : loss 0.10129989683628082 - f1-score (micro avg)  0.8139
2022-12-03 16:58:40,806 BAD EPOCHS (no improvement): 2
2022-12-03 16:58:40,808 ----------------------------------------------------------------------------------------------------
2022-12-03 16:58:42,379 epoch 51 - iter 13/135 - loss 0.05824325 - samples/sec: 265.74 - lr: 0.000391
2022-12-03 16:58:43,839 epoch 51 - iter 26/135 - loss 0.06156876 - samples/sec: 289.57 - lr: 0.000391
2022-12-03 16:58:45,255 epoch 51 - iter 39/135 - loss 0.06294547 - samples/sec: 298.12 - lr: 0.000391
2022-12-03 16:58:46,699 epoch 51 - iter 52/135 - loss 0.06155906 - samples/sec: 292.49 - lr: 0.000391
2022-12-03 16:58:48,131 epoch 51 - iter 65/135 - loss 0.06047831 - samples/sec: 294.90 - lr: 0.000391
2022-12-03 16:58:49,583 epoch 51 - iter 78/135 - loss 0.06206023 - samples/sec: 290.81 - lr: 0.000391
2022-12-03 16:58:50,983 epoch 51 - iter 91/135 - loss 0.06199865 - samples/sec: 301.76 - lr: 0.000391
2022-12-03 16:58:52,511 epoch 51 - iter 104/135 - loss 0.06227344 - samples/sec: 276.00 - lr: 0.000391
2022-12-03 16:58:53,918 epoch 51 - iter 117/135 - loss 0.06191469 - samples/sec: 300.53 - lr: 0.000391
2022-12-03 16:58:55,423 epoch 51 - iter 130/135 - loss 0.06160132 - samples/sec: 280.58 - lr: 0.000391
2022-12-03 16:58:55,910 ----------------------------------------------------------------------------------------------------
2022-12-03 16:58:55,912 EPOCH 51 done: loss 0.0618 - lr 0.000391
2022-12-03 16:59:20,379 Evaluating as a multi-label problem: False
2022-12-03 16:59:20,477 DEV : loss 0.10132648050785065 - f1-score (micro avg)  0.814
2022-12-03 16:59:20,972 BAD EPOCHS (no improvement): 3
2022-12-03 16:59:20,974 ----------------------------------------------------------------------------------------------------
2022-12-03 16:59:22,535 epoch 52 - iter 13/135 - loss 0.06508252 - samples/sec: 267.53 - lr: 0.000391
2022-12-03 16:59:23,987 epoch 52 - iter 26/135 - loss 0.06328817 - samples/sec: 291.31 - lr: 0.000391
2022-12-03 16:59:25,404 epoch 52 - iter 39/135 - loss 0.06306026 - samples/sec: 298.07 - lr: 0.000391
2022-12-03 16:59:26,861 epoch 52 - iter 52/135 - loss 0.06393551 - samples/sec: 290.41 - lr: 0.000391
2022-12-03 16:59:28,337 epoch 52 - iter 65/135 - loss 0.06328234 - samples/sec: 285.95 - lr: 0.000391
2022-12-03 16:59:29,795 epoch 52 - iter 78/135 - loss 0.06260191 - samples/sec: 289.43 - lr: 0.000391
2022-12-03 16:59:31,295 epoch 52 - iter 91/135 - loss 0.06223937 - samples/sec: 282.00 - lr: 0.000391
2022-12-03 16:59:32,693 epoch 52 - iter 104/135 - loss 0.06274803 - samples/sec: 302.37 - lr: 0.000391
2022-12-03 16:59:34,184 epoch 52 - iter 117/135 - loss 0.06205693 - samples/sec: 283.56 - lr: 0.000391
2022-12-03 16:59:35,661 epoch 52 - iter 130/135 - loss 0.06327793 - samples/sec: 287.84 - lr: 0.000391
2022-12-03 16:59:36,153 ----------------------------------------------------------------------------------------------------
2022-12-03 16:59:36,155 EPOCH 52 done: loss 0.0629 - lr 0.000391
2022-12-03 17:00:00,373 Evaluating as a multi-label problem: False
2022-12-03 17:00:00,487 DEV : loss 0.1013476699590683 - f1-score (micro avg)  0.814
2022-12-03 17:00:00,959 Epoch    52: reducing learning rate of group 0 to 1.9531e-04.
2022-12-03 17:00:00,961 BAD EPOCHS (no improvement): 4
2022-12-03 17:00:00,965 ----------------------------------------------------------------------------------------------------
2022-12-03 17:00:02,507 epoch 53 - iter 13/135 - loss 0.06114026 - samples/sec: 270.90 - lr: 0.000195
2022-12-03 17:00:04,037 epoch 53 - iter 26/135 - loss 0.06123672 - samples/sec: 275.68 - lr: 0.000195
2022-12-03 17:00:05,485 epoch 53 - iter 39/135 - loss 0.06197357 - samples/sec: 291.66 - lr: 0.000195
2022-12-03 17:00:06,918 epoch 53 - iter 52/135 - loss 0.06306885 - samples/sec: 294.70 - lr: 0.000195
2022-12-03 17:00:08,350 epoch 53 - iter 65/135 - loss 0.06317969 - samples/sec: 294.75 - lr: 0.000195
2022-12-03 17:00:09,824 epoch 53 - iter 78/135 - loss 0.06363504 - samples/sec: 286.57 - lr: 0.000195
2022-12-03 17:00:11,210 epoch 53 - iter 91/135 - loss 0.06427613 - samples/sec: 304.70 - lr: 0.000195
2022-12-03 17:00:12,612 epoch 53 - iter 104/135 - loss 0.06322405 - samples/sec: 301.33 - lr: 0.000195
2022-12-03 17:00:14,008 epoch 53 - iter 117/135 - loss 0.06265623 - samples/sec: 302.67 - lr: 0.000195
2022-12-03 17:00:15,459 epoch 53 - iter 130/135 - loss 0.06341453 - samples/sec: 291.10 - lr: 0.000195
2022-12-03 17:00:15,925 ----------------------------------------------------------------------------------------------------
2022-12-03 17:00:15,927 EPOCH 53 done: loss 0.0635 - lr 0.000195
2022-12-03 17:00:40,041 Evaluating as a multi-label problem: False
2022-12-03 17:00:40,136 DEV : loss 0.10136914253234863 - f1-score (micro avg)  0.8143
2022-12-03 17:00:40,601 BAD EPOCHS (no improvement): 1
2022-12-03 17:00:40,605 ----------------------------------------------------------------------------------------------------
2022-12-03 17:00:42,160 epoch 54 - iter 13/135 - loss 0.06182817 - samples/sec: 268.37 - lr: 0.000195
2022-12-03 17:00:43,585 epoch 54 - iter 26/135 - loss 0.06344823 - samples/sec: 296.23 - lr: 0.000195
2022-12-03 17:00:45,066 epoch 54 - iter 39/135 - loss 0.06238992 - samples/sec: 285.11 - lr: 0.000195
2022-12-03 17:00:46,539 epoch 54 - iter 52/135 - loss 0.06144922 - samples/sec: 286.78 - lr: 0.000195
2022-12-03 17:00:47,937 epoch 54 - iter 65/135 - loss 0.06339241 - samples/sec: 302.37 - lr: 0.000195
2022-12-03 17:00:49,344 epoch 54 - iter 78/135 - loss 0.06312056 - samples/sec: 300.29 - lr: 0.000195
2022-12-03 17:00:50,735 epoch 54 - iter 91/135 - loss 0.06341209 - samples/sec: 304.09 - lr: 0.000195
2022-12-03 17:00:52,203 epoch 54 - iter 104/135 - loss 0.06397851 - samples/sec: 287.49 - lr: 0.000195
2022-12-03 17:00:53,622 epoch 54 - iter 117/135 - loss 0.06420015 - samples/sec: 297.71 - lr: 0.000195
2022-12-03 17:00:55,071 epoch 54 - iter 130/135 - loss 0.06405433 - samples/sec: 291.47 - lr: 0.000195
2022-12-03 17:00:55,580 ----------------------------------------------------------------------------------------------------
2022-12-03 17:00:55,582 EPOCH 54 done: loss 0.0638 - lr 0.000195
2022-12-03 17:01:21,308 Evaluating as a multi-label problem: False
2022-12-03 17:01:21,409 DEV : loss 0.10136054456233978 - f1-score (micro avg)  0.8141
2022-12-03 17:01:21,884 BAD EPOCHS (no improvement): 2
2022-12-03 17:01:21,886 ----------------------------------------------------------------------------------------------------
2022-12-03 17:01:23,519 epoch 55 - iter 13/135 - loss 0.06468027 - samples/sec: 255.61 - lr: 0.000195
2022-12-03 17:01:24,999 epoch 55 - iter 26/135 - loss 0.06701048 - samples/sec: 285.30 - lr: 0.000195
2022-12-03 17:01:26,505 epoch 55 - iter 39/135 - loss 0.06704972 - samples/sec: 280.30 - lr: 0.000195
2022-12-03 17:01:27,929 epoch 55 - iter 52/135 - loss 0.06437044 - samples/sec: 296.89 - lr: 0.000195
2022-12-03 17:01:29,373 epoch 55 - iter 65/135 - loss 0.06530531 - samples/sec: 292.55 - lr: 0.000195
2022-12-03 17:01:30,777 epoch 55 - iter 78/135 - loss 0.06566441 - samples/sec: 300.89 - lr: 0.000195
2022-12-03 17:01:32,215 epoch 55 - iter 91/135 - loss 0.06566036 - samples/sec: 294.19 - lr: 0.000195
2022-12-03 17:01:33,674 epoch 55 - iter 104/135 - loss 0.06452808 - samples/sec: 289.61 - lr: 0.000195
2022-12-03 17:01:35,115 epoch 55 - iter 117/135 - loss 0.06454511 - samples/sec: 293.27 - lr: 0.000195
2022-12-03 17:01:36,570 epoch 55 - iter 130/135 - loss 0.06459429 - samples/sec: 290.33 - lr: 0.000195
2022-12-03 17:01:37,029 ----------------------------------------------------------------------------------------------------
2022-12-03 17:01:37,030 EPOCH 55 done: loss 0.0642 - lr 0.000195
2022-12-03 17:02:01,296 Evaluating as a multi-label problem: False
2022-12-03 17:02:01,395 DEV : loss 0.10131732374429703 - f1-score (micro avg)  0.8141
2022-12-03 17:02:01,854 BAD EPOCHS (no improvement): 3
2022-12-03 17:02:01,856 ----------------------------------------------------------------------------------------------------
2022-12-03 17:02:03,418 epoch 56 - iter 13/135 - loss 0.06227961 - samples/sec: 268.59 - lr: 0.000195
2022-12-03 17:02:04,882 epoch 56 - iter 26/135 - loss 0.06221806 - samples/sec: 288.61 - lr: 0.000195
2022-12-03 17:02:06,278 epoch 56 - iter 39/135 - loss 0.06415267 - samples/sec: 303.14 - lr: 0.000195
2022-12-03 17:02:07,729 epoch 56 - iter 52/135 - loss 0.06399214 - samples/sec: 291.02 - lr: 0.000195
2022-12-03 17:02:09,215 epoch 56 - iter 65/135 - loss 0.06328567 - samples/sec: 284.06 - lr: 0.000195
2022-12-03 17:02:10,668 epoch 56 - iter 78/135 - loss 0.06413822 - samples/sec: 290.72 - lr: 0.000195
2022-12-03 17:02:12,114 epoch 56 - iter 91/135 - loss 0.06454217 - samples/sec: 292.21 - lr: 0.000195
2022-12-03 17:02:13,531 epoch 56 - iter 104/135 - loss 0.06519811 - samples/sec: 298.00 - lr: 0.000195
2022-12-03 17:02:14,989 epoch 56 - iter 117/135 - loss 0.06596874 - samples/sec: 290.57 - lr: 0.000195
2022-12-03 17:02:16,437 epoch 56 - iter 130/135 - loss 0.06536658 - samples/sec: 292.25 - lr: 0.000195
2022-12-03 17:02:16,929 ----------------------------------------------------------------------------------------------------
2022-12-03 17:02:16,930 EPOCH 56 done: loss 0.0651 - lr 0.000195
2022-12-03 17:02:39,530 Evaluating as a multi-label problem: False
2022-12-03 17:02:39,628 DEV : loss 0.10130804777145386 - f1-score (micro avg)  0.8141
2022-12-03 17:02:40,100 Epoch    56: reducing learning rate of group 0 to 9.7656e-05.
2022-12-03 17:02:40,101 BAD EPOCHS (no improvement): 4
2022-12-03 17:02:40,107 ----------------------------------------------------------------------------------------------------
2022-12-03 17:02:40,113 ----------------------------------------------------------------------------------------------------
2022-12-03 17:02:40,114 learning rate too small - quitting training!
2022-12-03 17:02:40,116 ----------------------------------------------------------------------------------------------------
2022-12-03 17:02:42,141 ----------------------------------------------------------------------------------------------------
2022-12-03 17:02:42,149 loading file ner_03_results/best-model.pt
2022-12-03 17:02:43,567 SequenceTagger predicts: Dictionary with 35 tags: O, S-geo, B-geo, E-geo, I-geo, S-org, B-org, E-org, I-org, S-tim, B-tim, E-tim, I-tim, S-gpe, B-gpe, E-gpe, I-gpe, S-per, B-per, E-per, I-per, S-art, B-art, E-art, I-art, S-eve, B-eve, E-eve, I-eve, S-nat, B-nat, E-nat, I-nat, <START>, <STOP>
2022-12-03 17:02:49,148 Evaluating as a multi-label problem: False
2022-12-03 17:02:49,170 0.8239	0.8038	0.8137	0.7446
2022-12-03 17:02:49,172 
Results:
- F-score (micro) 0.8137
- F-score (macro) 0.6018
- Accuracy 0.7446

By class:
              precision    recall  f1-score   support

         geo     0.7898    0.8879    0.8359       330
         tim     0.8912    0.8230    0.8557       209
         org     0.7000    0.6238    0.6597       202
         per     0.8286    0.8333    0.8309       174
         gpe     0.9679    0.8389    0.8988       180
         eve     0.3333    0.3333    0.3333         3
         nat     1.0000    0.2500    0.4000         4
         art     0.0000    0.0000    0.0000         4

   micro avg     0.8239    0.8038    0.8137      1106
   macro avg     0.6889    0.5738    0.6018      1106
weighted avg     0.8243    0.8038    0.8110      1106

2022-12-03 17:02:49,175 ----------------------------------------------------------------------------------------------------
