2023-01-06 21:15:13,931 ----------------------------------------------------------------------------------------------------
2023-01-06 21:15:13,933 Model: "SequenceTagger(
  (embeddings): StackedEmbeddings(
    (list_embedding_0): WordEmbeddings(
      'glove'
      (embedding): Embedding(400001, 100)
    )
    (list_embedding_1): FlairEmbeddings(
      (lm): LanguageModel(
        (drop): Dropout(p=0.05, inplace=False)
        (encoder): Embedding(300, 100)
        (rnn): LSTM(100, 2048)
        (decoder): Linear(in_features=2048, out_features=300, bias=True)
      )
    )
    (list_embedding_2): FlairEmbeddings(
      (lm): LanguageModel(
        (drop): Dropout(p=0.05, inplace=False)
        (encoder): Embedding(300, 100)
        (rnn): LSTM(100, 2048)
        (decoder): Linear(in_features=2048, out_features=300, bias=True)
      )
    )
  )
  (word_dropout): WordDropout(p=0.05)
  (locked_dropout): LockedDropout(p=0.5)
  (embedding2nn): Linear(in_features=4196, out_features=4196, bias=True)
  (rnn): LSTM(4196, 256, batch_first=True, bidirectional=True)
  (linear): Linear(in_features=512, out_features=35, bias=True)
  (loss_function): ViterbiLoss()
  (crf): CRF()
)"
2023-01-06 21:15:13,934 ----------------------------------------------------------------------------------------------------
2023-01-06 21:15:13,937 Corpus: "Corpus: 34511 train + 4778 dev + 3834 test sentences"
2023-01-06 21:15:13,939 ----------------------------------------------------------------------------------------------------
2023-01-06 21:15:13,940 Parameters:
2023-01-06 21:15:13,942  - learning_rate: "0.100000"
2023-01-06 21:15:13,943  - mini_batch_size: "32"
2023-01-06 21:15:13,944  - patience: "3"
2023-01-06 21:15:13,946  - anneal_factor: "0.5"
2023-01-06 21:15:13,948  - max_epochs: "40"
2023-01-06 21:15:13,949  - shuffle: "True"
2023-01-06 21:15:13,950  - train_with_dev: "False"
2023-01-06 21:15:13,952  - batch_growth_annealing: "False"
2023-01-06 21:15:13,953 ----------------------------------------------------------------------------------------------------
2023-01-06 21:15:13,955 Model training base path: "ner_03_results"
2023-01-06 21:15:13,957 ----------------------------------------------------------------------------------------------------
2023-01-06 21:15:13,958 Device: cuda:0
2023-01-06 21:15:13,960 ----------------------------------------------------------------------------------------------------
2023-01-06 21:15:13,961 Embeddings storage mode: cpu
2023-01-06 21:15:13,962 ----------------------------------------------------------------------------------------------------
2023-01-06 21:15:30,069 epoch 1 - iter 107/1079 - loss 0.61334343 - samples/sec: 212.76 - lr: 0.100000
2023-01-06 21:15:45,464 epoch 1 - iter 214/1079 - loss 0.45154326 - samples/sec: 222.86 - lr: 0.100000
2023-01-06 21:16:00,906 epoch 1 - iter 321/1079 - loss 0.37544831 - samples/sec: 222.15 - lr: 0.100000
2023-01-06 21:16:16,317 epoch 1 - iter 428/1079 - loss 0.33219506 - samples/sec: 222.58 - lr: 0.100000
2023-01-06 21:16:31,866 epoch 1 - iter 535/1079 - loss 0.30172351 - samples/sec: 220.61 - lr: 0.100000
2023-01-06 21:16:52,269 epoch 1 - iter 642/1079 - loss 0.28059194 - samples/sec: 168.04 - lr: 0.100000
2023-01-06 21:17:07,578 epoch 1 - iter 749/1079 - loss 0.26336624 - samples/sec: 224.06 - lr: 0.100000
2023-01-06 21:17:23,014 epoch 1 - iter 856/1079 - loss 0.25001265 - samples/sec: 222.22 - lr: 0.100000
2023-01-06 21:17:38,970 epoch 1 - iter 963/1079 - loss 0.23935096 - samples/sec: 214.96 - lr: 0.100000
2023-01-06 21:17:54,620 epoch 1 - iter 1070/1079 - loss 0.23004532 - samples/sec: 219.19 - lr: 0.100000
2023-01-06 21:17:55,930 ----------------------------------------------------------------------------------------------------
2023-01-06 21:17:55,931 EPOCH 1 done: loss 0.2294 - lr 0.100000
2023-01-06 21:18:28,558 Evaluating as a multi-label problem: False
2023-01-06 21:18:28,653 DEV : loss 0.1021013855934143 - f1-score (micro avg)  0.818
2023-01-06 21:18:29,131 BAD EPOCHS (no improvement): 0
2023-01-06 21:18:29,134 saving best model
2023-01-06 21:18:30,167 ----------------------------------------------------------------------------------------------------
2023-01-06 21:18:41,022 epoch 2 - iter 107/1079 - loss 0.14070223 - samples/sec: 316.13 - lr: 0.100000
2023-01-06 21:18:52,032 epoch 2 - iter 214/1079 - loss 0.13792294 - samples/sec: 311.89 - lr: 0.100000
2023-01-06 21:19:02,846 epoch 2 - iter 321/1079 - loss 0.13452211 - samples/sec: 317.48 - lr: 0.100000
2023-01-06 21:19:13,802 epoch 2 - iter 428/1079 - loss 0.13346487 - samples/sec: 313.40 - lr: 0.100000
2023-01-06 21:19:24,838 epoch 2 - iter 535/1079 - loss 0.13157298 - samples/sec: 311.10 - lr: 0.100000
2023-01-06 21:19:35,692 epoch 2 - iter 642/1079 - loss 0.13034693 - samples/sec: 316.34 - lr: 0.100000
2023-01-06 21:19:46,667 epoch 2 - iter 749/1079 - loss 0.12876653 - samples/sec: 312.85 - lr: 0.100000
2023-01-06 21:19:57,497 epoch 2 - iter 856/1079 - loss 0.12745695 - samples/sec: 317.10 - lr: 0.100000
2023-01-06 21:20:08,487 epoch 2 - iter 963/1079 - loss 0.12652409 - samples/sec: 312.39 - lr: 0.100000
2023-01-06 21:20:19,459 epoch 2 - iter 1070/1079 - loss 0.12584492 - samples/sec: 312.94 - lr: 0.100000
2023-01-06 21:20:20,350 ----------------------------------------------------------------------------------------------------
2023-01-06 21:20:20,352 EPOCH 2 done: loss 0.1258 - lr 0.100000
2023-01-06 21:20:41,071 Evaluating as a multi-label problem: False
2023-01-06 21:20:41,162 DEV : loss 0.08237498253583908 - f1-score (micro avg)  0.8333
2023-01-06 21:20:41,633 BAD EPOCHS (no improvement): 0
2023-01-06 21:20:41,635 saving best model
2023-01-06 21:20:42,935 ----------------------------------------------------------------------------------------------------
2023-01-06 21:20:53,762 epoch 3 - iter 107/1079 - loss 0.11301309 - samples/sec: 316.72 - lr: 0.100000
2023-01-06 21:21:04,743 epoch 3 - iter 214/1079 - loss 0.11039683 - samples/sec: 312.66 - lr: 0.100000
2023-01-06 21:21:15,641 epoch 3 - iter 321/1079 - loss 0.11150286 - samples/sec: 315.05 - lr: 0.100000
2023-01-06 21:21:26,483 epoch 3 - iter 428/1079 - loss 0.11144269 - samples/sec: 316.66 - lr: 0.100000
2023-01-06 21:21:37,378 epoch 3 - iter 535/1079 - loss 0.11189306 - samples/sec: 315.14 - lr: 0.100000
2023-01-06 21:21:48,384 epoch 3 - iter 642/1079 - loss 0.11080579 - samples/sec: 311.95 - lr: 0.100000
2023-01-06 21:21:59,540 epoch 3 - iter 749/1079 - loss 0.11058719 - samples/sec: 307.74 - lr: 0.100000
2023-01-06 21:22:10,436 epoch 3 - iter 856/1079 - loss 0.11010136 - samples/sec: 315.13 - lr: 0.100000
2023-01-06 21:22:21,316 epoch 3 - iter 963/1079 - loss 0.10940220 - samples/sec: 315.57 - lr: 0.100000
2023-01-06 21:22:32,397 epoch 3 - iter 1070/1079 - loss 0.10947160 - samples/sec: 309.85 - lr: 0.100000
2023-01-06 21:22:33,263 ----------------------------------------------------------------------------------------------------
2023-01-06 21:22:33,265 EPOCH 3 done: loss 0.1094 - lr 0.100000
2023-01-06 21:22:54,123 Evaluating as a multi-label problem: False
2023-01-06 21:22:54,217 DEV : loss 0.07623609155416489 - f1-score (micro avg)  0.8369
2023-01-06 21:22:54,692 BAD EPOCHS (no improvement): 0
2023-01-06 21:22:54,694 saving best model
2023-01-06 21:22:55,999 ----------------------------------------------------------------------------------------------------
2023-01-06 21:23:06,854 epoch 4 - iter 107/1079 - loss 0.10183927 - samples/sec: 315.94 - lr: 0.100000
2023-01-06 21:23:17,960 epoch 4 - iter 214/1079 - loss 0.10126273 - samples/sec: 309.13 - lr: 0.100000
2023-01-06 21:23:28,660 epoch 4 - iter 321/1079 - loss 0.10016268 - samples/sec: 320.90 - lr: 0.100000
2023-01-06 21:23:39,447 epoch 4 - iter 428/1079 - loss 0.10183068 - samples/sec: 318.36 - lr: 0.100000
2023-01-06 21:23:50,362 epoch 4 - iter 535/1079 - loss 0.10111898 - samples/sec: 314.53 - lr: 0.100000
2023-01-06 21:24:01,186 epoch 4 - iter 642/1079 - loss 0.10089163 - samples/sec: 317.22 - lr: 0.100000
2023-01-06 21:24:12,103 epoch 4 - iter 749/1079 - loss 0.10088160 - samples/sec: 314.52 - lr: 0.100000
2023-01-06 21:24:22,982 epoch 4 - iter 856/1079 - loss 0.10102488 - samples/sec: 315.58 - lr: 0.100000
2023-01-06 21:24:33,932 epoch 4 - iter 963/1079 - loss 0.10043309 - samples/sec: 313.54 - lr: 0.100000
2023-01-06 21:24:45,023 epoch 4 - iter 1070/1079 - loss 0.10036582 - samples/sec: 309.56 - lr: 0.100000
2023-01-06 21:24:45,901 ----------------------------------------------------------------------------------------------------
2023-01-06 21:24:45,903 EPOCH 4 done: loss 0.1003 - lr 0.100000
2023-01-06 21:25:11,634 Evaluating as a multi-label problem: False
2023-01-06 21:25:11,728 DEV : loss 0.07459072768688202 - f1-score (micro avg)  0.8302
2023-01-06 21:25:12,205 BAD EPOCHS (no improvement): 1
2023-01-06 21:25:12,207 ----------------------------------------------------------------------------------------------------
2023-01-06 21:25:22,915 epoch 5 - iter 107/1079 - loss 0.09912974 - samples/sec: 320.28 - lr: 0.100000
2023-01-06 21:25:33,800 epoch 5 - iter 214/1079 - loss 0.09730326 - samples/sec: 315.45 - lr: 0.100000
2023-01-06 21:25:44,661 epoch 5 - iter 321/1079 - loss 0.09744235 - samples/sec: 316.14 - lr: 0.100000
2023-01-06 21:25:55,568 epoch 5 - iter 428/1079 - loss 0.09677576 - samples/sec: 314.79 - lr: 0.100000
2023-01-06 21:26:06,535 epoch 5 - iter 535/1079 - loss 0.09631437 - samples/sec: 313.07 - lr: 0.100000
2023-01-06 21:26:17,382 epoch 5 - iter 642/1079 - loss 0.09576141 - samples/sec: 316.53 - lr: 0.100000
2023-01-06 21:26:28,262 epoch 5 - iter 749/1079 - loss 0.09528192 - samples/sec: 315.57 - lr: 0.100000
2023-01-06 21:26:39,154 epoch 5 - iter 856/1079 - loss 0.09526553 - samples/sec: 315.24 - lr: 0.100000
2023-01-06 21:26:50,206 epoch 5 - iter 963/1079 - loss 0.09491006 - samples/sec: 310.66 - lr: 0.100000
2023-01-06 21:27:01,186 epoch 5 - iter 1070/1079 - loss 0.09532694 - samples/sec: 312.70 - lr: 0.100000
2023-01-06 21:27:02,209 ----------------------------------------------------------------------------------------------------
2023-01-06 21:27:02,211 EPOCH 5 done: loss 0.0954 - lr 0.100000
2023-01-06 21:27:22,962 Evaluating as a multi-label problem: False
2023-01-06 21:27:23,059 DEV : loss 0.0686621442437172 - f1-score (micro avg)  0.8441
2023-01-06 21:27:23,532 BAD EPOCHS (no improvement): 0
2023-01-06 21:27:23,534 saving best model
2023-01-06 21:27:24,839 ----------------------------------------------------------------------------------------------------
2023-01-06 21:27:35,742 epoch 6 - iter 107/1079 - loss 0.09264522 - samples/sec: 314.54 - lr: 0.100000
2023-01-06 21:27:46,561 epoch 6 - iter 214/1079 - loss 0.09100210 - samples/sec: 317.36 - lr: 0.100000
2023-01-06 21:27:57,629 epoch 6 - iter 321/1079 - loss 0.09062528 - samples/sec: 310.20 - lr: 0.100000
2023-01-06 21:28:08,570 epoch 6 - iter 428/1079 - loss 0.09064982 - samples/sec: 313.80 - lr: 0.100000
2023-01-06 21:28:19,533 epoch 6 - iter 535/1079 - loss 0.09101804 - samples/sec: 313.19 - lr: 0.100000
2023-01-06 21:28:30,553 epoch 6 - iter 642/1079 - loss 0.09094034 - samples/sec: 311.57 - lr: 0.100000
2023-01-06 21:28:41,442 epoch 6 - iter 749/1079 - loss 0.09130617 - samples/sec: 315.29 - lr: 0.100000
2023-01-06 21:28:52,307 epoch 6 - iter 856/1079 - loss 0.09122504 - samples/sec: 315.99 - lr: 0.100000
2023-01-06 21:29:03,206 epoch 6 - iter 963/1079 - loss 0.09088974 - samples/sec: 315.05 - lr: 0.100000
2023-01-06 21:29:13,994 epoch 6 - iter 1070/1079 - loss 0.09114148 - samples/sec: 318.26 - lr: 0.100000
2023-01-06 21:29:14,887 ----------------------------------------------------------------------------------------------------
2023-01-06 21:29:14,889 EPOCH 6 done: loss 0.0912 - lr 0.100000
2023-01-06 21:29:35,646 Evaluating as a multi-label problem: False
2023-01-06 21:29:35,738 DEV : loss 0.06595407426357269 - f1-score (micro avg)  0.8461
2023-01-06 21:29:36,219 BAD EPOCHS (no improvement): 0
2023-01-06 21:29:36,221 saving best model
2023-01-06 21:29:37,503 ----------------------------------------------------------------------------------------------------
2023-01-06 21:29:48,392 epoch 7 - iter 107/1079 - loss 0.08675429 - samples/sec: 315.33 - lr: 0.100000
2023-01-06 21:29:59,305 epoch 7 - iter 214/1079 - loss 0.08876426 - samples/sec: 314.62 - lr: 0.100000
2023-01-06 21:30:10,105 epoch 7 - iter 321/1079 - loss 0.08802265 - samples/sec: 317.93 - lr: 0.100000
2023-01-06 21:30:20,970 epoch 7 - iter 428/1079 - loss 0.08841035 - samples/sec: 316.01 - lr: 0.100000
2023-01-06 21:30:31,839 epoch 7 - iter 535/1079 - loss 0.08821589 - samples/sec: 315.90 - lr: 0.100000
2023-01-06 21:30:42,757 epoch 7 - iter 642/1079 - loss 0.08861815 - samples/sec: 314.48 - lr: 0.100000
2023-01-06 21:30:53,572 epoch 7 - iter 749/1079 - loss 0.08795886 - samples/sec: 317.47 - lr: 0.100000
2023-01-06 21:31:04,442 epoch 7 - iter 856/1079 - loss 0.08795690 - samples/sec: 315.86 - lr: 0.100000
2023-01-06 21:31:15,387 epoch 7 - iter 963/1079 - loss 0.08811118 - samples/sec: 313.71 - lr: 0.100000
2023-01-06 21:31:26,426 epoch 7 - iter 1070/1079 - loss 0.08819372 - samples/sec: 310.99 - lr: 0.100000
2023-01-06 21:31:27,357 ----------------------------------------------------------------------------------------------------
2023-01-06 21:31:27,359 EPOCH 7 done: loss 0.0882 - lr 0.100000
2023-01-06 21:31:53,178 Evaluating as a multi-label problem: False
2023-01-06 21:31:53,277 DEV : loss 0.06496972590684891 - f1-score (micro avg)  0.848
2023-01-06 21:31:53,752 BAD EPOCHS (no improvement): 0
2023-01-06 21:31:53,754 saving best model
2023-01-06 21:31:55,212 ----------------------------------------------------------------------------------------------------
2023-01-06 21:32:06,163 epoch 8 - iter 107/1079 - loss 0.08484707 - samples/sec: 313.19 - lr: 0.100000
2023-01-06 21:32:17,100 epoch 8 - iter 214/1079 - loss 0.08575132 - samples/sec: 313.90 - lr: 0.100000
2023-01-06 21:32:28,107 epoch 8 - iter 321/1079 - loss 0.08637125 - samples/sec: 311.91 - lr: 0.100000
2023-01-06 21:32:39,091 epoch 8 - iter 428/1079 - loss 0.08694198 - samples/sec: 312.56 - lr: 0.100000
2023-01-06 21:32:49,876 epoch 8 - iter 535/1079 - loss 0.08697973 - samples/sec: 318.37 - lr: 0.100000
2023-01-06 21:33:00,713 epoch 8 - iter 642/1079 - loss 0.08591549 - samples/sec: 316.86 - lr: 0.100000
2023-01-06 21:33:11,495 epoch 8 - iter 749/1079 - loss 0.08612277 - samples/sec: 318.44 - lr: 0.100000
2023-01-06 21:33:22,502 epoch 8 - iter 856/1079 - loss 0.08601590 - samples/sec: 311.92 - lr: 0.100000
2023-01-06 21:33:33,423 epoch 8 - iter 963/1079 - loss 0.08560420 - samples/sec: 314.41 - lr: 0.100000
2023-01-06 21:33:44,449 epoch 8 - iter 1070/1079 - loss 0.08574941 - samples/sec: 311.40 - lr: 0.100000
2023-01-06 21:33:45,395 ----------------------------------------------------------------------------------------------------
2023-01-06 21:33:45,397 EPOCH 8 done: loss 0.0858 - lr 0.100000
2023-01-06 21:34:06,399 Evaluating as a multi-label problem: False
2023-01-06 21:34:06,494 DEV : loss 0.06331592798233032 - f1-score (micro avg)  0.8481
2023-01-06 21:34:06,975 BAD EPOCHS (no improvement): 0
2023-01-06 21:34:06,978 saving best model
2023-01-06 21:34:08,322 ----------------------------------------------------------------------------------------------------
2023-01-06 21:34:19,098 epoch 9 - iter 107/1079 - loss 0.08201000 - samples/sec: 318.26 - lr: 0.100000
2023-01-06 21:34:30,160 epoch 9 - iter 214/1079 - loss 0.08203510 - samples/sec: 310.37 - lr: 0.100000
2023-01-06 21:34:41,270 epoch 9 - iter 321/1079 - loss 0.08334938 - samples/sec: 309.00 - lr: 0.100000
2023-01-06 21:34:52,122 epoch 9 - iter 428/1079 - loss 0.08329386 - samples/sec: 316.45 - lr: 0.100000
2023-01-06 21:35:03,010 epoch 9 - iter 535/1079 - loss 0.08331292 - samples/sec: 315.34 - lr: 0.100000
2023-01-06 21:35:13,923 epoch 9 - iter 642/1079 - loss 0.08319716 - samples/sec: 314.62 - lr: 0.100000
2023-01-06 21:35:24,944 epoch 9 - iter 749/1079 - loss 0.08287374 - samples/sec: 311.51 - lr: 0.100000
2023-01-06 21:35:36,083 epoch 9 - iter 856/1079 - loss 0.08324867 - samples/sec: 308.21 - lr: 0.100000
2023-01-06 21:35:46,993 epoch 9 - iter 963/1079 - loss 0.08347595 - samples/sec: 314.71 - lr: 0.100000
2023-01-06 21:35:58,088 epoch 9 - iter 1070/1079 - loss 0.08365815 - samples/sec: 309.44 - lr: 0.100000
2023-01-06 21:35:59,046 ----------------------------------------------------------------------------------------------------
2023-01-06 21:35:59,047 EPOCH 9 done: loss 0.0836 - lr 0.100000
2023-01-06 21:36:19,788 Evaluating as a multi-label problem: False
2023-01-06 21:36:19,879 DEV : loss 0.06309813261032104 - f1-score (micro avg)  0.8495
2023-01-06 21:36:20,352 BAD EPOCHS (no improvement): 0
2023-01-06 21:36:20,355 saving best model
2023-01-06 21:36:21,651 ----------------------------------------------------------------------------------------------------
2023-01-06 21:36:32,635 epoch 10 - iter 107/1079 - loss 0.08131397 - samples/sec: 312.60 - lr: 0.100000
2023-01-06 21:36:43,491 epoch 10 - iter 214/1079 - loss 0.08191340 - samples/sec: 316.28 - lr: 0.100000
2023-01-06 21:36:54,247 epoch 10 - iter 321/1079 - loss 0.08200178 - samples/sec: 319.20 - lr: 0.100000
2023-01-06 21:37:05,124 epoch 10 - iter 428/1079 - loss 0.08308791 - samples/sec: 315.65 - lr: 0.100000
2023-01-06 21:37:15,862 epoch 10 - iter 535/1079 - loss 0.08238968 - samples/sec: 319.77 - lr: 0.100000
2023-01-06 21:37:26,794 epoch 10 - iter 642/1079 - loss 0.08213530 - samples/sec: 314.09 - lr: 0.100000
2023-01-06 21:37:37,764 epoch 10 - iter 749/1079 - loss 0.08184650 - samples/sec: 312.98 - lr: 0.100000
2023-01-06 21:37:48,629 epoch 10 - iter 856/1079 - loss 0.08155931 - samples/sec: 316.00 - lr: 0.100000
2023-01-06 21:37:59,593 epoch 10 - iter 963/1079 - loss 0.08151993 - samples/sec: 313.14 - lr: 0.100000
2023-01-06 21:38:10,739 epoch 10 - iter 1070/1079 - loss 0.08175394 - samples/sec: 308.03 - lr: 0.100000
2023-01-06 21:38:11,648 ----------------------------------------------------------------------------------------------------
2023-01-06 21:38:11,650 EPOCH 10 done: loss 0.0818 - lr 0.100000
2023-01-06 21:38:37,408 Evaluating as a multi-label problem: False
2023-01-06 21:38:37,503 DEV : loss 0.06283058971166611 - f1-score (micro avg)  0.8495
2023-01-06 21:38:37,979 BAD EPOCHS (no improvement): 1
2023-01-06 21:38:37,981 ----------------------------------------------------------------------------------------------------
2023-01-06 21:38:49,048 epoch 11 - iter 107/1079 - loss 0.07716402 - samples/sec: 309.87 - lr: 0.100000
2023-01-06 21:39:00,028 epoch 11 - iter 214/1079 - loss 0.08013581 - samples/sec: 312.71 - lr: 0.100000
2023-01-06 21:39:10,954 epoch 11 - iter 321/1079 - loss 0.08027682 - samples/sec: 314.23 - lr: 0.100000
2023-01-06 21:39:22,004 epoch 11 - iter 428/1079 - loss 0.08171565 - samples/sec: 310.72 - lr: 0.100000
2023-01-06 21:39:32,840 epoch 11 - iter 535/1079 - loss 0.08057896 - samples/sec: 316.84 - lr: 0.100000
2023-01-06 21:39:43,599 epoch 11 - iter 642/1079 - loss 0.08059481 - samples/sec: 319.15 - lr: 0.100000
2023-01-06 21:39:54,449 epoch 11 - iter 749/1079 - loss 0.08041207 - samples/sec: 316.43 - lr: 0.100000
2023-01-06 21:40:05,502 epoch 11 - iter 856/1079 - loss 0.08051818 - samples/sec: 310.65 - lr: 0.100000
2023-01-06 21:40:16,279 epoch 11 - iter 963/1079 - loss 0.08035683 - samples/sec: 318.63 - lr: 0.100000
2023-01-06 21:40:27,364 epoch 11 - iter 1070/1079 - loss 0.08066602 - samples/sec: 309.71 - lr: 0.100000
2023-01-06 21:40:28,228 ----------------------------------------------------------------------------------------------------
2023-01-06 21:40:28,230 EPOCH 11 done: loss 0.0807 - lr 0.100000
2023-01-06 21:40:49,313 Evaluating as a multi-label problem: False
2023-01-06 21:40:49,407 DEV : loss 0.06206005811691284 - f1-score (micro avg)  0.8523
2023-01-06 21:40:49,883 BAD EPOCHS (no improvement): 0
2023-01-06 21:40:49,886 saving best model
2023-01-06 21:40:51,189 ----------------------------------------------------------------------------------------------------
2023-01-06 21:41:02,460 epoch 12 - iter 107/1079 - loss 0.07939987 - samples/sec: 304.66 - lr: 0.100000
2023-01-06 21:41:13,538 epoch 12 - iter 214/1079 - loss 0.08077443 - samples/sec: 309.92 - lr: 0.100000
2023-01-06 21:41:24,331 epoch 12 - iter 321/1079 - loss 0.08081499 - samples/sec: 318.13 - lr: 0.100000
2023-01-06 21:41:35,482 epoch 12 - iter 428/1079 - loss 0.08032936 - samples/sec: 307.90 - lr: 0.100000
2023-01-06 21:41:46,285 epoch 12 - iter 535/1079 - loss 0.08042702 - samples/sec: 317.81 - lr: 0.100000
2023-01-06 21:41:57,356 epoch 12 - iter 642/1079 - loss 0.08012417 - samples/sec: 310.15 - lr: 0.100000
2023-01-06 21:42:08,431 epoch 12 - iter 749/1079 - loss 0.07980053 - samples/sec: 310.03 - lr: 0.100000
2023-01-06 21:42:19,466 epoch 12 - iter 856/1079 - loss 0.07953528 - samples/sec: 311.15 - lr: 0.100000
2023-01-06 21:42:30,625 epoch 12 - iter 963/1079 - loss 0.07953378 - samples/sec: 307.69 - lr: 0.100000
2023-01-06 21:42:41,636 epoch 12 - iter 1070/1079 - loss 0.07947627 - samples/sec: 311.82 - lr: 0.100000
2023-01-06 21:42:42,630 ----------------------------------------------------------------------------------------------------
2023-01-06 21:42:42,632 EPOCH 12 done: loss 0.0794 - lr 0.100000
2023-01-06 21:43:03,522 Evaluating as a multi-label problem: False
2023-01-06 21:43:03,617 DEV : loss 0.06197437644004822 - f1-score (micro avg)  0.8508
2023-01-06 21:43:04,094 BAD EPOCHS (no improvement): 1
2023-01-06 21:43:04,096 ----------------------------------------------------------------------------------------------------
2023-01-06 21:43:14,913 epoch 13 - iter 107/1079 - loss 0.07655801 - samples/sec: 317.06 - lr: 0.100000
2023-01-06 21:43:25,990 epoch 13 - iter 214/1079 - loss 0.07642485 - samples/sec: 309.96 - lr: 0.100000
2023-01-06 21:43:37,108 epoch 13 - iter 321/1079 - loss 0.07692601 - samples/sec: 308.83 - lr: 0.100000
2023-01-06 21:43:48,187 epoch 13 - iter 428/1079 - loss 0.07662697 - samples/sec: 309.98 - lr: 0.100000
2023-01-06 21:43:59,235 epoch 13 - iter 535/1079 - loss 0.07676971 - samples/sec: 310.74 - lr: 0.100000
2023-01-06 21:44:10,230 epoch 13 - iter 642/1079 - loss 0.07702801 - samples/sec: 312.26 - lr: 0.100000
2023-01-06 21:44:26,148 epoch 13 - iter 749/1079 - loss 0.07743247 - samples/sec: 215.51 - lr: 0.100000
2023-01-06 21:44:36,955 epoch 13 - iter 856/1079 - loss 0.07772514 - samples/sec: 317.70 - lr: 0.100000
2023-01-06 21:44:47,874 epoch 13 - iter 963/1079 - loss 0.07780221 - samples/sec: 314.42 - lr: 0.100000
2023-01-06 21:44:58,986 epoch 13 - iter 1070/1079 - loss 0.07775836 - samples/sec: 309.00 - lr: 0.100000
2023-01-06 21:44:59,870 ----------------------------------------------------------------------------------------------------
2023-01-06 21:44:59,872 EPOCH 13 done: loss 0.0778 - lr 0.100000
2023-01-06 21:45:20,883 Evaluating as a multi-label problem: False
2023-01-06 21:45:20,976 DEV : loss 0.06138196587562561 - f1-score (micro avg)  0.8507
2023-01-06 21:45:21,451 BAD EPOCHS (no improvement): 2
2023-01-06 21:45:21,453 ----------------------------------------------------------------------------------------------------
2023-01-06 21:45:32,593 epoch 14 - iter 107/1079 - loss 0.07515951 - samples/sec: 307.80 - lr: 0.100000
2023-01-06 21:45:43,407 epoch 14 - iter 214/1079 - loss 0.07643026 - samples/sec: 317.54 - lr: 0.100000
2023-01-06 21:45:54,420 epoch 14 - iter 321/1079 - loss 0.07679845 - samples/sec: 311.78 - lr: 0.100000
2023-01-06 21:46:05,376 epoch 14 - iter 428/1079 - loss 0.07703734 - samples/sec: 313.39 - lr: 0.100000
2023-01-06 21:46:16,250 epoch 14 - iter 535/1079 - loss 0.07685191 - samples/sec: 315.72 - lr: 0.100000
2023-01-06 21:46:27,423 epoch 14 - iter 642/1079 - loss 0.07638783 - samples/sec: 307.29 - lr: 0.100000
2023-01-06 21:46:38,493 epoch 14 - iter 749/1079 - loss 0.07633930 - samples/sec: 310.12 - lr: 0.100000
2023-01-06 21:46:49,459 epoch 14 - iter 856/1079 - loss 0.07666320 - samples/sec: 313.10 - lr: 0.100000
2023-01-06 21:47:00,491 epoch 14 - iter 963/1079 - loss 0.07718054 - samples/sec: 311.24 - lr: 0.100000
2023-01-06 21:47:11,460 epoch 14 - iter 1070/1079 - loss 0.07708212 - samples/sec: 313.03 - lr: 0.100000
2023-01-06 21:47:12,383 ----------------------------------------------------------------------------------------------------
2023-01-06 21:47:12,384 EPOCH 14 done: loss 0.0770 - lr 0.100000
2023-01-06 21:47:33,204 Evaluating as a multi-label problem: False
2023-01-06 21:47:33,299 DEV : loss 0.06048334762454033 - f1-score (micro avg)  0.8544
2023-01-06 21:47:33,793 BAD EPOCHS (no improvement): 0
2023-01-06 21:47:33,795 saving best model
2023-01-06 21:47:35,124 ----------------------------------------------------------------------------------------------------
2023-01-06 21:47:46,364 epoch 15 - iter 107/1079 - loss 0.07671818 - samples/sec: 305.11 - lr: 0.100000
2023-01-06 21:47:57,184 epoch 15 - iter 214/1079 - loss 0.07479474 - samples/sec: 317.36 - lr: 0.100000
2023-01-06 21:48:08,049 epoch 15 - iter 321/1079 - loss 0.07597693 - samples/sec: 316.01 - lr: 0.100000
2023-01-06 21:48:19,394 epoch 15 - iter 428/1079 - loss 0.07631390 - samples/sec: 302.61 - lr: 0.100000
2023-01-06 21:48:30,420 epoch 15 - iter 535/1079 - loss 0.07606613 - samples/sec: 311.36 - lr: 0.100000
2023-01-06 21:48:41,339 epoch 15 - iter 642/1079 - loss 0.07593634 - samples/sec: 314.47 - lr: 0.100000
2023-01-06 21:48:52,340 epoch 15 - iter 749/1079 - loss 0.07628566 - samples/sec: 312.10 - lr: 0.100000
2023-01-06 21:49:03,458 epoch 15 - iter 856/1079 - loss 0.07608063 - samples/sec: 308.81 - lr: 0.100000
2023-01-06 21:49:14,253 epoch 15 - iter 963/1079 - loss 0.07587015 - samples/sec: 318.12 - lr: 0.100000
2023-01-06 21:49:25,164 epoch 15 - iter 1070/1079 - loss 0.07568174 - samples/sec: 314.69 - lr: 0.100000
2023-01-06 21:49:26,105 ----------------------------------------------------------------------------------------------------
2023-01-06 21:49:26,107 EPOCH 15 done: loss 0.0757 - lr 0.100000
2023-01-06 21:49:46,923 Evaluating as a multi-label problem: False
2023-01-06 21:49:47,023 DEV : loss 0.061188410967588425 - f1-score (micro avg)  0.8563
2023-01-06 21:49:47,496 BAD EPOCHS (no improvement): 0
2023-01-06 21:49:47,498 saving best model
2023-01-06 21:49:48,827 ----------------------------------------------------------------------------------------------------
2023-01-06 21:50:00,097 epoch 16 - iter 107/1079 - loss 0.07203931 - samples/sec: 304.32 - lr: 0.100000
2023-01-06 21:50:16,028 epoch 16 - iter 214/1079 - loss 0.07340321 - samples/sec: 215.34 - lr: 0.100000
2023-01-06 21:50:27,065 epoch 16 - iter 321/1079 - loss 0.07365672 - samples/sec: 311.06 - lr: 0.100000
2023-01-06 21:50:38,010 epoch 16 - iter 428/1079 - loss 0.07364936 - samples/sec: 313.71 - lr: 0.100000
2023-01-06 21:50:48,970 epoch 16 - iter 535/1079 - loss 0.07389375 - samples/sec: 313.24 - lr: 0.100000
2023-01-06 21:50:59,969 epoch 16 - iter 642/1079 - loss 0.07437219 - samples/sec: 312.16 - lr: 0.100000
2023-01-06 21:51:10,817 epoch 16 - iter 749/1079 - loss 0.07411865 - samples/sec: 316.52 - lr: 0.100000
2023-01-06 21:51:21,592 epoch 16 - iter 856/1079 - loss 0.07419394 - samples/sec: 318.64 - lr: 0.100000
2023-01-06 21:51:32,556 epoch 16 - iter 963/1079 - loss 0.07445124 - samples/sec: 313.14 - lr: 0.100000
2023-01-06 21:51:43,493 epoch 16 - iter 1070/1079 - loss 0.07477897 - samples/sec: 314.03 - lr: 0.100000
2023-01-06 21:51:44,376 ----------------------------------------------------------------------------------------------------
2023-01-06 21:51:44,378 EPOCH 16 done: loss 0.0748 - lr 0.100000
2023-01-06 21:52:05,258 Evaluating as a multi-label problem: False
2023-01-06 21:52:05,351 DEV : loss 0.060550808906555176 - f1-score (micro avg)  0.8509
2023-01-06 21:52:05,825 BAD EPOCHS (no improvement): 1
2023-01-06 21:52:05,828 ----------------------------------------------------------------------------------------------------
2023-01-06 21:52:16,851 epoch 17 - iter 107/1079 - loss 0.07151860 - samples/sec: 311.11 - lr: 0.100000
2023-01-06 21:52:27,895 epoch 17 - iter 214/1079 - loss 0.07232130 - samples/sec: 310.86 - lr: 0.100000
2023-01-06 21:52:38,715 epoch 17 - iter 321/1079 - loss 0.07217866 - samples/sec: 317.34 - lr: 0.100000
2023-01-06 21:52:49,734 epoch 17 - iter 428/1079 - loss 0.07270209 - samples/sec: 311.58 - lr: 0.100000
2023-01-06 21:53:00,507 epoch 17 - iter 535/1079 - loss 0.07265555 - samples/sec: 318.80 - lr: 0.100000
2023-01-06 21:53:11,186 epoch 17 - iter 642/1079 - loss 0.07299493 - samples/sec: 321.53 - lr: 0.100000
2023-01-06 21:53:22,091 epoch 17 - iter 749/1079 - loss 0.07298025 - samples/sec: 314.86 - lr: 0.100000
2023-01-06 21:53:33,027 epoch 17 - iter 856/1079 - loss 0.07357620 - samples/sec: 313.96 - lr: 0.100000
2023-01-06 21:53:43,954 epoch 17 - iter 963/1079 - loss 0.07360853 - samples/sec: 314.31 - lr: 0.100000
2023-01-06 21:53:54,780 epoch 17 - iter 1070/1079 - loss 0.07381251 - samples/sec: 317.14 - lr: 0.100000
2023-01-06 21:53:55,662 ----------------------------------------------------------------------------------------------------
2023-01-06 21:53:55,664 EPOCH 17 done: loss 0.0738 - lr 0.100000
2023-01-06 21:54:16,361 Evaluating as a multi-label problem: False
2023-01-06 21:54:16,453 DEV : loss 0.05978919193148613 - f1-score (micro avg)  0.8539
2023-01-06 21:54:16,934 BAD EPOCHS (no improvement): 2
2023-01-06 21:54:16,936 ----------------------------------------------------------------------------------------------------
2023-01-06 21:54:27,913 epoch 18 - iter 107/1079 - loss 0.07481781 - samples/sec: 312.41 - lr: 0.100000
2023-01-06 21:54:38,800 epoch 18 - iter 214/1079 - loss 0.07591063 - samples/sec: 315.34 - lr: 0.100000
2023-01-06 21:54:49,705 epoch 18 - iter 321/1079 - loss 0.07496758 - samples/sec: 314.91 - lr: 0.100000
2023-01-06 21:55:00,704 epoch 18 - iter 428/1079 - loss 0.07459294 - samples/sec: 312.21 - lr: 0.100000
2023-01-06 21:55:11,647 epoch 18 - iter 535/1079 - loss 0.07369026 - samples/sec: 313.72 - lr: 0.100000
2023-01-06 21:55:22,562 epoch 18 - iter 642/1079 - loss 0.07342644 - samples/sec: 314.55 - lr: 0.100000
2023-01-06 21:55:33,510 epoch 18 - iter 749/1079 - loss 0.07363599 - samples/sec: 313.62 - lr: 0.100000
2023-01-06 21:55:44,399 epoch 18 - iter 856/1079 - loss 0.07378591 - samples/sec: 315.32 - lr: 0.100000
2023-01-06 21:55:55,554 epoch 18 - iter 963/1079 - loss 0.07375457 - samples/sec: 307.76 - lr: 0.100000
2023-01-06 21:56:06,368 epoch 18 - iter 1070/1079 - loss 0.07381150 - samples/sec: 317.50 - lr: 0.100000
2023-01-06 21:56:07,244 ----------------------------------------------------------------------------------------------------
2023-01-06 21:56:07,245 EPOCH 18 done: loss 0.0738 - lr 0.100000
2023-01-06 21:56:33,218 Evaluating as a multi-label problem: False
2023-01-06 21:56:33,314 DEV : loss 0.06013716757297516 - f1-score (micro avg)  0.8544
2023-01-06 21:56:33,802 BAD EPOCHS (no improvement): 3
2023-01-06 21:56:33,804 ----------------------------------------------------------------------------------------------------
2023-01-06 21:56:45,107 epoch 19 - iter 107/1079 - loss 0.07203331 - samples/sec: 303.38 - lr: 0.100000
2023-01-06 21:56:56,104 epoch 19 - iter 214/1079 - loss 0.07332511 - samples/sec: 312.18 - lr: 0.100000
2023-01-06 21:57:07,180 epoch 19 - iter 321/1079 - loss 0.07220883 - samples/sec: 310.03 - lr: 0.100000
2023-01-06 21:57:18,139 epoch 19 - iter 428/1079 - loss 0.07143099 - samples/sec: 313.29 - lr: 0.100000
2023-01-06 21:57:29,016 epoch 19 - iter 535/1079 - loss 0.07183417 - samples/sec: 315.66 - lr: 0.100000
2023-01-06 21:57:40,123 epoch 19 - iter 642/1079 - loss 0.07198685 - samples/sec: 309.12 - lr: 0.100000
2023-01-06 21:57:51,129 epoch 19 - iter 749/1079 - loss 0.07268785 - samples/sec: 311.96 - lr: 0.100000
2023-01-06 21:58:01,951 epoch 19 - iter 856/1079 - loss 0.07266173 - samples/sec: 317.30 - lr: 0.100000
2023-01-06 21:58:12,752 epoch 19 - iter 963/1079 - loss 0.07271664 - samples/sec: 317.89 - lr: 0.100000
2023-01-06 21:58:23,703 epoch 19 - iter 1070/1079 - loss 0.07286990 - samples/sec: 313.52 - lr: 0.100000
2023-01-06 21:58:24,603 ----------------------------------------------------------------------------------------------------
2023-01-06 21:58:24,605 EPOCH 19 done: loss 0.0729 - lr 0.100000
2023-01-06 21:58:45,355 Evaluating as a multi-label problem: False
2023-01-06 21:58:45,448 DEV : loss 0.05935181677341461 - f1-score (micro avg)  0.8556
2023-01-06 21:58:45,941 Epoch    19: reducing learning rate of group 0 to 5.0000e-02.
2023-01-06 21:58:45,943 BAD EPOCHS (no improvement): 4
2023-01-06 21:58:45,946 ----------------------------------------------------------------------------------------------------
2023-01-06 21:58:56,847 epoch 20 - iter 107/1079 - loss 0.06736342 - samples/sec: 314.60 - lr: 0.050000
2023-01-06 21:59:07,759 epoch 20 - iter 214/1079 - loss 0.06873246 - samples/sec: 314.65 - lr: 0.050000
2023-01-06 21:59:18,839 epoch 20 - iter 321/1079 - loss 0.06855096 - samples/sec: 309.86 - lr: 0.050000
2023-01-06 21:59:29,960 epoch 20 - iter 428/1079 - loss 0.06889960 - samples/sec: 308.70 - lr: 0.050000
2023-01-06 21:59:40,811 epoch 20 - iter 535/1079 - loss 0.06888111 - samples/sec: 316.41 - lr: 0.050000
2023-01-06 21:59:51,791 epoch 20 - iter 642/1079 - loss 0.06879665 - samples/sec: 312.74 - lr: 0.050000
2023-01-06 22:00:02,855 epoch 20 - iter 749/1079 - loss 0.06865026 - samples/sec: 310.34 - lr: 0.050000
2023-01-06 22:00:13,947 epoch 20 - iter 856/1079 - loss 0.06849378 - samples/sec: 309.52 - lr: 0.050000
2023-01-06 22:00:24,716 epoch 20 - iter 963/1079 - loss 0.06889387 - samples/sec: 318.83 - lr: 0.050000
2023-01-06 22:00:35,671 epoch 20 - iter 1070/1079 - loss 0.06878249 - samples/sec: 313.41 - lr: 0.050000
2023-01-06 22:00:36,504 ----------------------------------------------------------------------------------------------------
2023-01-06 22:00:36,506 EPOCH 20 done: loss 0.0688 - lr 0.050000
2023-01-06 22:00:57,429 Evaluating as a multi-label problem: False
2023-01-06 22:00:57,522 DEV : loss 0.05731910467147827 - f1-score (micro avg)  0.8574
2023-01-06 22:00:58,003 BAD EPOCHS (no improvement): 0
2023-01-06 22:00:58,005 saving best model
2023-01-06 22:00:59,309 ----------------------------------------------------------------------------------------------------
2023-01-06 22:01:10,331 epoch 21 - iter 107/1079 - loss 0.06642188 - samples/sec: 311.55 - lr: 0.050000
2023-01-06 22:01:21,239 epoch 21 - iter 214/1079 - loss 0.06589880 - samples/sec: 314.78 - lr: 0.050000
2023-01-06 22:01:32,149 epoch 21 - iter 321/1079 - loss 0.06629084 - samples/sec: 314.71 - lr: 0.050000
2023-01-06 22:01:43,155 epoch 21 - iter 428/1079 - loss 0.06647165 - samples/sec: 311.94 - lr: 0.050000
2023-01-06 22:01:54,189 epoch 21 - iter 535/1079 - loss 0.06627732 - samples/sec: 311.17 - lr: 0.050000
2023-01-06 22:02:05,170 epoch 21 - iter 642/1079 - loss 0.06638177 - samples/sec: 312.66 - lr: 0.050000
2023-01-06 22:02:16,146 epoch 21 - iter 749/1079 - loss 0.06640556 - samples/sec: 312.79 - lr: 0.050000
2023-01-06 22:02:27,415 epoch 21 - iter 856/1079 - loss 0.06620819 - samples/sec: 304.65 - lr: 0.050000
2023-01-06 22:02:38,341 epoch 21 - iter 963/1079 - loss 0.06652142 - samples/sec: 314.22 - lr: 0.050000
2023-01-06 22:02:49,174 epoch 21 - iter 1070/1079 - loss 0.06649672 - samples/sec: 316.96 - lr: 0.050000
2023-01-06 22:02:50,083 ----------------------------------------------------------------------------------------------------
2023-01-06 22:02:50,084 EPOCH 21 done: loss 0.0665 - lr 0.050000
2023-01-06 22:03:16,021 Evaluating as a multi-label problem: False
2023-01-06 22:03:16,114 DEV : loss 0.057833921164274216 - f1-score (micro avg)  0.8565
2023-01-06 22:03:16,588 BAD EPOCHS (no improvement): 1
2023-01-06 22:03:16,590 ----------------------------------------------------------------------------------------------------
2023-01-06 22:03:27,537 epoch 22 - iter 107/1079 - loss 0.06474640 - samples/sec: 313.28 - lr: 0.050000
2023-01-06 22:03:38,408 epoch 22 - iter 214/1079 - loss 0.06557602 - samples/sec: 315.81 - lr: 0.050000
2023-01-06 22:03:49,314 epoch 22 - iter 321/1079 - loss 0.06553084 - samples/sec: 314.88 - lr: 0.050000
2023-01-06 22:04:00,270 epoch 22 - iter 428/1079 - loss 0.06498410 - samples/sec: 313.38 - lr: 0.050000
2023-01-06 22:04:11,404 epoch 22 - iter 535/1079 - loss 0.06496508 - samples/sec: 308.40 - lr: 0.050000
2023-01-06 22:04:22,292 epoch 22 - iter 642/1079 - loss 0.06549080 - samples/sec: 315.34 - lr: 0.050000
2023-01-06 22:04:33,290 epoch 22 - iter 749/1079 - loss 0.06548785 - samples/sec: 312.20 - lr: 0.050000
2023-01-06 22:04:44,370 epoch 22 - iter 856/1079 - loss 0.06573727 - samples/sec: 309.84 - lr: 0.050000
2023-01-06 22:04:55,315 epoch 22 - iter 963/1079 - loss 0.06526210 - samples/sec: 313.71 - lr: 0.050000
2023-01-06 22:05:06,062 epoch 22 - iter 1070/1079 - loss 0.06531407 - samples/sec: 319.51 - lr: 0.050000
2023-01-06 22:05:06,976 ----------------------------------------------------------------------------------------------------
2023-01-06 22:05:06,977 EPOCH 22 done: loss 0.0654 - lr 0.050000
2023-01-06 22:05:27,809 Evaluating as a multi-label problem: False
2023-01-06 22:05:27,902 DEV : loss 0.057187389582395554 - f1-score (micro avg)  0.8541
2023-01-06 22:05:28,374 BAD EPOCHS (no improvement): 2
2023-01-06 22:05:28,377 ----------------------------------------------------------------------------------------------------
2023-01-06 22:05:39,282 epoch 23 - iter 107/1079 - loss 0.06684378 - samples/sec: 314.48 - lr: 0.050000
2023-01-06 22:05:50,321 epoch 23 - iter 214/1079 - loss 0.06509731 - samples/sec: 311.00 - lr: 0.050000
2023-01-06 22:06:01,292 epoch 23 - iter 321/1079 - loss 0.06506632 - samples/sec: 312.93 - lr: 0.050000
2023-01-06 22:06:12,095 epoch 23 - iter 428/1079 - loss 0.06501317 - samples/sec: 317.82 - lr: 0.050000
2023-01-06 22:06:22,977 epoch 23 - iter 535/1079 - loss 0.06512378 - samples/sec: 315.52 - lr: 0.050000
2023-01-06 22:06:33,817 epoch 23 - iter 642/1079 - loss 0.06536839 - samples/sec: 316.73 - lr: 0.050000
2023-01-06 22:06:44,621 epoch 23 - iter 749/1079 - loss 0.06518345 - samples/sec: 317.78 - lr: 0.050000
2023-01-06 22:06:55,514 epoch 23 - iter 856/1079 - loss 0.06521700 - samples/sec: 315.22 - lr: 0.050000
2023-01-06 22:07:06,520 epoch 23 - iter 963/1079 - loss 0.06493797 - samples/sec: 311.96 - lr: 0.050000
2023-01-06 22:07:17,366 epoch 23 - iter 1070/1079 - loss 0.06479009 - samples/sec: 316.60 - lr: 0.050000
2023-01-06 22:07:18,259 ----------------------------------------------------------------------------------------------------
2023-01-06 22:07:18,261 EPOCH 23 done: loss 0.0648 - lr 0.050000
2023-01-06 22:07:38,952 Evaluating as a multi-label problem: False
2023-01-06 22:07:39,047 DEV : loss 0.0574125200510025 - f1-score (micro avg)  0.856
2023-01-06 22:07:39,521 BAD EPOCHS (no improvement): 3
2023-01-06 22:07:39,523 ----------------------------------------------------------------------------------------------------
2023-01-06 22:07:50,251 epoch 24 - iter 107/1079 - loss 0.06365898 - samples/sec: 319.69 - lr: 0.050000
2023-01-06 22:08:01,164 epoch 24 - iter 214/1079 - loss 0.06319487 - samples/sec: 314.61 - lr: 0.050000
2023-01-06 22:08:12,156 epoch 24 - iter 321/1079 - loss 0.06293175 - samples/sec: 312.35 - lr: 0.050000
2023-01-06 22:08:23,010 epoch 24 - iter 428/1079 - loss 0.06408564 - samples/sec: 316.32 - lr: 0.050000
2023-01-06 22:08:33,987 epoch 24 - iter 535/1079 - loss 0.06393440 - samples/sec: 312.77 - lr: 0.050000
2023-01-06 22:08:44,757 epoch 24 - iter 642/1079 - loss 0.06406496 - samples/sec: 318.83 - lr: 0.050000
2023-01-06 22:08:55,681 epoch 24 - iter 749/1079 - loss 0.06414374 - samples/sec: 314.29 - lr: 0.050000
2023-01-06 22:09:06,479 epoch 24 - iter 856/1079 - loss 0.06438836 - samples/sec: 318.11 - lr: 0.050000
2023-01-06 22:09:17,177 epoch 24 - iter 963/1079 - loss 0.06434524 - samples/sec: 320.96 - lr: 0.050000
2023-01-06 22:09:28,036 epoch 24 - iter 1070/1079 - loss 0.06417566 - samples/sec: 316.20 - lr: 0.050000
2023-01-06 22:09:28,933 ----------------------------------------------------------------------------------------------------
2023-01-06 22:09:28,935 EPOCH 24 done: loss 0.0643 - lr 0.050000
2023-01-06 22:09:54,610 Evaluating as a multi-label problem: False
2023-01-06 22:09:54,702 DEV : loss 0.05679253861308098 - f1-score (micro avg)  0.8584
2023-01-06 22:09:55,177 BAD EPOCHS (no improvement): 0
2023-01-06 22:09:55,179 saving best model
2023-01-06 22:09:56,464 ----------------------------------------------------------------------------------------------------
2023-01-06 22:10:07,476 epoch 25 - iter 107/1079 - loss 0.06064416 - samples/sec: 311.81 - lr: 0.050000
2023-01-06 22:10:18,532 epoch 25 - iter 214/1079 - loss 0.06054928 - samples/sec: 310.56 - lr: 0.050000
2023-01-06 22:10:29,214 epoch 25 - iter 321/1079 - loss 0.06073095 - samples/sec: 321.43 - lr: 0.050000
2023-01-06 22:10:40,059 epoch 25 - iter 428/1079 - loss 0.06169839 - samples/sec: 316.58 - lr: 0.050000
2023-01-06 22:10:50,997 epoch 25 - iter 535/1079 - loss 0.06248856 - samples/sec: 313.89 - lr: 0.050000
2023-01-06 22:11:01,868 epoch 25 - iter 642/1079 - loss 0.06296447 - samples/sec: 315.81 - lr: 0.050000
2023-01-06 22:11:12,829 epoch 25 - iter 749/1079 - loss 0.06357613 - samples/sec: 313.26 - lr: 0.050000
2023-01-06 22:11:23,613 epoch 25 - iter 856/1079 - loss 0.06353942 - samples/sec: 318.40 - lr: 0.050000
2023-01-06 22:11:34,661 epoch 25 - iter 963/1079 - loss 0.06373184 - samples/sec: 310.79 - lr: 0.050000
2023-01-06 22:11:45,853 epoch 25 - iter 1070/1079 - loss 0.06369666 - samples/sec: 306.79 - lr: 0.050000
2023-01-06 22:11:46,729 ----------------------------------------------------------------------------------------------------
2023-01-06 22:11:46,730 EPOCH 25 done: loss 0.0637 - lr 0.050000
2023-01-06 22:12:07,560 Evaluating as a multi-label problem: False
2023-01-06 22:12:07,658 DEV : loss 0.05687025934457779 - f1-score (micro avg)  0.8587
2023-01-06 22:12:08,138 BAD EPOCHS (no improvement): 0
2023-01-06 22:12:08,140 saving best model
2023-01-06 22:12:09,441 ----------------------------------------------------------------------------------------------------
2023-01-06 22:12:20,405 epoch 26 - iter 107/1079 - loss 0.06342667 - samples/sec: 313.17 - lr: 0.050000
2023-01-06 22:12:31,430 epoch 26 - iter 214/1079 - loss 0.06538008 - samples/sec: 311.43 - lr: 0.050000
2023-01-06 22:12:42,343 epoch 26 - iter 321/1079 - loss 0.06497729 - samples/sec: 314.67 - lr: 0.050000
2023-01-06 22:12:53,502 epoch 26 - iter 428/1079 - loss 0.06421826 - samples/sec: 307.67 - lr: 0.050000
2023-01-06 22:13:04,637 epoch 26 - iter 535/1079 - loss 0.06366391 - samples/sec: 308.49 - lr: 0.050000
2023-01-06 22:13:15,559 epoch 26 - iter 642/1079 - loss 0.06337871 - samples/sec: 314.34 - lr: 0.050000
2023-01-06 22:13:26,767 epoch 26 - iter 749/1079 - loss 0.06331916 - samples/sec: 306.33 - lr: 0.050000
2023-01-06 22:13:37,625 epoch 26 - iter 856/1079 - loss 0.06289840 - samples/sec: 316.25 - lr: 0.050000
2023-01-06 22:13:48,728 epoch 26 - iter 963/1079 - loss 0.06320834 - samples/sec: 309.21 - lr: 0.050000
2023-01-06 22:13:59,645 epoch 26 - iter 1070/1079 - loss 0.06337612 - samples/sec: 314.49 - lr: 0.050000
2023-01-06 22:14:00,553 ----------------------------------------------------------------------------------------------------
2023-01-06 22:14:00,555 EPOCH 26 done: loss 0.0634 - lr 0.050000
2023-01-06 22:14:21,453 Evaluating as a multi-label problem: False
2023-01-06 22:14:21,551 DEV : loss 0.05568591505289078 - f1-score (micro avg)  0.8574
2023-01-06 22:14:22,035 BAD EPOCHS (no improvement): 1
2023-01-06 22:14:22,038 ----------------------------------------------------------------------------------------------------
2023-01-06 22:14:33,139 epoch 27 - iter 107/1079 - loss 0.06443961 - samples/sec: 308.89 - lr: 0.050000
2023-01-06 22:14:44,097 epoch 27 - iter 214/1079 - loss 0.06277798 - samples/sec: 313.35 - lr: 0.050000
2023-01-06 22:14:55,055 epoch 27 - iter 321/1079 - loss 0.06288707 - samples/sec: 313.33 - lr: 0.050000
2023-01-06 22:15:06,302 epoch 27 - iter 428/1079 - loss 0.06333892 - samples/sec: 305.28 - lr: 0.050000
2023-01-06 22:15:17,155 epoch 27 - iter 535/1079 - loss 0.06275534 - samples/sec: 316.35 - lr: 0.050000
2023-01-06 22:15:28,017 epoch 27 - iter 642/1079 - loss 0.06232944 - samples/sec: 316.15 - lr: 0.050000
2023-01-06 22:15:39,130 epoch 27 - iter 749/1079 - loss 0.06262870 - samples/sec: 308.94 - lr: 0.050000
2023-01-06 22:15:50,119 epoch 27 - iter 856/1079 - loss 0.06264789 - samples/sec: 312.45 - lr: 0.050000
2023-01-06 22:16:00,948 epoch 27 - iter 963/1079 - loss 0.06277525 - samples/sec: 317.12 - lr: 0.050000
2023-01-06 22:16:11,873 epoch 27 - iter 1070/1079 - loss 0.06248081 - samples/sec: 314.29 - lr: 0.050000
2023-01-06 22:16:12,783 ----------------------------------------------------------------------------------------------------
2023-01-06 22:16:12,785 EPOCH 27 done: loss 0.0625 - lr 0.050000
2023-01-06 22:16:38,728 Evaluating as a multi-label problem: False
2023-01-06 22:16:38,822 DEV : loss 0.05694800987839699 - f1-score (micro avg)  0.859
2023-01-06 22:16:39,295 BAD EPOCHS (no improvement): 0
2023-01-06 22:16:39,297 saving best model
2023-01-06 22:16:40,632 ----------------------------------------------------------------------------------------------------
2023-01-06 22:16:51,640 epoch 28 - iter 107/1079 - loss 0.05830837 - samples/sec: 311.57 - lr: 0.050000
2023-01-06 22:17:02,571 epoch 28 - iter 214/1079 - loss 0.06075799 - samples/sec: 314.10 - lr: 0.050000
2023-01-06 22:17:13,530 epoch 28 - iter 321/1079 - loss 0.06211977 - samples/sec: 313.31 - lr: 0.050000
2023-01-06 22:17:24,466 epoch 28 - iter 428/1079 - loss 0.06193135 - samples/sec: 313.93 - lr: 0.050000
2023-01-06 22:17:35,561 epoch 28 - iter 535/1079 - loss 0.06185986 - samples/sec: 309.45 - lr: 0.050000
2023-01-06 22:17:46,632 epoch 28 - iter 642/1079 - loss 0.06212201 - samples/sec: 310.15 - lr: 0.050000
2023-01-06 22:17:57,715 epoch 28 - iter 749/1079 - loss 0.06218592 - samples/sec: 309.90 - lr: 0.050000
2023-01-06 22:18:08,750 epoch 28 - iter 856/1079 - loss 0.06234670 - samples/sec: 311.16 - lr: 0.050000
2023-01-06 22:18:19,761 epoch 28 - iter 963/1079 - loss 0.06207799 - samples/sec: 311.82 - lr: 0.050000
2023-01-06 22:18:30,751 epoch 28 - iter 1070/1079 - loss 0.06215684 - samples/sec: 312.43 - lr: 0.050000
2023-01-06 22:18:31,673 ----------------------------------------------------------------------------------------------------
2023-01-06 22:18:31,675 EPOCH 28 done: loss 0.0621 - lr 0.050000
2023-01-06 22:18:52,523 Evaluating as a multi-label problem: False
2023-01-06 22:18:52,618 DEV : loss 0.05657054856419563 - f1-score (micro avg)  0.8582
2023-01-06 22:18:53,092 BAD EPOCHS (no improvement): 1
2023-01-06 22:18:53,095 ----------------------------------------------------------------------------------------------------
2023-01-06 22:19:04,312 epoch 29 - iter 107/1079 - loss 0.06042530 - samples/sec: 305.74 - lr: 0.050000
2023-01-06 22:19:15,226 epoch 29 - iter 214/1079 - loss 0.06134907 - samples/sec: 314.58 - lr: 0.050000
2023-01-06 22:19:26,238 epoch 29 - iter 321/1079 - loss 0.06121314 - samples/sec: 311.79 - lr: 0.050000
2023-01-06 22:19:37,219 epoch 29 - iter 428/1079 - loss 0.06113372 - samples/sec: 312.66 - lr: 0.050000
2023-01-06 22:19:48,412 epoch 29 - iter 535/1079 - loss 0.06168710 - samples/sec: 306.72 - lr: 0.050000
2023-01-06 22:19:59,449 epoch 29 - iter 642/1079 - loss 0.06136601 - samples/sec: 311.11 - lr: 0.050000
2023-01-06 22:20:10,451 epoch 29 - iter 749/1079 - loss 0.06107540 - samples/sec: 312.09 - lr: 0.050000
2023-01-06 22:20:21,391 epoch 29 - iter 856/1079 - loss 0.06099250 - samples/sec: 313.87 - lr: 0.050000
2023-01-06 22:20:32,375 epoch 29 - iter 963/1079 - loss 0.06130415 - samples/sec: 312.57 - lr: 0.050000
2023-01-06 22:20:43,313 epoch 29 - iter 1070/1079 - loss 0.06133080 - samples/sec: 313.89 - lr: 0.050000
2023-01-06 22:20:44,231 ----------------------------------------------------------------------------------------------------
2023-01-06 22:20:44,232 EPOCH 29 done: loss 0.0614 - lr 0.050000
2023-01-06 22:21:05,232 Evaluating as a multi-label problem: False
2023-01-06 22:21:05,329 DEV : loss 0.05624542757868767 - f1-score (micro avg)  0.861
2023-01-06 22:21:05,817 BAD EPOCHS (no improvement): 0
2023-01-06 22:21:05,819 saving best model
2023-01-06 22:21:07,152 ----------------------------------------------------------------------------------------------------
2023-01-06 22:21:18,114 epoch 30 - iter 107/1079 - loss 0.06156956 - samples/sec: 312.84 - lr: 0.050000
2023-01-06 22:21:29,124 epoch 30 - iter 214/1079 - loss 0.05989221 - samples/sec: 311.84 - lr: 0.050000
2023-01-06 22:21:40,456 epoch 30 - iter 321/1079 - loss 0.06070694 - samples/sec: 302.97 - lr: 0.050000
2023-01-06 22:21:51,356 epoch 30 - iter 428/1079 - loss 0.06031122 - samples/sec: 315.01 - lr: 0.050000
2023-01-06 22:22:02,101 epoch 30 - iter 535/1079 - loss 0.06041883 - samples/sec: 319.59 - lr: 0.050000
2023-01-06 22:22:13,115 epoch 30 - iter 642/1079 - loss 0.06070747 - samples/sec: 311.73 - lr: 0.050000
2023-01-06 22:22:23,996 epoch 30 - iter 749/1079 - loss 0.06056129 - samples/sec: 315.57 - lr: 0.050000
2023-01-06 22:22:34,939 epoch 30 - iter 856/1079 - loss 0.06116290 - samples/sec: 313.76 - lr: 0.050000
2023-01-06 22:22:46,117 epoch 30 - iter 963/1079 - loss 0.06131114 - samples/sec: 307.18 - lr: 0.050000
2023-01-06 22:22:56,910 epoch 30 - iter 1070/1079 - loss 0.06133136 - samples/sec: 318.16 - lr: 0.050000
2023-01-06 22:22:57,796 ----------------------------------------------------------------------------------------------------
2023-01-06 22:22:57,797 EPOCH 30 done: loss 0.0614 - lr 0.050000
2023-01-06 22:23:23,678 Evaluating as a multi-label problem: False
2023-01-06 22:23:23,772 DEV : loss 0.056238528341054916 - f1-score (micro avg)  0.8611
2023-01-06 22:23:24,248 BAD EPOCHS (no improvement): 0
2023-01-06 22:23:24,251 saving best model
2023-01-06 22:23:25,568 ----------------------------------------------------------------------------------------------------
2023-01-06 22:23:36,277 epoch 31 - iter 107/1079 - loss 0.05823671 - samples/sec: 320.66 - lr: 0.050000
2023-01-06 22:23:47,157 epoch 31 - iter 214/1079 - loss 0.05876530 - samples/sec: 315.58 - lr: 0.050000
2023-01-06 22:23:57,993 epoch 31 - iter 321/1079 - loss 0.05903632 - samples/sec: 316.84 - lr: 0.050000
2023-01-06 22:24:09,011 epoch 31 - iter 428/1079 - loss 0.05881708 - samples/sec: 311.63 - lr: 0.050000
2023-01-06 22:24:20,156 epoch 31 - iter 535/1079 - loss 0.05963475 - samples/sec: 308.07 - lr: 0.050000
2023-01-06 22:24:30,970 epoch 31 - iter 642/1079 - loss 0.06005807 - samples/sec: 317.52 - lr: 0.050000
2023-01-06 22:24:41,834 epoch 31 - iter 749/1079 - loss 0.06058825 - samples/sec: 316.09 - lr: 0.050000
2023-01-06 22:24:52,919 epoch 31 - iter 856/1079 - loss 0.06070914 - samples/sec: 309.73 - lr: 0.050000
2023-01-06 22:25:03,778 epoch 31 - iter 963/1079 - loss 0.06081134 - samples/sec: 316.22 - lr: 0.050000
2023-01-06 22:25:14,590 epoch 31 - iter 1070/1079 - loss 0.06112461 - samples/sec: 317.60 - lr: 0.050000
2023-01-06 22:25:15,518 ----------------------------------------------------------------------------------------------------
2023-01-06 22:25:15,519 EPOCH 31 done: loss 0.0611 - lr 0.050000
2023-01-06 22:25:36,509 Evaluating as a multi-label problem: False
2023-01-06 22:25:36,603 DEV : loss 0.05621250718832016 - f1-score (micro avg)  0.8581
2023-01-06 22:25:37,076 BAD EPOCHS (no improvement): 1
2023-01-06 22:25:37,079 ----------------------------------------------------------------------------------------------------
2023-01-06 22:25:48,091 epoch 32 - iter 107/1079 - loss 0.05895743 - samples/sec: 311.45 - lr: 0.050000
2023-01-06 22:25:59,230 epoch 32 - iter 214/1079 - loss 0.06032004 - samples/sec: 308.24 - lr: 0.050000
2023-01-06 22:26:10,227 epoch 32 - iter 321/1079 - loss 0.06060139 - samples/sec: 312.24 - lr: 0.050000
2023-01-06 22:26:21,409 epoch 32 - iter 428/1079 - loss 0.06101057 - samples/sec: 307.05 - lr: 0.050000
2023-01-06 22:26:32,294 epoch 32 - iter 535/1079 - loss 0.06052763 - samples/sec: 315.40 - lr: 0.050000
2023-01-06 22:26:43,342 epoch 32 - iter 642/1079 - loss 0.06054157 - samples/sec: 310.80 - lr: 0.050000
2023-01-06 22:26:54,406 epoch 32 - iter 749/1079 - loss 0.05994878 - samples/sec: 310.30 - lr: 0.050000
2023-01-06 22:27:05,275 epoch 32 - iter 856/1079 - loss 0.06001544 - samples/sec: 315.89 - lr: 0.050000
2023-01-06 22:27:16,184 epoch 32 - iter 963/1079 - loss 0.06008937 - samples/sec: 314.75 - lr: 0.050000
2023-01-06 22:27:27,182 epoch 32 - iter 1070/1079 - loss 0.06002944 - samples/sec: 312.17 - lr: 0.050000
2023-01-06 22:27:28,056 ----------------------------------------------------------------------------------------------------
2023-01-06 22:27:28,058 EPOCH 32 done: loss 0.0601 - lr 0.050000
2023-01-06 22:27:48,956 Evaluating as a multi-label problem: False
2023-01-06 22:27:49,052 DEV : loss 0.05627703294157982 - f1-score (micro avg)  0.8611
2023-01-06 22:27:49,533 BAD EPOCHS (no improvement): 0
2023-01-06 22:27:49,535 saving best model
2023-01-06 22:27:50,848 ----------------------------------------------------------------------------------------------------
2023-01-06 22:28:01,826 epoch 33 - iter 107/1079 - loss 0.05927026 - samples/sec: 312.81 - lr: 0.050000
2023-01-06 22:28:12,821 epoch 33 - iter 214/1079 - loss 0.05906560 - samples/sec: 312.28 - lr: 0.050000
2023-01-06 22:28:23,873 epoch 33 - iter 321/1079 - loss 0.05966477 - samples/sec: 310.67 - lr: 0.050000
2023-01-06 22:28:34,994 epoch 33 - iter 428/1079 - loss 0.05919061 - samples/sec: 308.71 - lr: 0.050000
2023-01-06 22:28:45,938 epoch 33 - iter 535/1079 - loss 0.05965374 - samples/sec: 313.75 - lr: 0.050000
2023-01-06 22:28:56,923 epoch 33 - iter 642/1079 - loss 0.05954050 - samples/sec: 312.69 - lr: 0.050000
2023-01-06 22:29:07,772 epoch 33 - iter 749/1079 - loss 0.05933619 - samples/sec: 316.47 - lr: 0.050000
2023-01-06 22:29:18,784 epoch 33 - iter 856/1079 - loss 0.05959641 - samples/sec: 311.80 - lr: 0.050000
2023-01-06 22:29:34,942 epoch 33 - iter 963/1079 - loss 0.05970532 - samples/sec: 212.31 - lr: 0.050000
2023-01-06 22:29:46,027 epoch 33 - iter 1070/1079 - loss 0.05933793 - samples/sec: 309.71 - lr: 0.050000
2023-01-06 22:29:46,974 ----------------------------------------------------------------------------------------------------
2023-01-06 22:29:46,976 EPOCH 33 done: loss 0.0594 - lr 0.050000
2023-01-06 22:30:07,733 Evaluating as a multi-label problem: False
2023-01-06 22:30:07,827 DEV : loss 0.056675221771001816 - f1-score (micro avg)  0.8601
2023-01-06 22:30:08,304 BAD EPOCHS (no improvement): 1
2023-01-06 22:30:08,309 ----------------------------------------------------------------------------------------------------
2023-01-06 22:30:19,196 epoch 34 - iter 107/1079 - loss 0.05702561 - samples/sec: 315.01 - lr: 0.050000
2023-01-06 22:30:30,126 epoch 34 - iter 214/1079 - loss 0.05761096 - samples/sec: 314.13 - lr: 0.050000
2023-01-06 22:30:41,213 epoch 34 - iter 321/1079 - loss 0.05851620 - samples/sec: 309.70 - lr: 0.050000
2023-01-06 22:30:52,235 epoch 34 - iter 428/1079 - loss 0.05910085 - samples/sec: 311.52 - lr: 0.050000
2023-01-06 22:31:03,164 epoch 34 - iter 535/1079 - loss 0.05946781 - samples/sec: 314.14 - lr: 0.050000
2023-01-06 22:31:14,358 epoch 34 - iter 642/1079 - loss 0.05956150 - samples/sec: 306.70 - lr: 0.050000
2023-01-06 22:31:25,373 epoch 34 - iter 749/1079 - loss 0.05965995 - samples/sec: 311.72 - lr: 0.050000
2023-01-06 22:31:36,391 epoch 34 - iter 856/1079 - loss 0.05984713 - samples/sec: 311.64 - lr: 0.050000
2023-01-06 22:31:47,426 epoch 34 - iter 963/1079 - loss 0.05966785 - samples/sec: 311.13 - lr: 0.050000
2023-01-06 22:31:58,454 epoch 34 - iter 1070/1079 - loss 0.05934279 - samples/sec: 311.37 - lr: 0.050000
2023-01-06 22:31:59,335 ----------------------------------------------------------------------------------------------------
2023-01-06 22:31:59,337 EPOCH 34 done: loss 0.0593 - lr 0.050000
2023-01-06 22:32:20,141 Evaluating as a multi-label problem: False
2023-01-06 22:32:20,237 DEV : loss 0.057398829609155655 - f1-score (micro avg)  0.8598
2023-01-06 22:32:20,717 BAD EPOCHS (no improvement): 2
2023-01-06 22:32:20,719 ----------------------------------------------------------------------------------------------------
2023-01-06 22:32:31,693 epoch 35 - iter 107/1079 - loss 0.05582621 - samples/sec: 312.50 - lr: 0.050000
2023-01-06 22:32:43,021 epoch 35 - iter 214/1079 - loss 0.05779592 - samples/sec: 303.09 - lr: 0.050000
2023-01-06 22:32:54,219 epoch 35 - iter 321/1079 - loss 0.05780867 - samples/sec: 306.64 - lr: 0.050000
2023-01-06 22:33:05,263 epoch 35 - iter 428/1079 - loss 0.05775719 - samples/sec: 310.87 - lr: 0.050000
2023-01-06 22:33:16,398 epoch 35 - iter 535/1079 - loss 0.05789983 - samples/sec: 308.33 - lr: 0.050000
2023-01-06 22:33:27,413 epoch 35 - iter 642/1079 - loss 0.05838935 - samples/sec: 311.73 - lr: 0.050000
2023-01-06 22:33:38,507 epoch 35 - iter 749/1079 - loss 0.05870053 - samples/sec: 309.48 - lr: 0.050000
2023-01-06 22:33:49,423 epoch 35 - iter 856/1079 - loss 0.05887012 - samples/sec: 314.55 - lr: 0.050000
2023-01-06 22:34:00,445 epoch 35 - iter 963/1079 - loss 0.05896644 - samples/sec: 311.52 - lr: 0.050000
2023-01-06 22:34:11,462 epoch 35 - iter 1070/1079 - loss 0.05913017 - samples/sec: 311.68 - lr: 0.050000
2023-01-06 22:34:12,359 ----------------------------------------------------------------------------------------------------
2023-01-06 22:34:12,362 EPOCH 35 done: loss 0.0591 - lr 0.050000
2023-01-06 22:34:33,289 Evaluating as a multi-label problem: False
2023-01-06 22:34:33,386 DEV : loss 0.056521978229284286 - f1-score (micro avg)  0.8619
2023-01-06 22:34:33,859 BAD EPOCHS (no improvement): 0
2023-01-06 22:34:33,861 saving best model
2023-01-06 22:34:35,168 ----------------------------------------------------------------------------------------------------
2023-01-06 22:34:46,361 epoch 36 - iter 107/1079 - loss 0.05962480 - samples/sec: 306.41 - lr: 0.050000
2023-01-06 22:34:57,285 epoch 36 - iter 214/1079 - loss 0.05898515 - samples/sec: 314.36 - lr: 0.050000
2023-01-06 22:35:08,228 epoch 36 - iter 321/1079 - loss 0.05808567 - samples/sec: 313.74 - lr: 0.050000
2023-01-06 22:35:23,962 epoch 36 - iter 428/1079 - loss 0.05796756 - samples/sec: 218.04 - lr: 0.050000
2023-01-06 22:35:34,830 epoch 36 - iter 535/1079 - loss 0.05838862 - samples/sec: 315.93 - lr: 0.050000
2023-01-06 22:35:46,020 epoch 36 - iter 642/1079 - loss 0.05848811 - samples/sec: 306.80 - lr: 0.050000
2023-01-06 22:35:56,900 epoch 36 - iter 749/1079 - loss 0.05833015 - samples/sec: 315.64 - lr: 0.050000
2023-01-06 22:36:07,846 epoch 36 - iter 856/1079 - loss 0.05832505 - samples/sec: 313.72 - lr: 0.050000
2023-01-06 22:36:18,764 epoch 36 - iter 963/1079 - loss 0.05859151 - samples/sec: 314.46 - lr: 0.050000
2023-01-06 22:36:29,793 epoch 36 - iter 1070/1079 - loss 0.05860904 - samples/sec: 311.39 - lr: 0.050000
2023-01-06 22:36:30,679 ----------------------------------------------------------------------------------------------------
2023-01-06 22:36:30,681 EPOCH 36 done: loss 0.0585 - lr 0.050000
2023-01-06 22:36:51,460 Evaluating as a multi-label problem: False
2023-01-06 22:36:51,553 DEV : loss 0.05722115933895111 - f1-score (micro avg)  0.8597
2023-01-06 22:36:52,038 BAD EPOCHS (no improvement): 1
2023-01-06 22:36:52,041 ----------------------------------------------------------------------------------------------------
2023-01-06 22:37:03,200 epoch 37 - iter 107/1079 - loss 0.05552843 - samples/sec: 307.31 - lr: 0.050000
2023-01-06 22:37:14,288 epoch 37 - iter 214/1079 - loss 0.05676358 - samples/sec: 309.63 - lr: 0.050000
2023-01-06 22:37:25,309 epoch 37 - iter 321/1079 - loss 0.05818161 - samples/sec: 311.53 - lr: 0.050000
2023-01-06 22:37:36,193 epoch 37 - iter 428/1079 - loss 0.05706143 - samples/sec: 315.44 - lr: 0.050000
2023-01-06 22:37:47,080 epoch 37 - iter 535/1079 - loss 0.05760297 - samples/sec: 315.38 - lr: 0.050000
2023-01-06 22:37:57,801 epoch 37 - iter 642/1079 - loss 0.05766476 - samples/sec: 320.32 - lr: 0.050000
2023-01-06 22:38:08,657 epoch 37 - iter 749/1079 - loss 0.05791615 - samples/sec: 316.29 - lr: 0.050000
2023-01-06 22:38:19,563 epoch 37 - iter 856/1079 - loss 0.05809385 - samples/sec: 314.83 - lr: 0.050000
2023-01-06 22:38:30,489 epoch 37 - iter 963/1079 - loss 0.05814799 - samples/sec: 314.23 - lr: 0.050000
2023-01-06 22:38:41,359 epoch 37 - iter 1070/1079 - loss 0.05819912 - samples/sec: 315.89 - lr: 0.050000
2023-01-06 22:38:42,225 ----------------------------------------------------------------------------------------------------
2023-01-06 22:38:42,227 EPOCH 37 done: loss 0.0582 - lr 0.050000
2023-01-06 22:39:03,397 Evaluating as a multi-label problem: False
2023-01-06 22:39:03,490 DEV : loss 0.0565076619386673 - f1-score (micro avg)  0.8607
2023-01-06 22:39:03,964 BAD EPOCHS (no improvement): 2
2023-01-06 22:39:03,966 ----------------------------------------------------------------------------------------------------
2023-01-06 22:39:14,841 epoch 38 - iter 107/1079 - loss 0.05547347 - samples/sec: 315.38 - lr: 0.050000
2023-01-06 22:39:25,698 epoch 38 - iter 214/1079 - loss 0.05634935 - samples/sec: 316.26 - lr: 0.050000
2023-01-06 22:39:36,726 epoch 38 - iter 321/1079 - loss 0.05620931 - samples/sec: 311.30 - lr: 0.050000
2023-01-06 22:39:47,778 epoch 38 - iter 428/1079 - loss 0.05630624 - samples/sec: 310.68 - lr: 0.050000
2023-01-06 22:39:58,879 epoch 38 - iter 535/1079 - loss 0.05649340 - samples/sec: 309.38 - lr: 0.050000
2023-01-06 22:40:09,894 epoch 38 - iter 642/1079 - loss 0.05676511 - samples/sec: 311.72 - lr: 0.050000
2023-01-06 22:40:20,749 epoch 38 - iter 749/1079 - loss 0.05714607 - samples/sec: 316.31 - lr: 0.050000
2023-01-06 22:40:31,621 epoch 38 - iter 856/1079 - loss 0.05765601 - samples/sec: 315.80 - lr: 0.050000
2023-01-06 22:40:42,594 epoch 38 - iter 963/1079 - loss 0.05788178 - samples/sec: 312.95 - lr: 0.050000
2023-01-06 22:40:53,710 epoch 38 - iter 1070/1079 - loss 0.05794868 - samples/sec: 308.87 - lr: 0.050000
2023-01-06 22:40:54,586 ----------------------------------------------------------------------------------------------------
2023-01-06 22:40:54,588 EPOCH 38 done: loss 0.0580 - lr 0.050000
2023-01-06 22:41:20,500 Evaluating as a multi-label problem: False
2023-01-06 22:41:20,594 DEV : loss 0.05620478838682175 - f1-score (micro avg)  0.8601
2023-01-06 22:41:21,068 BAD EPOCHS (no improvement): 3
2023-01-06 22:41:21,071 ----------------------------------------------------------------------------------------------------
2023-01-06 22:41:31,925 epoch 39 - iter 107/1079 - loss 0.05611232 - samples/sec: 316.03 - lr: 0.050000
2023-01-06 22:41:42,895 epoch 39 - iter 214/1079 - loss 0.05715426 - samples/sec: 312.98 - lr: 0.050000
2023-01-06 22:41:54,059 epoch 39 - iter 321/1079 - loss 0.05706316 - samples/sec: 307.63 - lr: 0.050000
2023-01-06 22:42:05,114 epoch 39 - iter 428/1079 - loss 0.05761217 - samples/sec: 310.58 - lr: 0.050000
2023-01-06 22:42:16,134 epoch 39 - iter 535/1079 - loss 0.05732920 - samples/sec: 311.58 - lr: 0.050000
2023-01-06 22:42:27,238 epoch 39 - iter 642/1079 - loss 0.05726965 - samples/sec: 309.27 - lr: 0.050000
2023-01-06 22:42:38,113 epoch 39 - iter 749/1079 - loss 0.05736283 - samples/sec: 315.75 - lr: 0.050000
2023-01-06 22:42:48,982 epoch 39 - iter 856/1079 - loss 0.05758771 - samples/sec: 315.91 - lr: 0.050000
2023-01-06 22:43:00,091 epoch 39 - iter 963/1079 - loss 0.05756402 - samples/sec: 309.05 - lr: 0.050000
2023-01-06 22:43:10,888 epoch 39 - iter 1070/1079 - loss 0.05760222 - samples/sec: 318.04 - lr: 0.050000
2023-01-06 22:43:11,780 ----------------------------------------------------------------------------------------------------
2023-01-06 22:43:11,781 EPOCH 39 done: loss 0.0577 - lr 0.050000
2023-01-06 22:43:32,755 Evaluating as a multi-label problem: False
2023-01-06 22:43:32,849 DEV : loss 0.05623583495616913 - f1-score (micro avg)  0.8633
2023-01-06 22:43:33,326 BAD EPOCHS (no improvement): 0
2023-01-06 22:43:33,328 saving best model
2023-01-06 22:43:34,621 ----------------------------------------------------------------------------------------------------
2023-01-06 22:43:45,456 epoch 40 - iter 107/1079 - loss 0.05695129 - samples/sec: 316.91 - lr: 0.050000
2023-01-06 22:43:56,336 epoch 40 - iter 214/1079 - loss 0.05676219 - samples/sec: 315.58 - lr: 0.050000
2023-01-06 22:44:07,229 epoch 40 - iter 321/1079 - loss 0.05706706 - samples/sec: 315.22 - lr: 0.050000
2023-01-06 22:44:18,207 epoch 40 - iter 428/1079 - loss 0.05676336 - samples/sec: 312.76 - lr: 0.050000
2023-01-06 22:44:29,447 epoch 40 - iter 535/1079 - loss 0.05643649 - samples/sec: 305.43 - lr: 0.050000
2023-01-06 22:44:40,421 epoch 40 - iter 642/1079 - loss 0.05630102 - samples/sec: 312.87 - lr: 0.050000
2023-01-06 22:44:51,333 epoch 40 - iter 749/1079 - loss 0.05623945 - samples/sec: 314.67 - lr: 0.050000
2023-01-06 22:45:02,431 epoch 40 - iter 856/1079 - loss 0.05659763 - samples/sec: 309.36 - lr: 0.050000
2023-01-06 22:45:13,499 epoch 40 - iter 963/1079 - loss 0.05665323 - samples/sec: 310.22 - lr: 0.050000
2023-01-06 22:45:24,320 epoch 40 - iter 1070/1079 - loss 0.05698153 - samples/sec: 317.32 - lr: 0.050000
2023-01-06 22:45:25,242 ----------------------------------------------------------------------------------------------------
2023-01-06 22:45:25,243 EPOCH 40 done: loss 0.0570 - lr 0.050000
2023-01-06 22:45:46,253 Evaluating as a multi-label problem: False
2023-01-06 22:45:46,345 DEV : loss 0.05683181807398796 - f1-score (micro avg)  0.8606
2023-01-06 22:45:46,824 BAD EPOCHS (no improvement): 1
2023-01-06 22:45:47,826 ----------------------------------------------------------------------------------------------------
2023-01-06 22:45:47,828 loading file ner_03_results/best-model.pt
2023-01-06 22:45:48,824 SequenceTagger predicts: Dictionary with 35 tags: O, S-geo, B-geo, E-geo, I-geo, S-tim, B-tim, E-tim, I-tim, S-org, B-org, E-org, I-org, S-per, B-per, E-per, I-per, S-gpe, B-gpe, E-gpe, I-gpe, S-art, B-art, E-art, I-art, S-eve, B-eve, E-eve, I-eve, S-nat, B-nat, E-nat, I-nat, <START>, <STOP>
2023-01-06 22:46:04,661 Evaluating as a multi-label problem: False
2023-01-06 22:46:04,739 0.852	0.8494	0.8507	0.7839
2023-01-06 22:46:04,741 
Results:
- F-score (micro) 0.8507
- F-score (macro) 0.6619
- Accuracy 0.7839

By class:
              precision    recall  f1-score   support

         geo     0.8539    0.9128    0.8824      2959
         tim     0.8958    0.8702    0.8828      1610
         org     0.7749    0.6999    0.7355      1613
         per     0.7961    0.8215    0.8086      1378
         gpe     0.9554    0.9328    0.9440      1264
         eve     0.4500    0.2812    0.3462        32
         nat     0.8182    0.3333    0.4737        27
         art     0.5000    0.1429    0.2222        21

   micro avg     0.8520    0.8494    0.8507      8904
   macro avg     0.7555    0.6243    0.6619      8904
weighted avg     0.8502    0.8494    0.8484      8904

2023-01-06 22:46:04,742 ----------------------------------------------------------------------------------------------------
